[2019-10-26 12:16:51] production.ERROR: Illuminate\Contracts\Filesystem\FileNotFoundException: File does not exist at path D:\xampp\htdocs\law5_2factor/storage/app/public\upload/4SdCwVMNPzHC2EszZ29qz7IsiuzaGVZdPbU6XIHO.png in D:\xampp\htdocs\law5_2factor\vendor\illuminate\filesystem\Filesystem.php:41
Stack trace:
#0 D:\xampp\htdocs\law5_2factor\vendor\illuminate\support\Facades\Facade.php(237): Illuminate\Filesystem\Filesystem->get('D:\\xampp\\htdocs...')
#1 D:\xampp\htdocs\law5_2factor\app\Http\Controllers\AttachmentsController.php(30): Illuminate\Support\Facades\Facade::__callStatic('get', Array)
#2 [internal function]: App\Http\Controllers\AttachmentsController->download(Object(Laravel\Lumen\Http\Request))
#3 D:\xampp\htdocs\law5_2factor\vendor\illuminate\container\BoundMethod.php(32): call_user_func_array(Array, Array)
#4 D:\xampp\htdocs\law5_2factor\vendor\illuminate\container\BoundMethod.php(90): Illuminate\Container\BoundMethod::Illuminate\Container\{closure}()
#5 D:\xampp\htdocs\law5_2factor\vendor\illuminate\container\BoundMethod.php(34): Illuminate\Container\BoundMethod::callBoundMethod(Object(Laravel\Lumen\Application), Array, Object(Closure))
#6 D:\xampp\htdocs\law5_2factor\vendor\illuminate\container\Container.php(580): Illuminate\Container\BoundMethod::call(Object(Laravel\Lumen\Application), Array, Array, NULL)
#7 D:\xampp\htdocs\law5_2factor\vendor\laravel\lumen-framework\src\Concerns\RoutesRequests.php(376): Illuminate\Container\Container->call(Array, Array)
#8 D:\xampp\htdocs\law5_2factor\vendor\laravel\lumen-framework\src\Concerns\RoutesRequests.php(342): Laravel\Lumen\Application->callControllerCallable(Array, Array)
#9 D:\xampp\htdocs\law5_2factor\vendor\laravel\lumen-framework\src\Concerns\RoutesRequests.php(316): Laravel\Lumen\Application->callLumenController(Object(App\Http\Controllers\AttachmentsController), 'download', Array)
#10 D:\xampp\htdocs\law5_2factor\vendor\laravel\lumen-framework\src\Concerns\RoutesRequests.php(278): Laravel\Lumen\Application->callControllerAction(Array)
#11 D:\xampp\htdocs\law5_2factor\vendor\laravel\lumen-framework\src\Concerns\RoutesRequests.php(258): Laravel\Lumen\Application->callActionOnArrayBasedRoute(Array)
#12 [internal function]: Laravel\Lumen\Application->Laravel\Lumen\Concerns\{closure}(Object(Laravel\Lumen\Http\Request))
#13 D:\xampp\htdocs\law5_2factor\vendor\laravel\lumen-framework\src\Routing\Pipeline.php(52): call_user_func(Object(Closure), Object(Laravel\Lumen\Http\Request))
#14 D:\xampp\htdocs\law5_2factor\app\Http\Middleware\Authenticate.php(76): Laravel\Lumen\Routing\Pipeline->Laravel\Lumen\Routing\{closure}(Object(Laravel\Lumen\Http\Request))
#15 D:\xampp\htdocs\law5_2factor\vendor\illuminate\pipeline\Pipeline.php(163): App\Http\Middleware\Authenticate->handle(Object(Laravel\Lumen\Http\Request), Object(Closure))
#16 [internal function]: Illuminate\Pipeline\Pipeline->Illuminate\Pipeline\{closure}(Object(Laravel\Lumen\Http\Request))
#17 D:\xampp\htdocs\law5_2factor\vendor\laravel\lumen-framework\src\Routing\Pipeline.php(32): call_user_func(Object(Closure), Object(Laravel\Lumen\Http\Request))
#18 D:\xampp\htdocs\law5_2factor\vendor\illuminate\pipeline\Pipeline.php(104): Laravel\Lumen\Routing\Pipeline->Laravel\Lumen\Routing\{closure}(Object(Laravel\Lumen\Http\Request))
#19 D:\xampp\htdocs\law5_2factor\vendor\laravel\lumen-framework\src\Concerns\RoutesRequests.php(413): Illuminate\Pipeline\Pipeline->then(Object(Closure))
#20 D:\xampp\htdocs\law5_2factor\vendor\laravel\lumen-framework\src\Concerns\RoutesRequests.php(259): Laravel\Lumen\Application->sendThroughPipeline(Array, Object(Closure))
#21 D:\xampp\htdocs\law5_2factor\vendor\laravel\lumen-framework\src\Concerns\RoutesRequests.php(165): Laravel\Lumen\Application->handleFoundRoute(Array)
#22 [internal function]: Laravel\Lumen\Application->Laravel\Lumen\Concerns\{closure}(Object(Laravel\Lumen\Http\Request))
#23 D:\xampp\htdocs\law5_2factor\vendor\laravel\lumen-framework\src\Routing\Pipeline.php(52): call_user_func(Object(Closure), Object(Laravel\Lumen\Http\Request))
#24 D:\xampp\htdocs\law5_2factor\app\Http\Middleware\SetLocaleMiddleware.php(35): Laravel\Lumen\Routing\Pipeline->Laravel\Lumen\Routing\{closure}(Object(Laravel\Lumen\Http\Request))
#25 D:\xampp\htdocs\law5_2factor\vendor\illuminate\pipeline\Pipeline.php(163): App\Http\Middleware\SetLocaleMiddleware->handle(Object(Laravel\Lumen\Http\Request), Object(Closure))
#26 [internal function]: Illuminate\Pipeline\Pipeline->Illuminate\Pipeline\{closure}(Object(Laravel\Lumen\Http\Request))
#27 D:\xampp\htdocs\law5_2factor\vendor\laravel\lumen-framework\src\Routing\Pipeline.php(32): call_user_func(Object(Closure), Object(Laravel\Lumen\Http\Request))
#28 D:\xampp\htdocs\law5_2factor\app\Http\Middleware\CORSMiddleware.php(34): Laravel\Lumen\Routing\Pipeline->Laravel\Lumen\Routing\{closure}(Object(Laravel\Lumen\Http\Request))
#29 D:\xampp\htdocs\law5_2factor\vendor\illuminate\pipeline\Pipeline.php(163): App\Http\Middleware\CORSMiddleware->handle(Object(Laravel\Lumen\Http\Request), Object(Closure))
#30 [internal function]: Illuminate\Pipeline\Pipeline->Illuminate\Pipeline\{closure}(Object(Laravel\Lumen\Http\Request))
#31 D:\xampp\htdocs\law5_2factor\vendor\laravel\lumen-framework\src\Routing\Pipeline.php(32): call_user_func(Object(Closure), Object(Laravel\Lumen\Http\Request))
#32 D:\xampp\htdocs\law5_2factor\app\Http\Middleware\ValidateJsonFormatMiddleware.php(28): Laravel\Lumen\Routing\Pipeline->Laravel\Lumen\Routing\{closure}(Object(Laravel\Lumen\Http\Request))
#33 D:\xampp\htdocs\law5_2factor\vendor\illuminate\pipeline\Pipeline.php(163): App\Http\Middleware\ValidateJsonFormatMiddleware->handle(Object(Laravel\Lumen\Http\Request), Object(Closure))
#34 [internal function]: Illuminate\Pipeline\Pipeline->Illuminate\Pipeline\{closure}(Object(Laravel\Lumen\Http\Request))
#35 D:\xampp\htdocs\law5_2factor\vendor\laravel\lumen-framework\src\Routing\Pipeline.php(32): call_user_func(Object(Closure), Object(Laravel\Lumen\Http\Request))
#36 D:\xampp\htdocs\law5_2factor\vendor\illuminate\pipeline\Pipeline.php(104): Laravel\Lumen\Routing\Pipeline->Laravel\Lumen\Routing\{closure}(Object(Laravel\Lumen\Http\Request))
#37 D:\xampp\htdocs\law5_2factor\vendor\laravel\lumen-framework\src\Concerns\RoutesRequests.php(413): Illuminate\Pipeline\Pipeline->then(Object(Closure))
#38 D:\xampp\htdocs\law5_2factor\vendor\laravel\lumen-framework\src\Concerns\RoutesRequests.php(171): Laravel\Lumen\Application->sendThroughPipeline(Array, Object(Closure))
#39 D:\xampp\htdocs\law5_2factor\vendor\laravel\lumen-framework\src\Concerns\RoutesRequests.php(108): Laravel\Lumen\Application->dispatch(NULL)
#40 D:\xampp\htdocs\law5_2factor\index.php(28): Laravel\Lumen\Application->run()
#41 {main} {"exception":"[object] (Illuminate\\Contracts\\Filesystem\\FileNotFoundException(code: 0): File does not exist at path D:\\xampp\\htdocs\\law5_2factor/storage/app/public\\upload/4SdCwVMNPzHC2EszZ29qz7IsiuzaGVZdPbU6XIHO.png at D:\\xampp\\htdocs\\law5_2factor\\vendor\\illuminate\\filesystem\\Filesystem.php:41)
[stacktrace]
#0 D:\\xampp\\htdocs\\law5_2factor\\vendor\\illuminate\\support\\Facades\\Facade.php(237): Illuminate\\Filesystem\\Filesystem->get('D:\\\\xampp\\\\htdocs...')
#1 D:\\xampp\\htdocs\\law5_2factor\\app\\Http\\Controllers\\AttachmentsController.php(30): Illuminate\\Support\\Facades\\Facade::__callStatic('get', Array)
#2 [internal function]: App\\Http\\Controllers\\AttachmentsController->download(Object(Laravel\\Lumen\\Http\\Request))
#3 D:\\xampp\\htdocs\\law5_2factor\\vendor\\illuminate\\container\\BoundMethod.php(32): call_user_func_array(Array, Array)
#4 D:\\xampp\\htdocs\\law5_2factor\\vendor\\illuminate\\container\\BoundMethod.php(90): Illuminate\\Container\\BoundMethod::Illuminate\\Container\\{closure}()
#5 D:\\xampp\\htdocs\\law5_2factor\\vendor\\illuminate\\container\\BoundMethod.php(34): Illuminate\\Container\\BoundMethod::callBoundMethod(Object(Laravel\\Lumen\\Application), Array, Object(Closure))
#6 D:\\xampp\\htdocs\\law5_2factor\\vendor\\illuminate\\container\\Container.php(580): Illuminate\\Container\\BoundMethod::call(Object(Laravel\\Lumen\\Application), Array, Array, NULL)
#7 D:\\xampp\\htdocs\\law5_2factor\\vendor\\laravel\\lumen-framework\\src\\Concerns\\RoutesRequests.php(376): Illuminate\\Container\\Container->call(Array, Array)
#8 D:\\xampp\\htdocs\\law5_2factor\\vendor\\laravel\\lumen-framework\\src\\Concerns\\RoutesRequests.php(342): Laravel\\Lumen\\Application->callControllerCallable(Array, Array)
#9 D:\\xampp\\htdocs\\law5_2factor\\vendor\\laravel\\lumen-framework\\src\\Concerns\\RoutesRequests.php(316): Laravel\\Lumen\\Application->callLumenController(Object(App\\Http\\Controllers\\AttachmentsController), 'download', Array)
#10 D:\\xampp\\htdocs\\law5_2factor\\vendor\\laravel\\lumen-framework\\src\\Concerns\\RoutesRequests.php(278): Laravel\\Lumen\\Application->callControllerAction(Array)
#11 D:\\xampp\\htdocs\\law5_2factor\\vendor\\laravel\\lumen-framework\\src\\Concerns\\RoutesRequests.php(258): Laravel\\Lumen\\Application->callActionOnArrayBasedRoute(Array)
#12 [internal function]: Laravel\\Lumen\\Application->Laravel\\Lumen\\Concerns\\{closure}(Object(Laravel\\Lumen\\Http\\Request))
#13 D:\\xampp\\htdocs\\law5_2factor\\vendor\\laravel\\lumen-framework\\src\\Routing\\Pipeline.php(52): call_user_func(Object(Closure), Object(Laravel\\Lumen\\Http\\Request))
#14 D:\\xampp\\htdocs\\law5_2factor\\app\\Http\\Middleware\\Authenticate.php(76): Laravel\\Lumen\\Routing\\Pipeline->Laravel\\Lumen\\Routing\\{closure}(Object(Laravel\\Lumen\\Http\\Request))
#15 D:\\xampp\\htdocs\\law5_2factor\\vendor\\illuminate\\pipeline\\Pipeline.php(163): App\\Http\\Middleware\\Authenticate->handle(Object(Laravel\\Lumen\\Http\\Request), Object(Closure))
#16 [internal function]: Illuminate\\Pipeline\\Pipeline->Illuminate\\Pipeline\\{closure}(Object(Laravel\\Lumen\\Http\\Request))
#17 D:\\xampp\\htdocs\\law5_2factor\\vendor\\laravel\\lumen-framework\\src\\Routing\\Pipeline.php(32): call_user_func(Object(Closure), Object(Laravel\\Lumen\\Http\\Request))
#18 D:\\xampp\\htdocs\\law5_2factor\\vendor\\illuminate\\pipeline\\Pipeline.php(104): Laravel\\Lumen\\Routing\\Pipeline->Laravel\\Lumen\\Routing\\{closure}(Object(Laravel\\Lumen\\Http\\Request))
#19 D:\\xampp\\htdocs\\law5_2factor\\vendor\\laravel\\lumen-framework\\src\\Concerns\\RoutesRequests.php(413): Illuminate\\Pipeline\\Pipeline->then(Object(Closure))
#20 D:\\xampp\\htdocs\\law5_2factor\\vendor\\laravel\\lumen-framework\\src\\Concerns\\RoutesRequests.php(259): Laravel\\Lumen\\Application->sendThroughPipeline(Array, Object(Closure))
#21 D:\\xampp\\htdocs\\law5_2factor\\vendor\\laravel\\lumen-framework\\src\\Concerns\\RoutesRequests.php(165): Laravel\\Lumen\\Application->handleFoundRoute(Array)
#22 [internal function]: Laravel\\Lumen\\Application->Laravel\\Lumen\\Concerns\\{closure}(Object(Laravel\\Lumen\\Http\\Request))
#23 D:\\xampp\\htdocs\\law5_2factor\\vendor\\laravel\\lumen-framework\\src\\Routing\\Pipeline.php(52): call_user_func(Object(Closure), Object(Laravel\\Lumen\\Http\\Request))
#24 D:\\xampp\\htdocs\\law5_2factor\\app\\Http\\Middleware\\SetLocaleMiddleware.php(35): Laravel\\Lumen\\Routing\\Pipeline->Laravel\\Lumen\\Routing\\{closure}(Object(Laravel\\Lumen\\Http\\Request))
#25 D:\\xampp\\htdocs\\law5_2factor\\vendor\\illuminate\\pipeline\\Pipeline.php(163): App\\Http\\Middleware\\SetLocaleMiddleware->handle(Object(Laravel\\Lumen\\Http\\Request), Object(Closure))
#26 [internal function]: Illuminate\\Pipeline\\Pipeline->Illuminate\\Pipeline\\{closure}(Object(Laravel\\Lumen\\Http\\Request))
#27 D:\\xampp\\htdocs\\law5_2factor\\vendor\\laravel\\lumen-framework\\src\\Routing\\Pipeline.php(32): call_user_func(Object(Closure), Object(Laravel\\Lumen\\Http\\Request))
#28 D:\\xampp\\htdocs\\law5_2factor\\app\\Http\\Middleware\\CORSMiddleware.php(34): Laravel\\Lumen\\Routing\\Pipeline->Laravel\\Lumen\\Routing\\{closure}(Object(Laravel\\Lumen\\Http\\Request))
#29 D:\\xampp\\htdocs\\law5_2factor\\vendor\\illuminate\\pipeline\\Pipeline.php(163): App\\Http\\Middleware\\CORSMiddleware->handle(Object(Laravel\\Lumen\\Http\\Request), Object(Closure))
#30 [internal function]: Illuminate\\Pipeline\\Pipeline->Illuminate\\Pipeline\\{closure}(Object(Laravel\\Lumen\\Http\\Request))
#31 D:\\xampp\\htdocs\\law5_2factor\\vendor\\laravel\\lumen-framework\\src\\Routing\\Pipeline.php(32): call_user_func(Object(Closure), Object(Laravel\\Lumen\\Http\\Request))
#32 D:\\xampp\\htdocs\\law5_2factor\\app\\Http\\Middleware\\ValidateJsonFormatMiddleware.php(28): Laravel\\Lumen\\Routing\\Pipeline->Laravel\\Lumen\\Routing\\{closure}(Object(Laravel\\Lumen\\Http\\Request))
#33 D:\\xampp\\htdocs\\law5_2factor\\vendor\\illuminate\\pipeline\\Pipeline.php(163): App\\Http\\Middleware\\ValidateJsonFormatMiddleware->handle(Object(Laravel\\Lumen\\Http\\Request), Object(Closure))
#34 [internal function]: Illuminate\\Pipeline\\Pipeline->Illuminate\\Pipeline\\{closure}(Object(Laravel\\Lumen\\Http\\Request))
#35 D:\\xampp\\htdocs\\law5_2factor\\vendor\\laravel\\lumen-framework\\src\\Routing\\Pipeline.php(32): call_user_func(Object(Closure), Object(Laravel\\Lumen\\Http\\Request))
#36 D:\\xampp\\htdocs\\law5_2factor\\vendor\\illuminate\\pipeline\\Pipeline.php(104): Laravel\\Lumen\\Routing\\Pipeline->Laravel\\Lumen\\Routing\\{closure}(Object(Laravel\\Lumen\\Http\\Request))
#37 D:\\xampp\\htdocs\\law5_2factor\\vendor\\laravel\\lumen-framework\\src\\Concerns\\RoutesRequests.php(413): Illuminate\\Pipeline\\Pipeline->then(Object(Closure))
#38 D:\\xampp\\htdocs\\law5_2factor\\vendor\\laravel\\lumen-framework\\src\\Concerns\\RoutesRequests.php(171): Laravel\\Lumen\\Application->sendThroughPipeline(Array, Object(Closure))
#39 D:\\xampp\\htdocs\\law5_2factor\\vendor\\laravel\\lumen-framework\\src\\Concerns\\RoutesRequests.php(108): Laravel\\Lumen\\Application->dispatch(NULL)
#40 D:\\xampp\\htdocs\\law5_2factor\\index.php(28): Laravel\\Lumen\\Application->run()
#41 {main}
"} 
[2019-10-26 12:16:52] production.ERROR: Illuminate\Contracts\Filesystem\FileNotFoundException: File does not exist at path D:\xampp\htdocs\law5_2factor/storage/app/public\upload/4SdCwVMNPzHC2EszZ29qz7IsiuzaGVZdPbU6XIHO.png in D:\xampp\htdocs\law5_2factor\vendor\illuminate\filesystem\Filesystem.php:41
Stack trace:
#0 D:\xampp\htdocs\law5_2factor\vendor\illuminate\support\Facades\Facade.php(237): Illuminate\Filesystem\Filesystem->get('D:\\xampp\\htdocs...')
#1 D:\xampp\htdocs\law5_2factor\app\Http\Controllers\AttachmentsController.php(30): Illuminate\Support\Facades\Facade::__callStatic('get', Array)
#2 [internal function]: App\Http\Controllers\AttachmentsController->download(Object(Laravel\Lumen\Http\Request))
#3 D:\xampp\htdocs\law5_2factor\vendor\illuminate\container\BoundMethod.php(32): call_user_func_array(Array, Array)
#4 D:\xampp\htdocs\law5_2factor\vendor\illuminate\container\BoundMethod.php(90): Illuminate\Container\BoundMethod::Illuminate\Container\{closure}()
#5 D:\xampp\htdocs\law5_2factor\vendor\illuminate\container\BoundMethod.php(34): Illuminate\Container\BoundMethod::callBoundMethod(Object(Laravel\Lumen\Application), Array, Object(Closure))
#6 D:\xampp\htdocs\law5_2factor\vendor\illuminate\container\Container.php(580): Illuminate\Container\BoundMethod::call(Object(Laravel\Lumen\Application), Array, Array, NULL)
#7 D:\xampp\htdocs\law5_2factor\vendor\laravel\lumen-framework\src\Concerns\RoutesRequests.php(376): Illuminate\Container\Container->call(Array, Array)
#8 D:\xampp\htdocs\law5_2factor\vendor\laravel\lumen-framework\src\Concerns\RoutesRequests.php(342): Laravel\Lumen\Application->callControllerCallable(Array, Array)
#9 D:\xampp\htdocs\law5_2factor\vendor\laravel\lumen-framework\src\Concerns\RoutesRequests.php(316): Laravel\Lumen\Application->callLumenController(Object(App\Http\Controllers\AttachmentsController), 'download', Array)
#10 D:\xampp\htdocs\law5_2factor\vendor\laravel\lumen-framework\src\Concerns\RoutesRequests.php(278): Laravel\Lumen\Application->callControllerAction(Array)
#11 D:\xampp\htdocs\law5_2factor\vendor\laravel\lumen-framework\src\Concerns\RoutesRequests.php(258): Laravel\Lumen\Application->callActionOnArrayBasedRoute(Array)
#12 [internal function]: Laravel\Lumen\Application->Laravel\Lumen\Concerns\{closure}(Object(Laravel\Lumen\Http\Request))
#13 D:\xampp\htdocs\law5_2factor\vendor\laravel\lumen-framework\src\Routing\Pipeline.php(52): call_user_func(Object(Closure), Object(Laravel\Lumen\Http\Request))
#14 D:\xampp\htdocs\law5_2factor\app\Http\Middleware\Authenticate.php(76): Laravel\Lumen\Routing\Pipeline->Laravel\Lumen\Routing\{closure}(Object(Laravel\Lumen\Http\Request))
#15 D:\xampp\htdocs\law5_2factor\vendor\illuminate\pipeline\Pipeline.php(163): App\Http\Middleware\Authenticate->handle(Object(Laravel\Lumen\Http\Request), Object(Closure))
#16 [internal function]: Illuminate\Pipeline\Pipeline->Illuminate\Pipeline\{closure}(Object(Laravel\Lumen\Http\Request))
#17 D:\xampp\htdocs\law5_2factor\vendor\laravel\lumen-framework\src\Routing\Pipeline.php(32): call_user_func(Object(Closure), Object(Laravel\Lumen\Http\Request))
#18 D:\xampp\htdocs\law5_2factor\vendor\illuminate\pipeline\Pipeline.php(104): Laravel\Lumen\Routing\Pipeline->Laravel\Lumen\Routing\{closure}(Object(Laravel\Lumen\Http\Request))
#19 D:\xampp\htdocs\law5_2factor\vendor\laravel\lumen-framework\src\Concerns\RoutesRequests.php(413): Illuminate\Pipeline\Pipeline->then(Object(Closure))
#20 D:\xampp\htdocs\law5_2factor\vendor\laravel\lumen-framework\src\Concerns\RoutesRequests.php(259): Laravel\Lumen\Application->sendThroughPipeline(Array, Object(Closure))
#21 D:\xampp\htdocs\law5_2factor\vendor\laravel\lumen-framework\src\Concerns\RoutesRequests.php(165): Laravel\Lumen\Application->handleFoundRoute(Array)
#22 [internal function]: Laravel\Lumen\Application->Laravel\Lumen\Concerns\{closure}(Object(Laravel\Lumen\Http\Request))
#23 D:\xampp\htdocs\law5_2factor\vendor\laravel\lumen-framework\src\Routing\Pipeline.php(52): call_user_func(Object(Closure), Object(Laravel\Lumen\Http\Request))
#24 D:\xampp\htdocs\law5_2factor\app\Http\Middleware\SetLocaleMiddleware.php(35): Laravel\Lumen\Routing\Pipeline->Laravel\Lumen\Routing\{closure}(Object(Laravel\Lumen\Http\Request))
#25 D:\xampp\htdocs\law5_2factor\vendor\illuminate\pipeline\Pipeline.php(163): App\Http\Middleware\SetLocaleMiddleware->handle(Object(Laravel\Lumen\Http\Request), Object(Closure))
#26 [internal function]: Illuminate\Pipeline\Pipeline->Illuminate\Pipeline\{closure}(Object(Laravel\Lumen\Http\Request))
#27 D:\xampp\htdocs\law5_2factor\vendor\laravel\lumen-framework\src\Routing\Pipeline.php(32): call_user_func(Object(Closure), Object(Laravel\Lumen\Http\Request))
#28 D:\xampp\htdocs\law5_2factor\app\Http\Middleware\CORSMiddleware.php(34): Laravel\Lumen\Routing\Pipeline->Laravel\Lumen\Routing\{closure}(Object(Laravel\Lumen\Http\Request))
#29 D:\xampp\htdocs\law5_2factor\vendor\illuminate\pipeline\Pipeline.php(163): App\Http\Middleware\CORSMiddleware->handle(Object(Laravel\Lumen\Http\Request), Object(Closure))
#30 [internal function]: Illuminate\Pipeline\Pipeline->Illuminate\Pipeline\{closure}(Object(Laravel\Lumen\Http\Request))
#31 D:\xampp\htdocs\law5_2factor\vendor\laravel\lumen-framework\src\Routing\Pipeline.php(32): call_user_func(Object(Closure), Object(Laravel\Lumen\Http\Request))
#32 D:\xampp\htdocs\law5_2factor\app\Http\Middleware\ValidateJsonFormatMiddleware.php(28): Laravel\Lumen\Routing\Pipeline->Laravel\Lumen\Routing\{closure}(Object(Laravel\Lumen\Http\Request))
#33 D:\xampp\htdocs\law5_2factor\vendor\illuminate\pipeline\Pipeline.php(163): App\Http\Middleware\ValidateJsonFormatMiddleware->handle(Object(Laravel\Lumen\Http\Request), Object(Closure))
#34 [internal function]: Illuminate\Pipeline\Pipeline->Illuminate\Pipeline\{closure}(Object(Laravel\Lumen\Http\Request))
#35 D:\xampp\htdocs\law5_2factor\vendor\laravel\lumen-framework\src\Routing\Pipeline.php(32): call_user_func(Object(Closure), Object(Laravel\Lumen\Http\Request))
#36 D:\xampp\htdocs\law5_2factor\vendor\illuminate\pipeline\Pipeline.php(104): Laravel\Lumen\Routing\Pipeline->Laravel\Lumen\Routing\{closure}(Object(Laravel\Lumen\Http\Request))
#37 D:\xampp\htdocs\law5_2factor\vendor\laravel\lumen-framework\src\Concerns\RoutesRequests.php(413): Illuminate\Pipeline\Pipeline->then(Object(Closure))
#38 D:\xampp\htdocs\law5_2factor\vendor\laravel\lumen-framework\src\Concerns\RoutesRequests.php(171): Laravel\Lumen\Application->sendThroughPipeline(Array, Object(Closure))
#39 D:\xampp\htdocs\law5_2factor\vendor\laravel\lumen-framework\src\Concerns\RoutesRequests.php(108): Laravel\Lumen\Application->dispatch(NULL)
#40 D:\xampp\htdocs\law5_2factor\index.php(28): Laravel\Lumen\Application->run()
#41 {main} {"exception":"[object] (Illuminate\\Contracts\\Filesystem\\FileNotFoundException(code: 0): File does not exist at path D:\\xampp\\htdocs\\law5_2factor/storage/app/public\\upload/4SdCwVMNPzHC2EszZ29qz7IsiuzaGVZdPbU6XIHO.png at D:\\xampp\\htdocs\\law5_2factor\\vendor\\illuminate\\filesystem\\Filesystem.php:41)
[stacktrace]
#0 D:\\xampp\\htdocs\\law5_2factor\\vendor\\illuminate\\support\\Facades\\Facade.php(237): Illuminate\\Filesystem\\Filesystem->get('D:\\\\xampp\\\\htdocs...')
#1 D:\\xampp\\htdocs\\law5_2factor\\app\\Http\\Controllers\\AttachmentsController.php(30): Illuminate\\Support\\Facades\\Facade::__callStatic('get', Array)
#2 [internal function]: App\\Http\\Controllers\\AttachmentsController->download(Object(Laravel\\Lumen\\Http\\Request))
#3 D:\\xampp\\htdocs\\law5_2factor\\vendor\\illuminate\\container\\BoundMethod.php(32): call_user_func_array(Array, Array)
#4 D:\\xampp\\htdocs\\law5_2factor\\vendor\\illuminate\\container\\BoundMethod.php(90): Illuminate\\Container\\BoundMethod::Illuminate\\Container\\{closure}()
#5 D:\\xampp\\htdocs\\law5_2factor\\vendor\\illuminate\\container\\BoundMethod.php(34): Illuminate\\Container\\BoundMethod::callBoundMethod(Object(Laravel\\Lumen\\Application), Array, Object(Closure))
#6 D:\\xampp\\htdocs\\law5_2factor\\vendor\\illuminate\\container\\Container.php(580): Illuminate\\Container\\BoundMethod::call(Object(Laravel\\Lumen\\Application), Array, Array, NULL)
#7 D:\\xampp\\htdocs\\law5_2factor\\vendor\\laravel\\lumen-framework\\src\\Concerns\\RoutesRequests.php(376): Illuminate\\Container\\Container->call(Array, Array)
#8 D:\\xampp\\htdocs\\law5_2factor\\vendor\\laravel\\lumen-framework\\src\\Concerns\\RoutesRequests.php(342): Laravel\\Lumen\\Application->callControllerCallable(Array, Array)
#9 D:\\xampp\\htdocs\\law5_2factor\\vendor\\laravel\\lumen-framework\\src\\Concerns\\RoutesRequests.php(316): Laravel\\Lumen\\Application->callLumenController(Object(App\\Http\\Controllers\\AttachmentsController), 'download', Array)
#10 D:\\xampp\\htdocs\\law5_2factor\\vendor\\laravel\\lumen-framework\\src\\Concerns\\RoutesRequests.php(278): Laravel\\Lumen\\Application->callControllerAction(Array)
#11 D:\\xampp\\htdocs\\law5_2factor\\vendor\\laravel\\lumen-framework\\src\\Concerns\\RoutesRequests.php(258): Laravel\\Lumen\\Application->callActionOnArrayBasedRoute(Array)
#12 [internal function]: Laravel\\Lumen\\Application->Laravel\\Lumen\\Concerns\\{closure}(Object(Laravel\\Lumen\\Http\\Request))
#13 D:\\xampp\\htdocs\\law5_2factor\\vendor\\laravel\\lumen-framework\\src\\Routing\\Pipeline.php(52): call_user_func(Object(Closure), Object(Laravel\\Lumen\\Http\\Request))
#14 D:\\xampp\\htdocs\\law5_2factor\\app\\Http\\Middleware\\Authenticate.php(76): Laravel\\Lumen\\Routing\\Pipeline->Laravel\\Lumen\\Routing\\{closure}(Object(Laravel\\Lumen\\Http\\Request))
#15 D:\\xampp\\htdocs\\law5_2factor\\vendor\\illuminate\\pipeline\\Pipeline.php(163): App\\Http\\Middleware\\Authenticate->handle(Object(Laravel\\Lumen\\Http\\Request), Object(Closure))
#16 [internal function]: Illuminate\\Pipeline\\Pipeline->Illuminate\\Pipeline\\{closure}(Object(Laravel\\Lumen\\Http\\Request))
#17 D:\\xampp\\htdocs\\law5_2factor\\vendor\\laravel\\lumen-framework\\src\\Routing\\Pipeline.php(32): call_user_func(Object(Closure), Object(Laravel\\Lumen\\Http\\Request))
#18 D:\\xampp\\htdocs\\law5_2factor\\vendor\\illuminate\\pipeline\\Pipeline.php(104): Laravel\\Lumen\\Routing\\Pipeline->Laravel\\Lumen\\Routing\\{closure}(Object(Laravel\\Lumen\\Http\\Request))
#19 D:\\xampp\\htdocs\\law5_2factor\\vendor\\laravel\\lumen-framework\\src\\Concerns\\RoutesRequests.php(413): Illuminate\\Pipeline\\Pipeline->then(Object(Closure))
#20 D:\\xampp\\htdocs\\law5_2factor\\vendor\\laravel\\lumen-framework\\src\\Concerns\\RoutesRequests.php(259): Laravel\\Lumen\\Application->sendThroughPipeline(Array, Object(Closure))
#21 D:\\xampp\\htdocs\\law5_2factor\\vendor\\laravel\\lumen-framework\\src\\Concerns\\RoutesRequests.php(165): Laravel\\Lumen\\Application->handleFoundRoute(Array)
#22 [internal function]: Laravel\\Lumen\\Application->Laravel\\Lumen\\Concerns\\{closure}(Object(Laravel\\Lumen\\Http\\Request))
#23 D:\\xampp\\htdocs\\law5_2factor\\vendor\\laravel\\lumen-framework\\src\\Routing\\Pipeline.php(52): call_user_func(Object(Closure), Object(Laravel\\Lumen\\Http\\Request))
#24 D:\\xampp\\htdocs\\law5_2factor\\app\\Http\\Middleware\\SetLocaleMiddleware.php(35): Laravel\\Lumen\\Routing\\Pipeline->Laravel\\Lumen\\Routing\\{closure}(Object(Laravel\\Lumen\\Http\\Request))
#25 D:\\xampp\\htdocs\\law5_2factor\\vendor\\illuminate\\pipeline\\Pipeline.php(163): App\\Http\\Middleware\\SetLocaleMiddleware->handle(Object(Laravel\\Lumen\\Http\\Request), Object(Closure))
#26 [internal function]: Illuminate\\Pipeline\\Pipeline->Illuminate\\Pipeline\\{closure}(Object(Laravel\\Lumen\\Http\\Request))
#27 D:\\xampp\\htdocs\\law5_2factor\\vendor\\laravel\\lumen-framework\\src\\Routing\\Pipeline.php(32): call_user_func(Object(Closure), Object(Laravel\\Lumen\\Http\\Request))
#28 D:\\xampp\\htdocs\\law5_2factor\\app\\Http\\Middleware\\CORSMiddleware.php(34): Laravel\\Lumen\\Routing\\Pipeline->Laravel\\Lumen\\Routing\\{closure}(Object(Laravel\\Lumen\\Http\\Request))
#29 D:\\xampp\\htdocs\\law5_2factor\\vendor\\illuminate\\pipeline\\Pipeline.php(163): App\\Http\\Middleware\\CORSMiddleware->handle(Object(Laravel\\Lumen\\Http\\Request), Object(Closure))
#30 [internal function]: Illuminate\\Pipeline\\Pipeline->Illuminate\\Pipeline\\{closure}(Object(Laravel\\Lumen\\Http\\Request))
#31 D:\\xampp\\htdocs\\law5_2factor\\vendor\\laravel\\lumen-framework\\src\\Routing\\Pipeline.php(32): call_user_func(Object(Closure), Object(Laravel\\Lumen\\Http\\Request))
#32 D:\\xampp\\htdocs\\law5_2factor\\app\\Http\\Middleware\\ValidateJsonFormatMiddleware.php(28): Laravel\\Lumen\\Routing\\Pipeline->Laravel\\Lumen\\Routing\\{closure}(Object(Laravel\\Lumen\\Http\\Request))
#33 D:\\xampp\\htdocs\\law5_2factor\\vendor\\illuminate\\pipeline\\Pipeline.php(163): App\\Http\\Middleware\\ValidateJsonFormatMiddleware->handle(Object(Laravel\\Lumen\\Http\\Request), Object(Closure))
#34 [internal function]: Illuminate\\Pipeline\\Pipeline->Illuminate\\Pipeline\\{closure}(Object(Laravel\\Lumen\\Http\\Request))
#35 D:\\xampp\\htdocs\\law5_2factor\\vendor\\laravel\\lumen-framework\\src\\Routing\\Pipeline.php(32): call_user_func(Object(Closure), Object(Laravel\\Lumen\\Http\\Request))
#36 D:\\xampp\\htdocs\\law5_2factor\\vendor\\illuminate\\pipeline\\Pipeline.php(104): Laravel\\Lumen\\Routing\\Pipeline->Laravel\\Lumen\\Routing\\{closure}(Object(Laravel\\Lumen\\Http\\Request))
#37 D:\\xampp\\htdocs\\law5_2factor\\vendor\\laravel\\lumen-framework\\src\\Concerns\\RoutesRequests.php(413): Illuminate\\Pipeline\\Pipeline->then(Object(Closure))
#38 D:\\xampp\\htdocs\\law5_2factor\\vendor\\laravel\\lumen-framework\\src\\Concerns\\RoutesRequests.php(171): Laravel\\Lumen\\Application->sendThroughPipeline(Array, Object(Closure))
#39 D:\\xampp\\htdocs\\law5_2factor\\vendor\\laravel\\lumen-framework\\src\\Concerns\\RoutesRequests.php(108): Laravel\\Lumen\\Application->dispatch(NULL)
#40 D:\\xampp\\htdocs\\law5_2factor\\index.php(28): Laravel\\Lumen\\Application->run()
#41 {main}
"} 
