[2019-10-25 15:45:57] production.ERROR: Symfony\Component\Console\Exception\NamespaceNotFoundException: There are no commands defined in the "stroage" namespace.

Did you mean this?
    storage in D:\xampp\htdocs\law5\vendor\symfony\console\Application.php:585
Stack trace:
#0 D:\xampp\htdocs\law5\vendor\symfony\console\Application.php(625): Symfony\Component\Console\Application->findNamespace('stroage')
#1 D:\xampp\htdocs\law5\vendor\symfony\console\Application.php(233): Symfony\Component\Console\Application->find('stroage:link')
#2 D:\xampp\htdocs\law5\vendor\symfony\console\Application.php(145): Symfony\Component\Console\Application->doRun(Object(Symfony\Component\Console\Input\ArgvInput), Object(Symfony\Component\Console\Output\ConsoleOutput))
#3 D:\xampp\htdocs\law5\vendor\illuminate\console\Application.php(90): Symfony\Component\Console\Application->run(Object(Symfony\Component\Console\Input\ArgvInput), Object(Symfony\Component\Console\Output\ConsoleOutput))
#4 D:\xampp\htdocs\law5\vendor\laravel\lumen-framework\src\Console\Kernel.php(115): Illuminate\Console\Application->run(Object(Symfony\Component\Console\Input\ArgvInput), Object(Symfony\Component\Console\Output\ConsoleOutput))
#5 D:\xampp\htdocs\law5\artisan(35): Laravel\Lumen\Console\Kernel->handle(Object(Symfony\Component\Console\Input\ArgvInput), Object(Symfony\Component\Console\Output\ConsoleOutput))
#6 {main} {"exception":"[object] (Symfony\\Component\\Console\\Exception\\NamespaceNotFoundException(code: 0): There are no commands defined in the \"stroage\" namespace.

Did you mean this?
    storage at D:\\xampp\\htdocs\\law5\\vendor\\symfony\\console\\Application.php:585)
[stacktrace]
#0 D:\\xampp\\htdocs\\law5\\vendor\\symfony\\console\\Application.php(625): Symfony\\Component\\Console\\Application->findNamespace('stroage')
#1 D:\\xampp\\htdocs\\law5\\vendor\\symfony\\console\\Application.php(233): Symfony\\Component\\Console\\Application->find('stroage:link')
#2 D:\\xampp\\htdocs\\law5\\vendor\\symfony\\console\\Application.php(145): Symfony\\Component\\Console\\Application->doRun(Object(Symfony\\Component\\Console\\Input\\ArgvInput), Object(Symfony\\Component\\Console\\Output\\ConsoleOutput))
#3 D:\\xampp\\htdocs\\law5\\vendor\\illuminate\\console\\Application.php(90): Symfony\\Component\\Console\\Application->run(Object(Symfony\\Component\\Console\\Input\\ArgvInput), Object(Symfony\\Component\\Console\\Output\\ConsoleOutput))
#4 D:\\xampp\\htdocs\\law5\\vendor\\laravel\\lumen-framework\\src\\Console\\Kernel.php(115): Illuminate\\Console\\Application->run(Object(Symfony\\Component\\Console\\Input\\ArgvInput), Object(Symfony\\Component\\Console\\Output\\ConsoleOutput))
#5 D:\\xampp\\htdocs\\law5\\artisan(35): Laravel\\Lumen\\Console\\Kernel->handle(Object(Symfony\\Component\\Console\\Input\\ArgvInput), Object(Symfony\\Component\\Console\\Output\\ConsoleOutput))
#6 {main}
"} 
