[2019-11-08 09:27:57] local.ERROR: Symfony\Component\Console\Exception\NamespaceNotFoundException: There are no commands defined in the "config" namespace. in /var/www/html/vendor/symfony/console/Application.php:585
Stack trace:
#0 /var/www/html/vendor/symfony/console/Application.php(625): Symfony\Component\Console\Application->findNamespace('config')
#1 /var/www/html/vendor/symfony/console/Application.php(233): Symfony\Component\Console\Application->find('config:cache')
#2 /var/www/html/vendor/symfony/console/Application.php(145): Symfony\Component\Console\Application->doRun(Object(Symfony\Component\Console\Input\ArgvInput), Object(Symfony\Component\Console\Output\ConsoleOutput))
#3 /var/www/html/vendor/illuminate/console/Application.php(90): Symfony\Component\Console\Application->run(Object(Symfony\Component\Console\Input\ArgvInput), Object(Symfony\Component\Console\Output\ConsoleOutput))
#4 /var/www/html/vendor/laravel/lumen-framework/src/Console/Kernel.php(115): Illuminate\Console\Application->run(Object(Symfony\Component\Console\Input\ArgvInput), Object(Symfony\Component\Console\Output\ConsoleOutput))
#5 /var/www/html/artisan(35): Laravel\Lumen\Console\Kernel->handle(Object(Symfony\Component\Console\Input\ArgvInput), Object(Symfony\Component\Console\Output\ConsoleOutput))
#6 {main} {"exception":"[object] (Symfony\\Component\\Console\\Exception\\NamespaceNotFoundException(code: 0): There are no commands defined in the \"config\" namespace. at /var/www/html/vendor/symfony/console/Application.php:585)
[stacktrace]
#0 /var/www/html/vendor/symfony/console/Application.php(625): Symfony\\Component\\Console\\Application->findNamespace('config')
#1 /var/www/html/vendor/symfony/console/Application.php(233): Symfony\\Component\\Console\\Application->find('config:cache')
#2 /var/www/html/vendor/symfony/console/Application.php(145): Symfony\\Component\\Console\\Application->doRun(Object(Symfony\\Component\\Console\\Input\\ArgvInput), Object(Symfony\\Component\\Console\\Output\\ConsoleOutput))
#3 /var/www/html/vendor/illuminate/console/Application.php(90): Symfony\\Component\\Console\\Application->run(Object(Symfony\\Component\\Console\\Input\\ArgvInput), Object(Symfony\\Component\\Console\\Output\\ConsoleOutput))
#4 /var/www/html/vendor/laravel/lumen-framework/src/Console/Kernel.php(115): Illuminate\\Console\\Application->run(Object(Symfony\\Component\\Console\\Input\\ArgvInput), Object(Symfony\\Component\\Console\\Output\\ConsoleOutput))
#5 /var/www/html/artisan(35): Laravel\\Lumen\\Console\\Kernel->handle(Object(Symfony\\Component\\Console\\Input\\ArgvInput), Object(Symfony\\Component\\Console\\Output\\ConsoleOutput))
#6 {main}
"} 
[2019-11-08 09:28:17] local.ERROR: Symfony\Component\Console\Exception\NamespaceNotFoundException: There are no commands defined in the "config" namespace. in /var/www/html/vendor/symfony/console/Application.php:585
Stack trace:
#0 /var/www/html/vendor/symfony/console/Application.php(625): Symfony\Component\Console\Application->findNamespace('config')
#1 /var/www/html/vendor/symfony/console/Application.php(233): Symfony\Component\Console\Application->find('config:cache')
#2 /var/www/html/vendor/symfony/console/Application.php(145): Symfony\Component\Console\Application->doRun(Object(Symfony\Component\Console\Input\ArgvInput), Object(Symfony\Component\Console\Output\ConsoleOutput))
#3 /var/www/html/vendor/illuminate/console/Application.php(90): Symfony\Component\Console\Application->run(Object(Symfony\Component\Console\Input\ArgvInput), Object(Symfony\Component\Console\Output\ConsoleOutput))
#4 /var/www/html/vendor/laravel/lumen-framework/src/Console/Kernel.php(115): Illuminate\Console\Application->run(Object(Symfony\Component\Console\Input\ArgvInput), Object(Symfony\Component\Console\Output\ConsoleOutput))
#5 /var/www/html/artisan(35): Laravel\Lumen\Console\Kernel->handle(Object(Symfony\Component\Console\Input\ArgvInput), Object(Symfony\Component\Console\Output\ConsoleOutput))
#6 {main} {"exception":"[object] (Symfony\\Component\\Console\\Exception\\NamespaceNotFoundException(code: 0): There are no commands defined in the \"config\" namespace. at /var/www/html/vendor/symfony/console/Application.php:585)
[stacktrace]
#0 /var/www/html/vendor/symfony/console/Application.php(625): Symfony\\Component\\Console\\Application->findNamespace('config')
#1 /var/www/html/vendor/symfony/console/Application.php(233): Symfony\\Component\\Console\\Application->find('config:cache')
#2 /var/www/html/vendor/symfony/console/Application.php(145): Symfony\\Component\\Console\\Application->doRun(Object(Symfony\\Component\\Console\\Input\\ArgvInput), Object(Symfony\\Component\\Console\\Output\\ConsoleOutput))
#3 /var/www/html/vendor/illuminate/console/Application.php(90): Symfony\\Component\\Console\\Application->run(Object(Symfony\\Component\\Console\\Input\\ArgvInput), Object(Symfony\\Component\\Console\\Output\\ConsoleOutput))
#4 /var/www/html/vendor/laravel/lumen-framework/src/Console/Kernel.php(115): Illuminate\\Console\\Application->run(Object(Symfony\\Component\\Console\\Input\\ArgvInput), Object(Symfony\\Component\\Console\\Output\\ConsoleOutput))
#5 /var/www/html/artisan(35): Laravel\\Lumen\\Console\\Kernel->handle(Object(Symfony\\Component\\Console\\Input\\ArgvInput), Object(Symfony\\Component\\Console\\Output\\ConsoleOutput))
#6 {main}
"} 
