[2019-11-09 03:35:25] local.ERROR: Symfony\Component\HttpFoundation\Exception\SuspiciousOperationException: Invalid method override "__CONSTRUCT". in /var/www/html/vendor/symfony/http-foundation/Request.php:1244
Stack trace:
#0 /var/www/html/vendor/laravel/lumen-framework/src/Concerns/RoutesRequests.php(191): Symfony\Component\HttpFoundation\Request->getMethod()
#1 /var/www/html/vendor/laravel/lumen-framework/src/Concerns/RoutesRequests.php(156): Laravel\Lumen\Application->parseIncomingRequest(Object(Laravel\Lumen\Http\Request))
#2 /var/www/html/vendor/laravel/lumen-framework/src/Concerns/RoutesRequests.php(108): Laravel\Lumen\Application->dispatch(NULL)
#3 /var/www/html/public/index.php(28): Laravel\Lumen\Application->run()
#4 {main} {"exception":"[object] (Symfony\\Component\\HttpFoundation\\Exception\\SuspiciousOperationException(code: 0): Invalid method override \"__CONSTRUCT\". at /var/www/html/vendor/symfony/http-foundation/Request.php:1244)
[stacktrace]
#0 /var/www/html/vendor/laravel/lumen-framework/src/Concerns/RoutesRequests.php(191): Symfony\\Component\\HttpFoundation\\Request->getMethod()
#1 /var/www/html/vendor/laravel/lumen-framework/src/Concerns/RoutesRequests.php(156): Laravel\\Lumen\\Application->parseIncomingRequest(Object(Laravel\\Lumen\\Http\\Request))
#2 /var/www/html/vendor/laravel/lumen-framework/src/Concerns/RoutesRequests.php(108): Laravel\\Lumen\\Application->dispatch(NULL)
#3 /var/www/html/public/index.php(28): Laravel\\Lumen\\Application->run()
#4 {main}
"} 
[2019-11-09 06:46:25] local.ERROR: Symfony\Component\HttpFoundation\Exception\SuspiciousOperationException: Invalid method override "__CONSTRUCT". in /var/www/html/vendor/symfony/http-foundation/Request.php:1244
Stack trace:
#0 /var/www/html/vendor/laravel/lumen-framework/src/Concerns/RoutesRequests.php(191): Symfony\Component\HttpFoundation\Request->getMethod()
#1 /var/www/html/vendor/laravel/lumen-framework/src/Concerns/RoutesRequests.php(156): Laravel\Lumen\Application->parseIncomingRequest(Object(Laravel\Lumen\Http\Request))
#2 /var/www/html/vendor/laravel/lumen-framework/src/Concerns/RoutesRequests.php(108): Laravel\Lumen\Application->dispatch(NULL)
#3 /var/www/html/public/index.php(28): Laravel\Lumen\Application->run()
#4 {main} {"exception":"[object] (Symfony\\Component\\HttpFoundation\\Exception\\SuspiciousOperationException(code: 0): Invalid method override \"__CONSTRUCT\". at /var/www/html/vendor/symfony/http-foundation/Request.php:1244)
[stacktrace]
#0 /var/www/html/vendor/laravel/lumen-framework/src/Concerns/RoutesRequests.php(191): Symfony\\Component\\HttpFoundation\\Request->getMethod()
#1 /var/www/html/vendor/laravel/lumen-framework/src/Concerns/RoutesRequests.php(156): Laravel\\Lumen\\Application->parseIncomingRequest(Object(Laravel\\Lumen\\Http\\Request))
#2 /var/www/html/vendor/laravel/lumen-framework/src/Concerns/RoutesRequests.php(108): Laravel\\Lumen\\Application->dispatch(NULL)
#3 /var/www/html/public/index.php(28): Laravel\\Lumen\\Application->run()
#4 {main}
"} 
[2019-11-09 16:48:13] local.ERROR: InvalidArgumentException: View [user.login.twoFactorAuth] not found. in /var/www/html/vendor/illuminate/view/FileViewFinder.php:137
Stack trace:
#0 /var/www/html/vendor/illuminate/view/FileViewFinder.php(79): Illuminate\View\FileViewFinder->findInPaths('user.login.twoF...', Array)
#1 /var/www/html/vendor/illuminate/view/Factory.php(130): Illuminate\View\FileViewFinder->find('user.login.twoF...')
#2 /var/www/html/vendor/illuminate/mail/Mailer.php(353): Illuminate\View\Factory->make('user.login.twoF...', Array)
#3 /var/www/html/vendor/illuminate/mail/Mailer.php(326): Illuminate\Mail\Mailer->renderView('user.login.twoF...', Array)
#4 /var/www/html/vendor/illuminate/mail/Mailer.php(244): Illuminate\Mail\Mailer->addContent(Object(Illuminate\Mail\Message), 'user.login.twoF...', NULL, NULL, Array)
#5 /var/www/html/vendor/illuminate/mail/Mailable.php(159): Illuminate\Mail\Mailer->send('user.login.twoF...', Array, Object(Closure))
#6 /var/www/html/vendor/illuminate/support/Traits/Localizable.php(19): Illuminate\Mail\Mailable->Illuminate\Mail\{closure}()
#7 /var/www/html/vendor/illuminate/mail/Mailable.php(160): Illuminate\Mail\Mailable->withLocale(NULL, Object(Closure))
#8 /var/www/html/vendor/illuminate/mail/Mailer.php(275): Illuminate\Mail\Mailable->send(Object(Illuminate\Mail\Mailer))
#9 /var/www/html/vendor/illuminate/mail/Mailer.php(229): Illuminate\Mail\Mailer->sendMailable(Object(App\Mail\TwoFactorAuth))
#10 /var/www/html/vendor/illuminate/mail/PendingMail.php(127): Illuminate\Mail\Mailer->send(Object(App\Mail\TwoFactorAuth))
#11 /var/www/html/app/Http/Controllers/UsersController.php(223): Illuminate\Mail\PendingMail->send(Object(App\Mail\TwoFactorAuth))
#12 /var/www/html/app/Http/Controllers/UsersController.php(85): App\Http\Controllers\UsersController->TwoFactorAuth(Object(App\Model\User), NULL)
#13 [internal function]: App\Http\Controllers\UsersController->login(Object(Laravel\Lumen\Http\Request))
#14 /var/www/html/vendor/illuminate/container/BoundMethod.php(32): call_user_func_array(Array, Array)
#15 /var/www/html/vendor/illuminate/container/BoundMethod.php(90): Illuminate\Container\BoundMethod::Illuminate\Container\{closure}()
#16 /var/www/html/vendor/illuminate/container/BoundMethod.php(34): Illuminate\Container\BoundMethod::callBoundMethod(Object(Laravel\Lumen\Application), Array, Object(Closure))
#17 /var/www/html/vendor/illuminate/container/Container.php(580): Illuminate\Container\BoundMethod::call(Object(Laravel\Lumen\Application), Array, Array, NULL)
#18 /var/www/html/vendor/laravel/lumen-framework/src/Concerns/RoutesRequests.php(376): Illuminate\Container\Container->call(Array, Array)
#19 /var/www/html/vendor/laravel/lumen-framework/src/Concerns/RoutesRequests.php(342): Laravel\Lumen\Application->callControllerCallable(Array, Array)
#20 /var/www/html/vendor/laravel/lumen-framework/src/Concerns/RoutesRequests.php(316): Laravel\Lumen\Application->callLumenController(Object(App\Http\Controllers\UsersController), 'login', Array)
#21 /var/www/html/vendor/laravel/lumen-framework/src/Concerns/RoutesRequests.php(278): Laravel\Lumen\Application->callControllerAction(Array)
#22 /var/www/html/vendor/laravel/lumen-framework/src/Concerns/RoutesRequests.php(263): Laravel\Lumen\Application->callActionOnArrayBasedRoute(Array)
#23 /var/www/html/vendor/laravel/lumen-framework/src/Concerns/RoutesRequests.php(165): Laravel\Lumen\Application->handleFoundRoute(Array)
#24 [internal function]: Laravel\Lumen\Application->Laravel\Lumen\Concerns\{closure}(Object(Laravel\Lumen\Http\Request))
#25 /var/www/html/vendor/laravel/lumen-framework/src/Routing/Pipeline.php(52): call_user_func(Object(Closure), Object(Laravel\Lumen\Http\Request))
#26 /var/www/html/app/Http/Middleware/SetLocaleMiddleware.php(35): Laravel\Lumen\Routing\Pipeline->Laravel\Lumen\Routing\{closure}(Object(Laravel\Lumen\Http\Request))
#27 /var/www/html/vendor/illuminate/pipeline/Pipeline.php(163): App\Http\Middleware\SetLocaleMiddleware->handle(Object(Laravel\Lumen\Http\Request), Object(Closure))
#28 [internal function]: Illuminate\Pipeline\Pipeline->Illuminate\Pipeline\{closure}(Object(Laravel\Lumen\Http\Request))
#29 /var/www/html/vendor/laravel/lumen-framework/src/Routing/Pipeline.php(32): call_user_func(Object(Closure), Object(Laravel\Lumen\Http\Request))
#30 /var/www/html/app/Http/Middleware/CORSMiddleware.php(34): Laravel\Lumen\Routing\Pipeline->Laravel\Lumen\Routing\{closure}(Object(Laravel\Lumen\Http\Request))
#31 /var/www/html/vendor/illuminate/pipeline/Pipeline.php(163): App\Http\Middleware\CORSMiddleware->handle(Object(Laravel\Lumen\Http\Request), Object(Closure))
#32 [internal function]: Illuminate\Pipeline\Pipeline->Illuminate\Pipeline\{closure}(Object(Laravel\Lumen\Http\Request))
#33 /var/www/html/vendor/laravel/lumen-framework/src/Routing/Pipeline.php(32): call_user_func(Object(Closure), Object(Laravel\Lumen\Http\Request))
#34 /var/www/html/app/Http/Middleware/ValidateJsonFormatMiddleware.php(28): Laravel\Lumen\Routing\Pipeline->Laravel\Lumen\Routing\{closure}(Object(Laravel\Lumen\Http\Request))
#35 /var/www/html/vendor/illuminate/pipeline/Pipeline.php(163): App\Http\Middleware\ValidateJsonFormatMiddleware->handle(Object(Laravel\Lumen\Http\Request), Object(Closure))
#36 [internal function]: Illuminate\Pipeline\Pipeline->Illuminate\Pipeline\{closure}(Object(Laravel\Lumen\Http\Request))
#37 /var/www/html/vendor/laravel/lumen-framework/src/Routing/Pipeline.php(32): call_user_func(Object(Closure), Object(Laravel\Lumen\Http\Request))
#38 /var/www/html/vendor/illuminate/pipeline/Pipeline.php(104): Laravel\Lumen\Routing\Pipeline->Laravel\Lumen\Routing\{closure}(Object(Laravel\Lumen\Http\Request))
#39 /var/www/html/vendor/laravel/lumen-framework/src/Concerns/RoutesRequests.php(413): Illuminate\Pipeline\Pipeline->then(Object(Closure))
#40 /var/www/html/vendor/laravel/lumen-framework/src/Concerns/RoutesRequests.php(171): Laravel\Lumen\Application->sendThroughPipeline(Array, Object(Closure))
#41 /var/www/html/vendor/laravel/lumen-framework/src/Concerns/RoutesRequests.php(108): Laravel\Lumen\Application->dispatch(NULL)
#42 /var/www/html/public/index.php(28): Laravel\Lumen\Application->run()
#43 {main} {"exception":"[object] (InvalidArgumentException(code: 0): View [user.login.twoFactorAuth] not found. at /var/www/html/vendor/illuminate/view/FileViewFinder.php:137)
[stacktrace]
#0 /var/www/html/vendor/illuminate/view/FileViewFinder.php(79): Illuminate\\View\\FileViewFinder->findInPaths('user.login.twoF...', Array)
#1 /var/www/html/vendor/illuminate/view/Factory.php(130): Illuminate\\View\\FileViewFinder->find('user.login.twoF...')
#2 /var/www/html/vendor/illuminate/mail/Mailer.php(353): Illuminate\\View\\Factory->make('user.login.twoF...', Array)
#3 /var/www/html/vendor/illuminate/mail/Mailer.php(326): Illuminate\\Mail\\Mailer->renderView('user.login.twoF...', Array)
#4 /var/www/html/vendor/illuminate/mail/Mailer.php(244): Illuminate\\Mail\\Mailer->addContent(Object(Illuminate\\Mail\\Message), 'user.login.twoF...', NULL, NULL, Array)
#5 /var/www/html/vendor/illuminate/mail/Mailable.php(159): Illuminate\\Mail\\Mailer->send('user.login.twoF...', Array, Object(Closure))
#6 /var/www/html/vendor/illuminate/support/Traits/Localizable.php(19): Illuminate\\Mail\\Mailable->Illuminate\\Mail\\{closure}()
#7 /var/www/html/vendor/illuminate/mail/Mailable.php(160): Illuminate\\Mail\\Mailable->withLocale(NULL, Object(Closure))
#8 /var/www/html/vendor/illuminate/mail/Mailer.php(275): Illuminate\\Mail\\Mailable->send(Object(Illuminate\\Mail\\Mailer))
#9 /var/www/html/vendor/illuminate/mail/Mailer.php(229): Illuminate\\Mail\\Mailer->sendMailable(Object(App\\Mail\\TwoFactorAuth))
#10 /var/www/html/vendor/illuminate/mail/PendingMail.php(127): Illuminate\\Mail\\Mailer->send(Object(App\\Mail\\TwoFactorAuth))
#11 /var/www/html/app/Http/Controllers/UsersController.php(223): Illuminate\\Mail\\PendingMail->send(Object(App\\Mail\\TwoFactorAuth))
#12 /var/www/html/app/Http/Controllers/UsersController.php(85): App\\Http\\Controllers\\UsersController->TwoFactorAuth(Object(App\\Model\\User), NULL)
#13 [internal function]: App\\Http\\Controllers\\UsersController->login(Object(Laravel\\Lumen\\Http\\Request))
#14 /var/www/html/vendor/illuminate/container/BoundMethod.php(32): call_user_func_array(Array, Array)
#15 /var/www/html/vendor/illuminate/container/BoundMethod.php(90): Illuminate\\Container\\BoundMethod::Illuminate\\Container\\{closure}()
#16 /var/www/html/vendor/illuminate/container/BoundMethod.php(34): Illuminate\\Container\\BoundMethod::callBoundMethod(Object(Laravel\\Lumen\\Application), Array, Object(Closure))
#17 /var/www/html/vendor/illuminate/container/Container.php(580): Illuminate\\Container\\BoundMethod::call(Object(Laravel\\Lumen\\Application), Array, Array, NULL)
#18 /var/www/html/vendor/laravel/lumen-framework/src/Concerns/RoutesRequests.php(376): Illuminate\\Container\\Container->call(Array, Array)
#19 /var/www/html/vendor/laravel/lumen-framework/src/Concerns/RoutesRequests.php(342): Laravel\\Lumen\\Application->callControllerCallable(Array, Array)
#20 /var/www/html/vendor/laravel/lumen-framework/src/Concerns/RoutesRequests.php(316): Laravel\\Lumen\\Application->callLumenController(Object(App\\Http\\Controllers\\UsersController), 'login', Array)
#21 /var/www/html/vendor/laravel/lumen-framework/src/Concerns/RoutesRequests.php(278): Laravel\\Lumen\\Application->callControllerAction(Array)
#22 /var/www/html/vendor/laravel/lumen-framework/src/Concerns/RoutesRequests.php(263): Laravel\\Lumen\\Application->callActionOnArrayBasedRoute(Array)
#23 /var/www/html/vendor/laravel/lumen-framework/src/Concerns/RoutesRequests.php(165): Laravel\\Lumen\\Application->handleFoundRoute(Array)
#24 [internal function]: Laravel\\Lumen\\Application->Laravel\\Lumen\\Concerns\\{closure}(Object(Laravel\\Lumen\\Http\\Request))
#25 /var/www/html/vendor/laravel/lumen-framework/src/Routing/Pipeline.php(52): call_user_func(Object(Closure), Object(Laravel\\Lumen\\Http\\Request))
#26 /var/www/html/app/Http/Middleware/SetLocaleMiddleware.php(35): Laravel\\Lumen\\Routing\\Pipeline->Laravel\\Lumen\\Routing\\{closure}(Object(Laravel\\Lumen\\Http\\Request))
#27 /var/www/html/vendor/illuminate/pipeline/Pipeline.php(163): App\\Http\\Middleware\\SetLocaleMiddleware->handle(Object(Laravel\\Lumen\\Http\\Request), Object(Closure))
#28 [internal function]: Illuminate\\Pipeline\\Pipeline->Illuminate\\Pipeline\\{closure}(Object(Laravel\\Lumen\\Http\\Request))
#29 /var/www/html/vendor/laravel/lumen-framework/src/Routing/Pipeline.php(32): call_user_func(Object(Closure), Object(Laravel\\Lumen\\Http\\Request))
#30 /var/www/html/app/Http/Middleware/CORSMiddleware.php(34): Laravel\\Lumen\\Routing\\Pipeline->Laravel\\Lumen\\Routing\\{closure}(Object(Laravel\\Lumen\\Http\\Request))
#31 /var/www/html/vendor/illuminate/pipeline/Pipeline.php(163): App\\Http\\Middleware\\CORSMiddleware->handle(Object(Laravel\\Lumen\\Http\\Request), Object(Closure))
#32 [internal function]: Illuminate\\Pipeline\\Pipeline->Illuminate\\Pipeline\\{closure}(Object(Laravel\\Lumen\\Http\\Request))
#33 /var/www/html/vendor/laravel/lumen-framework/src/Routing/Pipeline.php(32): call_user_func(Object(Closure), Object(Laravel\\Lumen\\Http\\Request))
#34 /var/www/html/app/Http/Middleware/ValidateJsonFormatMiddleware.php(28): Laravel\\Lumen\\Routing\\Pipeline->Laravel\\Lumen\\Routing\\{closure}(Object(Laravel\\Lumen\\Http\\Request))
#35 /var/www/html/vendor/illuminate/pipeline/Pipeline.php(163): App\\Http\\Middleware\\ValidateJsonFormatMiddleware->handle(Object(Laravel\\Lumen\\Http\\Request), Object(Closure))
#36 [internal function]: Illuminate\\Pipeline\\Pipeline->Illuminate\\Pipeline\\{closure}(Object(Laravel\\Lumen\\Http\\Request))
#37 /var/www/html/vendor/laravel/lumen-framework/src/Routing/Pipeline.php(32): call_user_func(Object(Closure), Object(Laravel\\Lumen\\Http\\Request))
#38 /var/www/html/vendor/illuminate/pipeline/Pipeline.php(104): Laravel\\Lumen\\Routing\\Pipeline->Laravel\\Lumen\\Routing\\{closure}(Object(Laravel\\Lumen\\Http\\Request))
#39 /var/www/html/vendor/laravel/lumen-framework/src/Concerns/RoutesRequests.php(413): Illuminate\\Pipeline\\Pipeline->then(Object(Closure))
#40 /var/www/html/vendor/laravel/lumen-framework/src/Concerns/RoutesRequests.php(171): Laravel\\Lumen\\Application->sendThroughPipeline(Array, Object(Closure))
#41 /var/www/html/vendor/laravel/lumen-framework/src/Concerns/RoutesRequests.php(108): Laravel\\Lumen\\Application->dispatch(NULL)
#42 /var/www/html/public/index.php(28): Laravel\\Lumen\\Application->run()
#43 {main}
"} 
[2019-11-09 16:53:29] local.ERROR: InvalidArgumentException: View [user.login.twoFactorAuth] not found. in /var/www/html/vendor/illuminate/view/FileViewFinder.php:137
Stack trace:
#0 /var/www/html/vendor/illuminate/view/FileViewFinder.php(79): Illuminate\View\FileViewFinder->findInPaths('user.login.twoF...', Array)
#1 /var/www/html/vendor/illuminate/view/Factory.php(130): Illuminate\View\FileViewFinder->find('user.login.twoF...')
#2 /var/www/html/vendor/illuminate/mail/Mailer.php(353): Illuminate\View\Factory->make('user.login.twoF...', Array)
#3 /var/www/html/vendor/illuminate/mail/Mailer.php(326): Illuminate\Mail\Mailer->renderView('user.login.twoF...', Array)
#4 /var/www/html/vendor/illuminate/mail/Mailer.php(244): Illuminate\Mail\Mailer->addContent(Object(Illuminate\Mail\Message), 'user.login.twoF...', NULL, NULL, Array)
#5 /var/www/html/vendor/illuminate/mail/Mailable.php(159): Illuminate\Mail\Mailer->send('user.login.twoF...', Array, Object(Closure))
#6 /var/www/html/vendor/illuminate/support/Traits/Localizable.php(19): Illuminate\Mail\Mailable->Illuminate\Mail\{closure}()
#7 /var/www/html/vendor/illuminate/mail/Mailable.php(160): Illuminate\Mail\Mailable->withLocale(NULL, Object(Closure))
#8 /var/www/html/vendor/illuminate/mail/Mailer.php(275): Illuminate\Mail\Mailable->send(Object(Illuminate\Mail\Mailer))
#9 /var/www/html/vendor/illuminate/mail/Mailer.php(229): Illuminate\Mail\Mailer->sendMailable(Object(App\Mail\TwoFactorAuth))
#10 /var/www/html/vendor/illuminate/mail/PendingMail.php(127): Illuminate\Mail\Mailer->send(Object(App\Mail\TwoFactorAuth))
#11 /var/www/html/app/Http/Controllers/UsersController.php(223): Illuminate\Mail\PendingMail->send(Object(App\Mail\TwoFactorAuth))
#12 /var/www/html/app/Http/Controllers/UsersController.php(85): App\Http\Controllers\UsersController->TwoFactorAuth(Object(App\Model\User), NULL)
#13 [internal function]: App\Http\Controllers\UsersController->login(Object(Laravel\Lumen\Http\Request))
#14 /var/www/html/vendor/illuminate/container/BoundMethod.php(32): call_user_func_array(Array, Array)
#15 /var/www/html/vendor/illuminate/container/BoundMethod.php(90): Illuminate\Container\BoundMethod::Illuminate\Container\{closure}()
#16 /var/www/html/vendor/illuminate/container/BoundMethod.php(34): Illuminate\Container\BoundMethod::callBoundMethod(Object(Laravel\Lumen\Application), Array, Object(Closure))
#17 /var/www/html/vendor/illuminate/container/Container.php(580): Illuminate\Container\BoundMethod::call(Object(Laravel\Lumen\Application), Array, Array, NULL)
#18 /var/www/html/vendor/laravel/lumen-framework/src/Concerns/RoutesRequests.php(376): Illuminate\Container\Container->call(Array, Array)
#19 /var/www/html/vendor/laravel/lumen-framework/src/Concerns/RoutesRequests.php(342): Laravel\Lumen\Application->callControllerCallable(Array, Array)
#20 /var/www/html/vendor/laravel/lumen-framework/src/Concerns/RoutesRequests.php(316): Laravel\Lumen\Application->callLumenController(Object(App\Http\Controllers\UsersController), 'login', Array)
#21 /var/www/html/vendor/laravel/lumen-framework/src/Concerns/RoutesRequests.php(278): Laravel\Lumen\Application->callControllerAction(Array)
#22 /var/www/html/vendor/laravel/lumen-framework/src/Concerns/RoutesRequests.php(263): Laravel\Lumen\Application->callActionOnArrayBasedRoute(Array)
#23 /var/www/html/vendor/laravel/lumen-framework/src/Concerns/RoutesRequests.php(165): Laravel\Lumen\Application->handleFoundRoute(Array)
#24 [internal function]: Laravel\Lumen\Application->Laravel\Lumen\Concerns\{closure}(Object(Laravel\Lumen\Http\Request))
#25 /var/www/html/vendor/laravel/lumen-framework/src/Routing/Pipeline.php(52): call_user_func(Object(Closure), Object(Laravel\Lumen\Http\Request))
#26 /var/www/html/app/Http/Middleware/SetLocaleMiddleware.php(35): Laravel\Lumen\Routing\Pipeline->Laravel\Lumen\Routing\{closure}(Object(Laravel\Lumen\Http\Request))
#27 /var/www/html/vendor/illuminate/pipeline/Pipeline.php(163): App\Http\Middleware\SetLocaleMiddleware->handle(Object(Laravel\Lumen\Http\Request), Object(Closure))
#28 [internal function]: Illuminate\Pipeline\Pipeline->Illuminate\Pipeline\{closure}(Object(Laravel\Lumen\Http\Request))
#29 /var/www/html/vendor/laravel/lumen-framework/src/Routing/Pipeline.php(32): call_user_func(Object(Closure), Object(Laravel\Lumen\Http\Request))
#30 /var/www/html/app/Http/Middleware/CORSMiddleware.php(34): Laravel\Lumen\Routing\Pipeline->Laravel\Lumen\Routing\{closure}(Object(Laravel\Lumen\Http\Request))
#31 /var/www/html/vendor/illuminate/pipeline/Pipeline.php(163): App\Http\Middleware\CORSMiddleware->handle(Object(Laravel\Lumen\Http\Request), Object(Closure))
#32 [internal function]: Illuminate\Pipeline\Pipeline->Illuminate\Pipeline\{closure}(Object(Laravel\Lumen\Http\Request))
#33 /var/www/html/vendor/laravel/lumen-framework/src/Routing/Pipeline.php(32): call_user_func(Object(Closure), Object(Laravel\Lumen\Http\Request))
#34 /var/www/html/app/Http/Middleware/ValidateJsonFormatMiddleware.php(28): Laravel\Lumen\Routing\Pipeline->Laravel\Lumen\Routing\{closure}(Object(Laravel\Lumen\Http\Request))
#35 /var/www/html/vendor/illuminate/pipeline/Pipeline.php(163): App\Http\Middleware\ValidateJsonFormatMiddleware->handle(Object(Laravel\Lumen\Http\Request), Object(Closure))
#36 [internal function]: Illuminate\Pipeline\Pipeline->Illuminate\Pipeline\{closure}(Object(Laravel\Lumen\Http\Request))
#37 /var/www/html/vendor/laravel/lumen-framework/src/Routing/Pipeline.php(32): call_user_func(Object(Closure), Object(Laravel\Lumen\Http\Request))
#38 /var/www/html/vendor/illuminate/pipeline/Pipeline.php(104): Laravel\Lumen\Routing\Pipeline->Laravel\Lumen\Routing\{closure}(Object(Laravel\Lumen\Http\Request))
#39 /var/www/html/vendor/laravel/lumen-framework/src/Concerns/RoutesRequests.php(413): Illuminate\Pipeline\Pipeline->then(Object(Closure))
#40 /var/www/html/vendor/laravel/lumen-framework/src/Concerns/RoutesRequests.php(171): Laravel\Lumen\Application->sendThroughPipeline(Array, Object(Closure))
#41 /var/www/html/vendor/laravel/lumen-framework/src/Concerns/RoutesRequests.php(108): Laravel\Lumen\Application->dispatch(NULL)
#42 /var/www/html/public/index.php(28): Laravel\Lumen\Application->run()
#43 {main} {"exception":"[object] (InvalidArgumentException(code: 0): View [user.login.twoFactorAuth] not found. at /var/www/html/vendor/illuminate/view/FileViewFinder.php:137)
[stacktrace]
#0 /var/www/html/vendor/illuminate/view/FileViewFinder.php(79): Illuminate\\View\\FileViewFinder->findInPaths('user.login.twoF...', Array)
#1 /var/www/html/vendor/illuminate/view/Factory.php(130): Illuminate\\View\\FileViewFinder->find('user.login.twoF...')
#2 /var/www/html/vendor/illuminate/mail/Mailer.php(353): Illuminate\\View\\Factory->make('user.login.twoF...', Array)
#3 /var/www/html/vendor/illuminate/mail/Mailer.php(326): Illuminate\\Mail\\Mailer->renderView('user.login.twoF...', Array)
#4 /var/www/html/vendor/illuminate/mail/Mailer.php(244): Illuminate\\Mail\\Mailer->addContent(Object(Illuminate\\Mail\\Message), 'user.login.twoF...', NULL, NULL, Array)
#5 /var/www/html/vendor/illuminate/mail/Mailable.php(159): Illuminate\\Mail\\Mailer->send('user.login.twoF...', Array, Object(Closure))
#6 /var/www/html/vendor/illuminate/support/Traits/Localizable.php(19): Illuminate\\Mail\\Mailable->Illuminate\\Mail\\{closure}()
#7 /var/www/html/vendor/illuminate/mail/Mailable.php(160): Illuminate\\Mail\\Mailable->withLocale(NULL, Object(Closure))
#8 /var/www/html/vendor/illuminate/mail/Mailer.php(275): Illuminate\\Mail\\Mailable->send(Object(Illuminate\\Mail\\Mailer))
#9 /var/www/html/vendor/illuminate/mail/Mailer.php(229): Illuminate\\Mail\\Mailer->sendMailable(Object(App\\Mail\\TwoFactorAuth))
#10 /var/www/html/vendor/illuminate/mail/PendingMail.php(127): Illuminate\\Mail\\Mailer->send(Object(App\\Mail\\TwoFactorAuth))
#11 /var/www/html/app/Http/Controllers/UsersController.php(223): Illuminate\\Mail\\PendingMail->send(Object(App\\Mail\\TwoFactorAuth))
#12 /var/www/html/app/Http/Controllers/UsersController.php(85): App\\Http\\Controllers\\UsersController->TwoFactorAuth(Object(App\\Model\\User), NULL)
#13 [internal function]: App\\Http\\Controllers\\UsersController->login(Object(Laravel\\Lumen\\Http\\Request))
#14 /var/www/html/vendor/illuminate/container/BoundMethod.php(32): call_user_func_array(Array, Array)
#15 /var/www/html/vendor/illuminate/container/BoundMethod.php(90): Illuminate\\Container\\BoundMethod::Illuminate\\Container\\{closure}()
#16 /var/www/html/vendor/illuminate/container/BoundMethod.php(34): Illuminate\\Container\\BoundMethod::callBoundMethod(Object(Laravel\\Lumen\\Application), Array, Object(Closure))
#17 /var/www/html/vendor/illuminate/container/Container.php(580): Illuminate\\Container\\BoundMethod::call(Object(Laravel\\Lumen\\Application), Array, Array, NULL)
#18 /var/www/html/vendor/laravel/lumen-framework/src/Concerns/RoutesRequests.php(376): Illuminate\\Container\\Container->call(Array, Array)
#19 /var/www/html/vendor/laravel/lumen-framework/src/Concerns/RoutesRequests.php(342): Laravel\\Lumen\\Application->callControllerCallable(Array, Array)
#20 /var/www/html/vendor/laravel/lumen-framework/src/Concerns/RoutesRequests.php(316): Laravel\\Lumen\\Application->callLumenController(Object(App\\Http\\Controllers\\UsersController), 'login', Array)
#21 /var/www/html/vendor/laravel/lumen-framework/src/Concerns/RoutesRequests.php(278): Laravel\\Lumen\\Application->callControllerAction(Array)
#22 /var/www/html/vendor/laravel/lumen-framework/src/Concerns/RoutesRequests.php(263): Laravel\\Lumen\\Application->callActionOnArrayBasedRoute(Array)
#23 /var/www/html/vendor/laravel/lumen-framework/src/Concerns/RoutesRequests.php(165): Laravel\\Lumen\\Application->handleFoundRoute(Array)
#24 [internal function]: Laravel\\Lumen\\Application->Laravel\\Lumen\\Concerns\\{closure}(Object(Laravel\\Lumen\\Http\\Request))
#25 /var/www/html/vendor/laravel/lumen-framework/src/Routing/Pipeline.php(52): call_user_func(Object(Closure), Object(Laravel\\Lumen\\Http\\Request))
#26 /var/www/html/app/Http/Middleware/SetLocaleMiddleware.php(35): Laravel\\Lumen\\Routing\\Pipeline->Laravel\\Lumen\\Routing\\{closure}(Object(Laravel\\Lumen\\Http\\Request))
#27 /var/www/html/vendor/illuminate/pipeline/Pipeline.php(163): App\\Http\\Middleware\\SetLocaleMiddleware->handle(Object(Laravel\\Lumen\\Http\\Request), Object(Closure))
#28 [internal function]: Illuminate\\Pipeline\\Pipeline->Illuminate\\Pipeline\\{closure}(Object(Laravel\\Lumen\\Http\\Request))
#29 /var/www/html/vendor/laravel/lumen-framework/src/Routing/Pipeline.php(32): call_user_func(Object(Closure), Object(Laravel\\Lumen\\Http\\Request))
#30 /var/www/html/app/Http/Middleware/CORSMiddleware.php(34): Laravel\\Lumen\\Routing\\Pipeline->Laravel\\Lumen\\Routing\\{closure}(Object(Laravel\\Lumen\\Http\\Request))
#31 /var/www/html/vendor/illuminate/pipeline/Pipeline.php(163): App\\Http\\Middleware\\CORSMiddleware->handle(Object(Laravel\\Lumen\\Http\\Request), Object(Closure))
#32 [internal function]: Illuminate\\Pipeline\\Pipeline->Illuminate\\Pipeline\\{closure}(Object(Laravel\\Lumen\\Http\\Request))
#33 /var/www/html/vendor/laravel/lumen-framework/src/Routing/Pipeline.php(32): call_user_func(Object(Closure), Object(Laravel\\Lumen\\Http\\Request))
#34 /var/www/html/app/Http/Middleware/ValidateJsonFormatMiddleware.php(28): Laravel\\Lumen\\Routing\\Pipeline->Laravel\\Lumen\\Routing\\{closure}(Object(Laravel\\Lumen\\Http\\Request))
#35 /var/www/html/vendor/illuminate/pipeline/Pipeline.php(163): App\\Http\\Middleware\\ValidateJsonFormatMiddleware->handle(Object(Laravel\\Lumen\\Http\\Request), Object(Closure))
#36 [internal function]: Illuminate\\Pipeline\\Pipeline->Illuminate\\Pipeline\\{closure}(Object(Laravel\\Lumen\\Http\\Request))
#37 /var/www/html/vendor/laravel/lumen-framework/src/Routing/Pipeline.php(32): call_user_func(Object(Closure), Object(Laravel\\Lumen\\Http\\Request))
#38 /var/www/html/vendor/illuminate/pipeline/Pipeline.php(104): Laravel\\Lumen\\Routing\\Pipeline->Laravel\\Lumen\\Routing\\{closure}(Object(Laravel\\Lumen\\Http\\Request))
#39 /var/www/html/vendor/laravel/lumen-framework/src/Concerns/RoutesRequests.php(413): Illuminate\\Pipeline\\Pipeline->then(Object(Closure))
#40 /var/www/html/vendor/laravel/lumen-framework/src/Concerns/RoutesRequests.php(171): Laravel\\Lumen\\Application->sendThroughPipeline(Array, Object(Closure))
#41 /var/www/html/vendor/laravel/lumen-framework/src/Concerns/RoutesRequests.php(108): Laravel\\Lumen\\Application->dispatch(NULL)
#42 /var/www/html/public/index.php(28): Laravel\\Lumen\\Application->run()
#43 {main}
"} 
[2019-11-09 16:55:23] local.ERROR: InvalidArgumentException: View [user.login.twoFactorAuth] not found. in /var/www/html/vendor/illuminate/view/FileViewFinder.php:137
Stack trace:
#0 /var/www/html/vendor/illuminate/view/FileViewFinder.php(79): Illuminate\View\FileViewFinder->findInPaths('user.login.twoF...', Array)
#1 /var/www/html/vendor/illuminate/view/Factory.php(130): Illuminate\View\FileViewFinder->find('user.login.twoF...')
#2 /var/www/html/vendor/illuminate/mail/Mailer.php(353): Illuminate\View\Factory->make('user.login.twoF...', Array)
#3 /var/www/html/vendor/illuminate/mail/Mailer.php(326): Illuminate\Mail\Mailer->renderView('user.login.twoF...', Array)
#4 /var/www/html/vendor/illuminate/mail/Mailer.php(244): Illuminate\Mail\Mailer->addContent(Object(Illuminate\Mail\Message), 'user.login.twoF...', NULL, NULL, Array)
#5 /var/www/html/vendor/illuminate/mail/Mailable.php(159): Illuminate\Mail\Mailer->send('user.login.twoF...', Array, Object(Closure))
#6 /var/www/html/vendor/illuminate/support/Traits/Localizable.php(19): Illuminate\Mail\Mailable->Illuminate\Mail\{closure}()
#7 /var/www/html/vendor/illuminate/mail/Mailable.php(160): Illuminate\Mail\Mailable->withLocale(NULL, Object(Closure))
#8 /var/www/html/vendor/illuminate/mail/Mailer.php(275): Illuminate\Mail\Mailable->send(Object(Illuminate\Mail\Mailer))
#9 /var/www/html/vendor/illuminate/mail/Mailer.php(229): Illuminate\Mail\Mailer->sendMailable(Object(App\Mail\TwoFactorAuth))
#10 /var/www/html/vendor/illuminate/mail/PendingMail.php(127): Illuminate\Mail\Mailer->send(Object(App\Mail\TwoFactorAuth))
#11 /var/www/html/app/Http/Controllers/UsersController.php(223): Illuminate\Mail\PendingMail->send(Object(App\Mail\TwoFactorAuth))
#12 /var/www/html/app/Http/Controllers/UsersController.php(85): App\Http\Controllers\UsersController->TwoFactorAuth(Object(App\Model\User), NULL)
#13 [internal function]: App\Http\Controllers\UsersController->login(Object(Laravel\Lumen\Http\Request))
#14 /var/www/html/vendor/illuminate/container/BoundMethod.php(32): call_user_func_array(Array, Array)
#15 /var/www/html/vendor/illuminate/container/BoundMethod.php(90): Illuminate\Container\BoundMethod::Illuminate\Container\{closure}()
#16 /var/www/html/vendor/illuminate/container/BoundMethod.php(34): Illuminate\Container\BoundMethod::callBoundMethod(Object(Laravel\Lumen\Application), Array, Object(Closure))
#17 /var/www/html/vendor/illuminate/container/Container.php(580): Illuminate\Container\BoundMethod::call(Object(Laravel\Lumen\Application), Array, Array, NULL)
#18 /var/www/html/vendor/laravel/lumen-framework/src/Concerns/RoutesRequests.php(376): Illuminate\Container\Container->call(Array, Array)
#19 /var/www/html/vendor/laravel/lumen-framework/src/Concerns/RoutesRequests.php(342): Laravel\Lumen\Application->callControllerCallable(Array, Array)
#20 /var/www/html/vendor/laravel/lumen-framework/src/Concerns/RoutesRequests.php(316): Laravel\Lumen\Application->callLumenController(Object(App\Http\Controllers\UsersController), 'login', Array)
#21 /var/www/html/vendor/laravel/lumen-framework/src/Concerns/RoutesRequests.php(278): Laravel\Lumen\Application->callControllerAction(Array)
#22 /var/www/html/vendor/laravel/lumen-framework/src/Concerns/RoutesRequests.php(263): Laravel\Lumen\Application->callActionOnArrayBasedRoute(Array)
#23 /var/www/html/vendor/laravel/lumen-framework/src/Concerns/RoutesRequests.php(165): Laravel\Lumen\Application->handleFoundRoute(Array)
#24 [internal function]: Laravel\Lumen\Application->Laravel\Lumen\Concerns\{closure}(Object(Laravel\Lumen\Http\Request))
#25 /var/www/html/vendor/laravel/lumen-framework/src/Routing/Pipeline.php(52): call_user_func(Object(Closure), Object(Laravel\Lumen\Http\Request))
#26 /var/www/html/app/Http/Middleware/SetLocaleMiddleware.php(35): Laravel\Lumen\Routing\Pipeline->Laravel\Lumen\Routing\{closure}(Object(Laravel\Lumen\Http\Request))
#27 /var/www/html/vendor/illuminate/pipeline/Pipeline.php(163): App\Http\Middleware\SetLocaleMiddleware->handle(Object(Laravel\Lumen\Http\Request), Object(Closure))
#28 [internal function]: Illuminate\Pipeline\Pipeline->Illuminate\Pipeline\{closure}(Object(Laravel\Lumen\Http\Request))
#29 /var/www/html/vendor/laravel/lumen-framework/src/Routing/Pipeline.php(32): call_user_func(Object(Closure), Object(Laravel\Lumen\Http\Request))
#30 /var/www/html/app/Http/Middleware/CORSMiddleware.php(34): Laravel\Lumen\Routing\Pipeline->Laravel\Lumen\Routing\{closure}(Object(Laravel\Lumen\Http\Request))
#31 /var/www/html/vendor/illuminate/pipeline/Pipeline.php(163): App\Http\Middleware\CORSMiddleware->handle(Object(Laravel\Lumen\Http\Request), Object(Closure))
#32 [internal function]: Illuminate\Pipeline\Pipeline->Illuminate\Pipeline\{closure}(Object(Laravel\Lumen\Http\Request))
#33 /var/www/html/vendor/laravel/lumen-framework/src/Routing/Pipeline.php(32): call_user_func(Object(Closure), Object(Laravel\Lumen\Http\Request))
#34 /var/www/html/app/Http/Middleware/ValidateJsonFormatMiddleware.php(28): Laravel\Lumen\Routing\Pipeline->Laravel\Lumen\Routing\{closure}(Object(Laravel\Lumen\Http\Request))
#35 /var/www/html/vendor/illuminate/pipeline/Pipeline.php(163): App\Http\Middleware\ValidateJsonFormatMiddleware->handle(Object(Laravel\Lumen\Http\Request), Object(Closure))
#36 [internal function]: Illuminate\Pipeline\Pipeline->Illuminate\Pipeline\{closure}(Object(Laravel\Lumen\Http\Request))
#37 /var/www/html/vendor/laravel/lumen-framework/src/Routing/Pipeline.php(32): call_user_func(Object(Closure), Object(Laravel\Lumen\Http\Request))
#38 /var/www/html/vendor/illuminate/pipeline/Pipeline.php(104): Laravel\Lumen\Routing\Pipeline->Laravel\Lumen\Routing\{closure}(Object(Laravel\Lumen\Http\Request))
#39 /var/www/html/vendor/laravel/lumen-framework/src/Concerns/RoutesRequests.php(413): Illuminate\Pipeline\Pipeline->then(Object(Closure))
#40 /var/www/html/vendor/laravel/lumen-framework/src/Concerns/RoutesRequests.php(171): Laravel\Lumen\Application->sendThroughPipeline(Array, Object(Closure))
#41 /var/www/html/vendor/laravel/lumen-framework/src/Concerns/RoutesRequests.php(108): Laravel\Lumen\Application->dispatch(NULL)
#42 /var/www/html/public/index.php(28): Laravel\Lumen\Application->run()
#43 {main} {"exception":"[object] (InvalidArgumentException(code: 0): View [user.login.twoFactorAuth] not found. at /var/www/html/vendor/illuminate/view/FileViewFinder.php:137)
[stacktrace]
#0 /var/www/html/vendor/illuminate/view/FileViewFinder.php(79): Illuminate\\View\\FileViewFinder->findInPaths('user.login.twoF...', Array)
#1 /var/www/html/vendor/illuminate/view/Factory.php(130): Illuminate\\View\\FileViewFinder->find('user.login.twoF...')
#2 /var/www/html/vendor/illuminate/mail/Mailer.php(353): Illuminate\\View\\Factory->make('user.login.twoF...', Array)
#3 /var/www/html/vendor/illuminate/mail/Mailer.php(326): Illuminate\\Mail\\Mailer->renderView('user.login.twoF...', Array)
#4 /var/www/html/vendor/illuminate/mail/Mailer.php(244): Illuminate\\Mail\\Mailer->addContent(Object(Illuminate\\Mail\\Message), 'user.login.twoF...', NULL, NULL, Array)
#5 /var/www/html/vendor/illuminate/mail/Mailable.php(159): Illuminate\\Mail\\Mailer->send('user.login.twoF...', Array, Object(Closure))
#6 /var/www/html/vendor/illuminate/support/Traits/Localizable.php(19): Illuminate\\Mail\\Mailable->Illuminate\\Mail\\{closure}()
#7 /var/www/html/vendor/illuminate/mail/Mailable.php(160): Illuminate\\Mail\\Mailable->withLocale(NULL, Object(Closure))
#8 /var/www/html/vendor/illuminate/mail/Mailer.php(275): Illuminate\\Mail\\Mailable->send(Object(Illuminate\\Mail\\Mailer))
#9 /var/www/html/vendor/illuminate/mail/Mailer.php(229): Illuminate\\Mail\\Mailer->sendMailable(Object(App\\Mail\\TwoFactorAuth))
#10 /var/www/html/vendor/illuminate/mail/PendingMail.php(127): Illuminate\\Mail\\Mailer->send(Object(App\\Mail\\TwoFactorAuth))
#11 /var/www/html/app/Http/Controllers/UsersController.php(223): Illuminate\\Mail\\PendingMail->send(Object(App\\Mail\\TwoFactorAuth))
#12 /var/www/html/app/Http/Controllers/UsersController.php(85): App\\Http\\Controllers\\UsersController->TwoFactorAuth(Object(App\\Model\\User), NULL)
#13 [internal function]: App\\Http\\Controllers\\UsersController->login(Object(Laravel\\Lumen\\Http\\Request))
#14 /var/www/html/vendor/illuminate/container/BoundMethod.php(32): call_user_func_array(Array, Array)
#15 /var/www/html/vendor/illuminate/container/BoundMethod.php(90): Illuminate\\Container\\BoundMethod::Illuminate\\Container\\{closure}()
#16 /var/www/html/vendor/illuminate/container/BoundMethod.php(34): Illuminate\\Container\\BoundMethod::callBoundMethod(Object(Laravel\\Lumen\\Application), Array, Object(Closure))
#17 /var/www/html/vendor/illuminate/container/Container.php(580): Illuminate\\Container\\BoundMethod::call(Object(Laravel\\Lumen\\Application), Array, Array, NULL)
#18 /var/www/html/vendor/laravel/lumen-framework/src/Concerns/RoutesRequests.php(376): Illuminate\\Container\\Container->call(Array, Array)
#19 /var/www/html/vendor/laravel/lumen-framework/src/Concerns/RoutesRequests.php(342): Laravel\\Lumen\\Application->callControllerCallable(Array, Array)
#20 /var/www/html/vendor/laravel/lumen-framework/src/Concerns/RoutesRequests.php(316): Laravel\\Lumen\\Application->callLumenController(Object(App\\Http\\Controllers\\UsersController), 'login', Array)
#21 /var/www/html/vendor/laravel/lumen-framework/src/Concerns/RoutesRequests.php(278): Laravel\\Lumen\\Application->callControllerAction(Array)
#22 /var/www/html/vendor/laravel/lumen-framework/src/Concerns/RoutesRequests.php(263): Laravel\\Lumen\\Application->callActionOnArrayBasedRoute(Array)
#23 /var/www/html/vendor/laravel/lumen-framework/src/Concerns/RoutesRequests.php(165): Laravel\\Lumen\\Application->handleFoundRoute(Array)
#24 [internal function]: Laravel\\Lumen\\Application->Laravel\\Lumen\\Concerns\\{closure}(Object(Laravel\\Lumen\\Http\\Request))
#25 /var/www/html/vendor/laravel/lumen-framework/src/Routing/Pipeline.php(52): call_user_func(Object(Closure), Object(Laravel\\Lumen\\Http\\Request))
#26 /var/www/html/app/Http/Middleware/SetLocaleMiddleware.php(35): Laravel\\Lumen\\Routing\\Pipeline->Laravel\\Lumen\\Routing\\{closure}(Object(Laravel\\Lumen\\Http\\Request))
#27 /var/www/html/vendor/illuminate/pipeline/Pipeline.php(163): App\\Http\\Middleware\\SetLocaleMiddleware->handle(Object(Laravel\\Lumen\\Http\\Request), Object(Closure))
#28 [internal function]: Illuminate\\Pipeline\\Pipeline->Illuminate\\Pipeline\\{closure}(Object(Laravel\\Lumen\\Http\\Request))
#29 /var/www/html/vendor/laravel/lumen-framework/src/Routing/Pipeline.php(32): call_user_func(Object(Closure), Object(Laravel\\Lumen\\Http\\Request))
#30 /var/www/html/app/Http/Middleware/CORSMiddleware.php(34): Laravel\\Lumen\\Routing\\Pipeline->Laravel\\Lumen\\Routing\\{closure}(Object(Laravel\\Lumen\\Http\\Request))
#31 /var/www/html/vendor/illuminate/pipeline/Pipeline.php(163): App\\Http\\Middleware\\CORSMiddleware->handle(Object(Laravel\\Lumen\\Http\\Request), Object(Closure))
#32 [internal function]: Illuminate\\Pipeline\\Pipeline->Illuminate\\Pipeline\\{closure}(Object(Laravel\\Lumen\\Http\\Request))
#33 /var/www/html/vendor/laravel/lumen-framework/src/Routing/Pipeline.php(32): call_user_func(Object(Closure), Object(Laravel\\Lumen\\Http\\Request))
#34 /var/www/html/app/Http/Middleware/ValidateJsonFormatMiddleware.php(28): Laravel\\Lumen\\Routing\\Pipeline->Laravel\\Lumen\\Routing\\{closure}(Object(Laravel\\Lumen\\Http\\Request))
#35 /var/www/html/vendor/illuminate/pipeline/Pipeline.php(163): App\\Http\\Middleware\\ValidateJsonFormatMiddleware->handle(Object(Laravel\\Lumen\\Http\\Request), Object(Closure))
#36 [internal function]: Illuminate\\Pipeline\\Pipeline->Illuminate\\Pipeline\\{closure}(Object(Laravel\\Lumen\\Http\\Request))
#37 /var/www/html/vendor/laravel/lumen-framework/src/Routing/Pipeline.php(32): call_user_func(Object(Closure), Object(Laravel\\Lumen\\Http\\Request))
#38 /var/www/html/vendor/illuminate/pipeline/Pipeline.php(104): Laravel\\Lumen\\Routing\\Pipeline->Laravel\\Lumen\\Routing\\{closure}(Object(Laravel\\Lumen\\Http\\Request))
#39 /var/www/html/vendor/laravel/lumen-framework/src/Concerns/RoutesRequests.php(413): Illuminate\\Pipeline\\Pipeline->then(Object(Closure))
#40 /var/www/html/vendor/laravel/lumen-framework/src/Concerns/RoutesRequests.php(171): Laravel\\Lumen\\Application->sendThroughPipeline(Array, Object(Closure))
#41 /var/www/html/vendor/laravel/lumen-framework/src/Concerns/RoutesRequests.php(108): Laravel\\Lumen\\Application->dispatch(NULL)
#42 /var/www/html/public/index.php(28): Laravel\\Lumen\\Application->run()
#43 {main}
"} 
[2019-11-09 16:56:55] local.ERROR: InvalidArgumentException: View [user.login.twoFactorAuth] not found. in /var/www/html/vendor/illuminate/view/FileViewFinder.php:137
Stack trace:
#0 /var/www/html/vendor/illuminate/view/FileViewFinder.php(79): Illuminate\View\FileViewFinder->findInPaths('user.login.twoF...', Array)
#1 /var/www/html/vendor/illuminate/view/Factory.php(130): Illuminate\View\FileViewFinder->find('user.login.twoF...')
#2 /var/www/html/vendor/illuminate/mail/Mailer.php(353): Illuminate\View\Factory->make('user.login.twoF...', Array)
#3 /var/www/html/vendor/illuminate/mail/Mailer.php(326): Illuminate\Mail\Mailer->renderView('user.login.twoF...', Array)
#4 /var/www/html/vendor/illuminate/mail/Mailer.php(244): Illuminate\Mail\Mailer->addContent(Object(Illuminate\Mail\Message), 'user.login.twoF...', NULL, NULL, Array)
#5 /var/www/html/vendor/illuminate/mail/Mailable.php(159): Illuminate\Mail\Mailer->send('user.login.twoF...', Array, Object(Closure))
#6 /var/www/html/vendor/illuminate/support/Traits/Localizable.php(19): Illuminate\Mail\Mailable->Illuminate\Mail\{closure}()
#7 /var/www/html/vendor/illuminate/mail/Mailable.php(160): Illuminate\Mail\Mailable->withLocale(NULL, Object(Closure))
#8 /var/www/html/vendor/illuminate/mail/Mailer.php(275): Illuminate\Mail\Mailable->send(Object(Illuminate\Mail\Mailer))
#9 /var/www/html/vendor/illuminate/mail/Mailer.php(229): Illuminate\Mail\Mailer->sendMailable(Object(App\Mail\TwoFactorAuth))
#10 /var/www/html/vendor/illuminate/mail/PendingMail.php(127): Illuminate\Mail\Mailer->send(Object(App\Mail\TwoFactorAuth))
#11 /var/www/html/app/Http/Controllers/UsersController.php(223): Illuminate\Mail\PendingMail->send(Object(App\Mail\TwoFactorAuth))
#12 /var/www/html/app/Http/Controllers/UsersController.php(85): App\Http\Controllers\UsersController->TwoFactorAuth(Object(App\Model\User), NULL)
#13 [internal function]: App\Http\Controllers\UsersController->login(Object(Laravel\Lumen\Http\Request))
#14 /var/www/html/vendor/illuminate/container/BoundMethod.php(32): call_user_func_array(Array, Array)
#15 /var/www/html/vendor/illuminate/container/BoundMethod.php(90): Illuminate\Container\BoundMethod::Illuminate\Container\{closure}()
#16 /var/www/html/vendor/illuminate/container/BoundMethod.php(34): Illuminate\Container\BoundMethod::callBoundMethod(Object(Laravel\Lumen\Application), Array, Object(Closure))
#17 /var/www/html/vendor/illuminate/container/Container.php(580): Illuminate\Container\BoundMethod::call(Object(Laravel\Lumen\Application), Array, Array, NULL)
#18 /var/www/html/vendor/laravel/lumen-framework/src/Concerns/RoutesRequests.php(376): Illuminate\Container\Container->call(Array, Array)
#19 /var/www/html/vendor/laravel/lumen-framework/src/Concerns/RoutesRequests.php(342): Laravel\Lumen\Application->callControllerCallable(Array, Array)
#20 /var/www/html/vendor/laravel/lumen-framework/src/Concerns/RoutesRequests.php(316): Laravel\Lumen\Application->callLumenController(Object(App\Http\Controllers\UsersController), 'login', Array)
#21 /var/www/html/vendor/laravel/lumen-framework/src/Concerns/RoutesRequests.php(278): Laravel\Lumen\Application->callControllerAction(Array)
#22 /var/www/html/vendor/laravel/lumen-framework/src/Concerns/RoutesRequests.php(263): Laravel\Lumen\Application->callActionOnArrayBasedRoute(Array)
#23 /var/www/html/vendor/laravel/lumen-framework/src/Concerns/RoutesRequests.php(165): Laravel\Lumen\Application->handleFoundRoute(Array)
#24 [internal function]: Laravel\Lumen\Application->Laravel\Lumen\Concerns\{closure}(Object(Laravel\Lumen\Http\Request))
#25 /var/www/html/vendor/laravel/lumen-framework/src/Routing/Pipeline.php(52): call_user_func(Object(Closure), Object(Laravel\Lumen\Http\Request))
#26 /var/www/html/app/Http/Middleware/SetLocaleMiddleware.php(35): Laravel\Lumen\Routing\Pipeline->Laravel\Lumen\Routing\{closure}(Object(Laravel\Lumen\Http\Request))
#27 /var/www/html/vendor/illuminate/pipeline/Pipeline.php(163): App\Http\Middleware\SetLocaleMiddleware->handle(Object(Laravel\Lumen\Http\Request), Object(Closure))
#28 [internal function]: Illuminate\Pipeline\Pipeline->Illuminate\Pipeline\{closure}(Object(Laravel\Lumen\Http\Request))
#29 /var/www/html/vendor/laravel/lumen-framework/src/Routing/Pipeline.php(32): call_user_func(Object(Closure), Object(Laravel\Lumen\Http\Request))
#30 /var/www/html/app/Http/Middleware/CORSMiddleware.php(34): Laravel\Lumen\Routing\Pipeline->Laravel\Lumen\Routing\{closure}(Object(Laravel\Lumen\Http\Request))
#31 /var/www/html/vendor/illuminate/pipeline/Pipeline.php(163): App\Http\Middleware\CORSMiddleware->handle(Object(Laravel\Lumen\Http\Request), Object(Closure))
#32 [internal function]: Illuminate\Pipeline\Pipeline->Illuminate\Pipeline\{closure}(Object(Laravel\Lumen\Http\Request))
#33 /var/www/html/vendor/laravel/lumen-framework/src/Routing/Pipeline.php(32): call_user_func(Object(Closure), Object(Laravel\Lumen\Http\Request))
#34 /var/www/html/app/Http/Middleware/ValidateJsonFormatMiddleware.php(28): Laravel\Lumen\Routing\Pipeline->Laravel\Lumen\Routing\{closure}(Object(Laravel\Lumen\Http\Request))
#35 /var/www/html/vendor/illuminate/pipeline/Pipeline.php(163): App\Http\Middleware\ValidateJsonFormatMiddleware->handle(Object(Laravel\Lumen\Http\Request), Object(Closure))
#36 [internal function]: Illuminate\Pipeline\Pipeline->Illuminate\Pipeline\{closure}(Object(Laravel\Lumen\Http\Request))
#37 /var/www/html/vendor/laravel/lumen-framework/src/Routing/Pipeline.php(32): call_user_func(Object(Closure), Object(Laravel\Lumen\Http\Request))
#38 /var/www/html/vendor/illuminate/pipeline/Pipeline.php(104): Laravel\Lumen\Routing\Pipeline->Laravel\Lumen\Routing\{closure}(Object(Laravel\Lumen\Http\Request))
#39 /var/www/html/vendor/laravel/lumen-framework/src/Concerns/RoutesRequests.php(413): Illuminate\Pipeline\Pipeline->then(Object(Closure))
#40 /var/www/html/vendor/laravel/lumen-framework/src/Concerns/RoutesRequests.php(171): Laravel\Lumen\Application->sendThroughPipeline(Array, Object(Closure))
#41 /var/www/html/vendor/laravel/lumen-framework/src/Concerns/RoutesRequests.php(108): Laravel\Lumen\Application->dispatch(NULL)
#42 /var/www/html/public/index.php(28): Laravel\Lumen\Application->run()
#43 {main} {"exception":"[object] (InvalidArgumentException(code: 0): View [user.login.twoFactorAuth] not found. at /var/www/html/vendor/illuminate/view/FileViewFinder.php:137)
[stacktrace]
#0 /var/www/html/vendor/illuminate/view/FileViewFinder.php(79): Illuminate\\View\\FileViewFinder->findInPaths('user.login.twoF...', Array)
#1 /var/www/html/vendor/illuminate/view/Factory.php(130): Illuminate\\View\\FileViewFinder->find('user.login.twoF...')
#2 /var/www/html/vendor/illuminate/mail/Mailer.php(353): Illuminate\\View\\Factory->make('user.login.twoF...', Array)
#3 /var/www/html/vendor/illuminate/mail/Mailer.php(326): Illuminate\\Mail\\Mailer->renderView('user.login.twoF...', Array)
#4 /var/www/html/vendor/illuminate/mail/Mailer.php(244): Illuminate\\Mail\\Mailer->addContent(Object(Illuminate\\Mail\\Message), 'user.login.twoF...', NULL, NULL, Array)
#5 /var/www/html/vendor/illuminate/mail/Mailable.php(159): Illuminate\\Mail\\Mailer->send('user.login.twoF...', Array, Object(Closure))
#6 /var/www/html/vendor/illuminate/support/Traits/Localizable.php(19): Illuminate\\Mail\\Mailable->Illuminate\\Mail\\{closure}()
#7 /var/www/html/vendor/illuminate/mail/Mailable.php(160): Illuminate\\Mail\\Mailable->withLocale(NULL, Object(Closure))
#8 /var/www/html/vendor/illuminate/mail/Mailer.php(275): Illuminate\\Mail\\Mailable->send(Object(Illuminate\\Mail\\Mailer))
#9 /var/www/html/vendor/illuminate/mail/Mailer.php(229): Illuminate\\Mail\\Mailer->sendMailable(Object(App\\Mail\\TwoFactorAuth))
#10 /var/www/html/vendor/illuminate/mail/PendingMail.php(127): Illuminate\\Mail\\Mailer->send(Object(App\\Mail\\TwoFactorAuth))
#11 /var/www/html/app/Http/Controllers/UsersController.php(223): Illuminate\\Mail\\PendingMail->send(Object(App\\Mail\\TwoFactorAuth))
#12 /var/www/html/app/Http/Controllers/UsersController.php(85): App\\Http\\Controllers\\UsersController->TwoFactorAuth(Object(App\\Model\\User), NULL)
#13 [internal function]: App\\Http\\Controllers\\UsersController->login(Object(Laravel\\Lumen\\Http\\Request))
#14 /var/www/html/vendor/illuminate/container/BoundMethod.php(32): call_user_func_array(Array, Array)
#15 /var/www/html/vendor/illuminate/container/BoundMethod.php(90): Illuminate\\Container\\BoundMethod::Illuminate\\Container\\{closure}()
#16 /var/www/html/vendor/illuminate/container/BoundMethod.php(34): Illuminate\\Container\\BoundMethod::callBoundMethod(Object(Laravel\\Lumen\\Application), Array, Object(Closure))
#17 /var/www/html/vendor/illuminate/container/Container.php(580): Illuminate\\Container\\BoundMethod::call(Object(Laravel\\Lumen\\Application), Array, Array, NULL)
#18 /var/www/html/vendor/laravel/lumen-framework/src/Concerns/RoutesRequests.php(376): Illuminate\\Container\\Container->call(Array, Array)
#19 /var/www/html/vendor/laravel/lumen-framework/src/Concerns/RoutesRequests.php(342): Laravel\\Lumen\\Application->callControllerCallable(Array, Array)
#20 /var/www/html/vendor/laravel/lumen-framework/src/Concerns/RoutesRequests.php(316): Laravel\\Lumen\\Application->callLumenController(Object(App\\Http\\Controllers\\UsersController), 'login', Array)
#21 /var/www/html/vendor/laravel/lumen-framework/src/Concerns/RoutesRequests.php(278): Laravel\\Lumen\\Application->callControllerAction(Array)
#22 /var/www/html/vendor/laravel/lumen-framework/src/Concerns/RoutesRequests.php(263): Laravel\\Lumen\\Application->callActionOnArrayBasedRoute(Array)
#23 /var/www/html/vendor/laravel/lumen-framework/src/Concerns/RoutesRequests.php(165): Laravel\\Lumen\\Application->handleFoundRoute(Array)
#24 [internal function]: Laravel\\Lumen\\Application->Laravel\\Lumen\\Concerns\\{closure}(Object(Laravel\\Lumen\\Http\\Request))
#25 /var/www/html/vendor/laravel/lumen-framework/src/Routing/Pipeline.php(52): call_user_func(Object(Closure), Object(Laravel\\Lumen\\Http\\Request))
#26 /var/www/html/app/Http/Middleware/SetLocaleMiddleware.php(35): Laravel\\Lumen\\Routing\\Pipeline->Laravel\\Lumen\\Routing\\{closure}(Object(Laravel\\Lumen\\Http\\Request))
#27 /var/www/html/vendor/illuminate/pipeline/Pipeline.php(163): App\\Http\\Middleware\\SetLocaleMiddleware->handle(Object(Laravel\\Lumen\\Http\\Request), Object(Closure))
#28 [internal function]: Illuminate\\Pipeline\\Pipeline->Illuminate\\Pipeline\\{closure}(Object(Laravel\\Lumen\\Http\\Request))
#29 /var/www/html/vendor/laravel/lumen-framework/src/Routing/Pipeline.php(32): call_user_func(Object(Closure), Object(Laravel\\Lumen\\Http\\Request))
#30 /var/www/html/app/Http/Middleware/CORSMiddleware.php(34): Laravel\\Lumen\\Routing\\Pipeline->Laravel\\Lumen\\Routing\\{closure}(Object(Laravel\\Lumen\\Http\\Request))
#31 /var/www/html/vendor/illuminate/pipeline/Pipeline.php(163): App\\Http\\Middleware\\CORSMiddleware->handle(Object(Laravel\\Lumen\\Http\\Request), Object(Closure))
#32 [internal function]: Illuminate\\Pipeline\\Pipeline->Illuminate\\Pipeline\\{closure}(Object(Laravel\\Lumen\\Http\\Request))
#33 /var/www/html/vendor/laravel/lumen-framework/src/Routing/Pipeline.php(32): call_user_func(Object(Closure), Object(Laravel\\Lumen\\Http\\Request))
#34 /var/www/html/app/Http/Middleware/ValidateJsonFormatMiddleware.php(28): Laravel\\Lumen\\Routing\\Pipeline->Laravel\\Lumen\\Routing\\{closure}(Object(Laravel\\Lumen\\Http\\Request))
#35 /var/www/html/vendor/illuminate/pipeline/Pipeline.php(163): App\\Http\\Middleware\\ValidateJsonFormatMiddleware->handle(Object(Laravel\\Lumen\\Http\\Request), Object(Closure))
#36 [internal function]: Illuminate\\Pipeline\\Pipeline->Illuminate\\Pipeline\\{closure}(Object(Laravel\\Lumen\\Http\\Request))
#37 /var/www/html/vendor/laravel/lumen-framework/src/Routing/Pipeline.php(32): call_user_func(Object(Closure), Object(Laravel\\Lumen\\Http\\Request))
#38 /var/www/html/vendor/illuminate/pipeline/Pipeline.php(104): Laravel\\Lumen\\Routing\\Pipeline->Laravel\\Lumen\\Routing\\{closure}(Object(Laravel\\Lumen\\Http\\Request))
#39 /var/www/html/vendor/laravel/lumen-framework/src/Concerns/RoutesRequests.php(413): Illuminate\\Pipeline\\Pipeline->then(Object(Closure))
#40 /var/www/html/vendor/laravel/lumen-framework/src/Concerns/RoutesRequests.php(171): Laravel\\Lumen\\Application->sendThroughPipeline(Array, Object(Closure))
#41 /var/www/html/vendor/laravel/lumen-framework/src/Concerns/RoutesRequests.php(108): Laravel\\Lumen\\Application->dispatch(NULL)
#42 /var/www/html/public/index.php(28): Laravel\\Lumen\\Application->run()
#43 {main}
"} 
[2019-11-09 16:58:04] local.ERROR: InvalidArgumentException: View [user.login.twoFactorAuth] not found. in /var/www/html/vendor/illuminate/view/FileViewFinder.php:137
Stack trace:
#0 /var/www/html/vendor/illuminate/view/FileViewFinder.php(79): Illuminate\View\FileViewFinder->findInPaths('user.login.twoF...', Array)
#1 /var/www/html/vendor/illuminate/view/Factory.php(130): Illuminate\View\FileViewFinder->find('user.login.twoF...')
#2 /var/www/html/vendor/illuminate/mail/Mailer.php(353): Illuminate\View\Factory->make('user.login.twoF...', Array)
#3 /var/www/html/vendor/illuminate/mail/Mailer.php(326): Illuminate\Mail\Mailer->renderView('user.login.twoF...', Array)
#4 /var/www/html/vendor/illuminate/mail/Mailer.php(244): Illuminate\Mail\Mailer->addContent(Object(Illuminate\Mail\Message), 'user.login.twoF...', NULL, NULL, Array)
#5 /var/www/html/vendor/illuminate/mail/Mailable.php(159): Illuminate\Mail\Mailer->send('user.login.twoF...', Array, Object(Closure))
#6 /var/www/html/vendor/illuminate/support/Traits/Localizable.php(19): Illuminate\Mail\Mailable->Illuminate\Mail\{closure}()
#7 /var/www/html/vendor/illuminate/mail/Mailable.php(160): Illuminate\Mail\Mailable->withLocale(NULL, Object(Closure))
#8 /var/www/html/vendor/illuminate/mail/Mailer.php(275): Illuminate\Mail\Mailable->send(Object(Illuminate\Mail\Mailer))
#9 /var/www/html/vendor/illuminate/mail/Mailer.php(229): Illuminate\Mail\Mailer->sendMailable(Object(App\Mail\TwoFactorAuth))
#10 /var/www/html/vendor/illuminate/mail/PendingMail.php(127): Illuminate\Mail\Mailer->send(Object(App\Mail\TwoFactorAuth))
#11 /var/www/html/app/Http/Controllers/UsersController.php(223): Illuminate\Mail\PendingMail->send(Object(App\Mail\TwoFactorAuth))
#12 /var/www/html/app/Http/Controllers/UsersController.php(85): App\Http\Controllers\UsersController->TwoFactorAuth(Object(App\Model\User), NULL)
#13 [internal function]: App\Http\Controllers\UsersController->login(Object(Laravel\Lumen\Http\Request))
#14 /var/www/html/vendor/illuminate/container/BoundMethod.php(32): call_user_func_array(Array, Array)
#15 /var/www/html/vendor/illuminate/container/BoundMethod.php(90): Illuminate\Container\BoundMethod::Illuminate\Container\{closure}()
#16 /var/www/html/vendor/illuminate/container/BoundMethod.php(34): Illuminate\Container\BoundMethod::callBoundMethod(Object(Laravel\Lumen\Application), Array, Object(Closure))
#17 /var/www/html/vendor/illuminate/container/Container.php(580): Illuminate\Container\BoundMethod::call(Object(Laravel\Lumen\Application), Array, Array, NULL)
#18 /var/www/html/vendor/laravel/lumen-framework/src/Concerns/RoutesRequests.php(376): Illuminate\Container\Container->call(Array, Array)
#19 /var/www/html/vendor/laravel/lumen-framework/src/Concerns/RoutesRequests.php(342): Laravel\Lumen\Application->callControllerCallable(Array, Array)
#20 /var/www/html/vendor/laravel/lumen-framework/src/Concerns/RoutesRequests.php(316): Laravel\Lumen\Application->callLumenController(Object(App\Http\Controllers\UsersController), 'login', Array)
#21 /var/www/html/vendor/laravel/lumen-framework/src/Concerns/RoutesRequests.php(278): Laravel\Lumen\Application->callControllerAction(Array)
#22 /var/www/html/vendor/laravel/lumen-framework/src/Concerns/RoutesRequests.php(263): Laravel\Lumen\Application->callActionOnArrayBasedRoute(Array)
#23 /var/www/html/vendor/laravel/lumen-framework/src/Concerns/RoutesRequests.php(165): Laravel\Lumen\Application->handleFoundRoute(Array)
#24 [internal function]: Laravel\Lumen\Application->Laravel\Lumen\Concerns\{closure}(Object(Laravel\Lumen\Http\Request))
#25 /var/www/html/vendor/laravel/lumen-framework/src/Routing/Pipeline.php(52): call_user_func(Object(Closure), Object(Laravel\Lumen\Http\Request))
#26 /var/www/html/app/Http/Middleware/SetLocaleMiddleware.php(35): Laravel\Lumen\Routing\Pipeline->Laravel\Lumen\Routing\{closure}(Object(Laravel\Lumen\Http\Request))
#27 /var/www/html/vendor/illuminate/pipeline/Pipeline.php(163): App\Http\Middleware\SetLocaleMiddleware->handle(Object(Laravel\Lumen\Http\Request), Object(Closure))
#28 [internal function]: Illuminate\Pipeline\Pipeline->Illuminate\Pipeline\{closure}(Object(Laravel\Lumen\Http\Request))
#29 /var/www/html/vendor/laravel/lumen-framework/src/Routing/Pipeline.php(32): call_user_func(Object(Closure), Object(Laravel\Lumen\Http\Request))
#30 /var/www/html/app/Http/Middleware/CORSMiddleware.php(34): Laravel\Lumen\Routing\Pipeline->Laravel\Lumen\Routing\{closure}(Object(Laravel\Lumen\Http\Request))
#31 /var/www/html/vendor/illuminate/pipeline/Pipeline.php(163): App\Http\Middleware\CORSMiddleware->handle(Object(Laravel\Lumen\Http\Request), Object(Closure))
#32 [internal function]: Illuminate\Pipeline\Pipeline->Illuminate\Pipeline\{closure}(Object(Laravel\Lumen\Http\Request))
#33 /var/www/html/vendor/laravel/lumen-framework/src/Routing/Pipeline.php(32): call_user_func(Object(Closure), Object(Laravel\Lumen\Http\Request))
#34 /var/www/html/app/Http/Middleware/ValidateJsonFormatMiddleware.php(28): Laravel\Lumen\Routing\Pipeline->Laravel\Lumen\Routing\{closure}(Object(Laravel\Lumen\Http\Request))
#35 /var/www/html/vendor/illuminate/pipeline/Pipeline.php(163): App\Http\Middleware\ValidateJsonFormatMiddleware->handle(Object(Laravel\Lumen\Http\Request), Object(Closure))
#36 [internal function]: Illuminate\Pipeline\Pipeline->Illuminate\Pipeline\{closure}(Object(Laravel\Lumen\Http\Request))
#37 /var/www/html/vendor/laravel/lumen-framework/src/Routing/Pipeline.php(32): call_user_func(Object(Closure), Object(Laravel\Lumen\Http\Request))
#38 /var/www/html/vendor/illuminate/pipeline/Pipeline.php(104): Laravel\Lumen\Routing\Pipeline->Laravel\Lumen\Routing\{closure}(Object(Laravel\Lumen\Http\Request))
#39 /var/www/html/vendor/laravel/lumen-framework/src/Concerns/RoutesRequests.php(413): Illuminate\Pipeline\Pipeline->then(Object(Closure))
#40 /var/www/html/vendor/laravel/lumen-framework/src/Concerns/RoutesRequests.php(171): Laravel\Lumen\Application->sendThroughPipeline(Array, Object(Closure))
#41 /var/www/html/vendor/laravel/lumen-framework/src/Concerns/RoutesRequests.php(108): Laravel\Lumen\Application->dispatch(NULL)
#42 /var/www/html/public/index.php(28): Laravel\Lumen\Application->run()
#43 {main} {"exception":"[object] (InvalidArgumentException(code: 0): View [user.login.twoFactorAuth] not found. at /var/www/html/vendor/illuminate/view/FileViewFinder.php:137)
[stacktrace]
#0 /var/www/html/vendor/illuminate/view/FileViewFinder.php(79): Illuminate\\View\\FileViewFinder->findInPaths('user.login.twoF...', Array)
#1 /var/www/html/vendor/illuminate/view/Factory.php(130): Illuminate\\View\\FileViewFinder->find('user.login.twoF...')
#2 /var/www/html/vendor/illuminate/mail/Mailer.php(353): Illuminate\\View\\Factory->make('user.login.twoF...', Array)
#3 /var/www/html/vendor/illuminate/mail/Mailer.php(326): Illuminate\\Mail\\Mailer->renderView('user.login.twoF...', Array)
#4 /var/www/html/vendor/illuminate/mail/Mailer.php(244): Illuminate\\Mail\\Mailer->addContent(Object(Illuminate\\Mail\\Message), 'user.login.twoF...', NULL, NULL, Array)
#5 /var/www/html/vendor/illuminate/mail/Mailable.php(159): Illuminate\\Mail\\Mailer->send('user.login.twoF...', Array, Object(Closure))
#6 /var/www/html/vendor/illuminate/support/Traits/Localizable.php(19): Illuminate\\Mail\\Mailable->Illuminate\\Mail\\{closure}()
#7 /var/www/html/vendor/illuminate/mail/Mailable.php(160): Illuminate\\Mail\\Mailable->withLocale(NULL, Object(Closure))
#8 /var/www/html/vendor/illuminate/mail/Mailer.php(275): Illuminate\\Mail\\Mailable->send(Object(Illuminate\\Mail\\Mailer))
#9 /var/www/html/vendor/illuminate/mail/Mailer.php(229): Illuminate\\Mail\\Mailer->sendMailable(Object(App\\Mail\\TwoFactorAuth))
#10 /var/www/html/vendor/illuminate/mail/PendingMail.php(127): Illuminate\\Mail\\Mailer->send(Object(App\\Mail\\TwoFactorAuth))
#11 /var/www/html/app/Http/Controllers/UsersController.php(223): Illuminate\\Mail\\PendingMail->send(Object(App\\Mail\\TwoFactorAuth))
#12 /var/www/html/app/Http/Controllers/UsersController.php(85): App\\Http\\Controllers\\UsersController->TwoFactorAuth(Object(App\\Model\\User), NULL)
#13 [internal function]: App\\Http\\Controllers\\UsersController->login(Object(Laravel\\Lumen\\Http\\Request))
#14 /var/www/html/vendor/illuminate/container/BoundMethod.php(32): call_user_func_array(Array, Array)
#15 /var/www/html/vendor/illuminate/container/BoundMethod.php(90): Illuminate\\Container\\BoundMethod::Illuminate\\Container\\{closure}()
#16 /var/www/html/vendor/illuminate/container/BoundMethod.php(34): Illuminate\\Container\\BoundMethod::callBoundMethod(Object(Laravel\\Lumen\\Application), Array, Object(Closure))
#17 /var/www/html/vendor/illuminate/container/Container.php(580): Illuminate\\Container\\BoundMethod::call(Object(Laravel\\Lumen\\Application), Array, Array, NULL)
#18 /var/www/html/vendor/laravel/lumen-framework/src/Concerns/RoutesRequests.php(376): Illuminate\\Container\\Container->call(Array, Array)
#19 /var/www/html/vendor/laravel/lumen-framework/src/Concerns/RoutesRequests.php(342): Laravel\\Lumen\\Application->callControllerCallable(Array, Array)
#20 /var/www/html/vendor/laravel/lumen-framework/src/Concerns/RoutesRequests.php(316): Laravel\\Lumen\\Application->callLumenController(Object(App\\Http\\Controllers\\UsersController), 'login', Array)
#21 /var/www/html/vendor/laravel/lumen-framework/src/Concerns/RoutesRequests.php(278): Laravel\\Lumen\\Application->callControllerAction(Array)
#22 /var/www/html/vendor/laravel/lumen-framework/src/Concerns/RoutesRequests.php(263): Laravel\\Lumen\\Application->callActionOnArrayBasedRoute(Array)
#23 /var/www/html/vendor/laravel/lumen-framework/src/Concerns/RoutesRequests.php(165): Laravel\\Lumen\\Application->handleFoundRoute(Array)
#24 [internal function]: Laravel\\Lumen\\Application->Laravel\\Lumen\\Concerns\\{closure}(Object(Laravel\\Lumen\\Http\\Request))
#25 /var/www/html/vendor/laravel/lumen-framework/src/Routing/Pipeline.php(52): call_user_func(Object(Closure), Object(Laravel\\Lumen\\Http\\Request))
#26 /var/www/html/app/Http/Middleware/SetLocaleMiddleware.php(35): Laravel\\Lumen\\Routing\\Pipeline->Laravel\\Lumen\\Routing\\{closure}(Object(Laravel\\Lumen\\Http\\Request))
#27 /var/www/html/vendor/illuminate/pipeline/Pipeline.php(163): App\\Http\\Middleware\\SetLocaleMiddleware->handle(Object(Laravel\\Lumen\\Http\\Request), Object(Closure))
#28 [internal function]: Illuminate\\Pipeline\\Pipeline->Illuminate\\Pipeline\\{closure}(Object(Laravel\\Lumen\\Http\\Request))
#29 /var/www/html/vendor/laravel/lumen-framework/src/Routing/Pipeline.php(32): call_user_func(Object(Closure), Object(Laravel\\Lumen\\Http\\Request))
#30 /var/www/html/app/Http/Middleware/CORSMiddleware.php(34): Laravel\\Lumen\\Routing\\Pipeline->Laravel\\Lumen\\Routing\\{closure}(Object(Laravel\\Lumen\\Http\\Request))
#31 /var/www/html/vendor/illuminate/pipeline/Pipeline.php(163): App\\Http\\Middleware\\CORSMiddleware->handle(Object(Laravel\\Lumen\\Http\\Request), Object(Closure))
#32 [internal function]: Illuminate\\Pipeline\\Pipeline->Illuminate\\Pipeline\\{closure}(Object(Laravel\\Lumen\\Http\\Request))
#33 /var/www/html/vendor/laravel/lumen-framework/src/Routing/Pipeline.php(32): call_user_func(Object(Closure), Object(Laravel\\Lumen\\Http\\Request))
#34 /var/www/html/app/Http/Middleware/ValidateJsonFormatMiddleware.php(28): Laravel\\Lumen\\Routing\\Pipeline->Laravel\\Lumen\\Routing\\{closure}(Object(Laravel\\Lumen\\Http\\Request))
#35 /var/www/html/vendor/illuminate/pipeline/Pipeline.php(163): App\\Http\\Middleware\\ValidateJsonFormatMiddleware->handle(Object(Laravel\\Lumen\\Http\\Request), Object(Closure))
#36 [internal function]: Illuminate\\Pipeline\\Pipeline->Illuminate\\Pipeline\\{closure}(Object(Laravel\\Lumen\\Http\\Request))
#37 /var/www/html/vendor/laravel/lumen-framework/src/Routing/Pipeline.php(32): call_user_func(Object(Closure), Object(Laravel\\Lumen\\Http\\Request))
#38 /var/www/html/vendor/illuminate/pipeline/Pipeline.php(104): Laravel\\Lumen\\Routing\\Pipeline->Laravel\\Lumen\\Routing\\{closure}(Object(Laravel\\Lumen\\Http\\Request))
#39 /var/www/html/vendor/laravel/lumen-framework/src/Concerns/RoutesRequests.php(413): Illuminate\\Pipeline\\Pipeline->then(Object(Closure))
#40 /var/www/html/vendor/laravel/lumen-framework/src/Concerns/RoutesRequests.php(171): Laravel\\Lumen\\Application->sendThroughPipeline(Array, Object(Closure))
#41 /var/www/html/vendor/laravel/lumen-framework/src/Concerns/RoutesRequests.php(108): Laravel\\Lumen\\Application->dispatch(NULL)
#42 /var/www/html/public/index.php(28): Laravel\\Lumen\\Application->run()
#43 {main}
"} 
[2019-11-09 17:01:32] local.ERROR: InvalidArgumentException: View [user.login.twoFactorAuth] not found. in /var/www/html/vendor/illuminate/view/FileViewFinder.php:137
Stack trace:
#0 /var/www/html/vendor/illuminate/view/FileViewFinder.php(79): Illuminate\View\FileViewFinder->findInPaths('user.login.twoF...', Array)
#1 /var/www/html/vendor/illuminate/view/Factory.php(130): Illuminate\View\FileViewFinder->find('user.login.twoF...')
#2 /var/www/html/vendor/illuminate/mail/Mailer.php(353): Illuminate\View\Factory->make('user.login.twoF...', Array)
#3 /var/www/html/vendor/illuminate/mail/Mailer.php(326): Illuminate\Mail\Mailer->renderView('user.login.twoF...', Array)
#4 /var/www/html/vendor/illuminate/mail/Mailer.php(244): Illuminate\Mail\Mailer->addContent(Object(Illuminate\Mail\Message), 'user.login.twoF...', NULL, NULL, Array)
#5 /var/www/html/vendor/illuminate/mail/Mailable.php(159): Illuminate\Mail\Mailer->send('user.login.twoF...', Array, Object(Closure))
#6 /var/www/html/vendor/illuminate/support/Traits/Localizable.php(19): Illuminate\Mail\Mailable->Illuminate\Mail\{closure}()
#7 /var/www/html/vendor/illuminate/mail/Mailable.php(160): Illuminate\Mail\Mailable->withLocale(NULL, Object(Closure))
#8 /var/www/html/vendor/illuminate/mail/Mailer.php(275): Illuminate\Mail\Mailable->send(Object(Illuminate\Mail\Mailer))
#9 /var/www/html/vendor/illuminate/mail/Mailer.php(229): Illuminate\Mail\Mailer->sendMailable(Object(App\Mail\TwoFactorAuth))
#10 /var/www/html/vendor/illuminate/mail/PendingMail.php(127): Illuminate\Mail\Mailer->send(Object(App\Mail\TwoFactorAuth))
#11 /var/www/html/app/Http/Controllers/UsersController.php(223): Illuminate\Mail\PendingMail->send(Object(App\Mail\TwoFactorAuth))
#12 /var/www/html/app/Http/Controllers/UsersController.php(85): App\Http\Controllers\UsersController->TwoFactorAuth(Object(App\Model\User), NULL)
#13 [internal function]: App\Http\Controllers\UsersController->login(Object(Laravel\Lumen\Http\Request))
#14 /var/www/html/vendor/illuminate/container/BoundMethod.php(32): call_user_func_array(Array, Array)
#15 /var/www/html/vendor/illuminate/container/BoundMethod.php(90): Illuminate\Container\BoundMethod::Illuminate\Container\{closure}()
#16 /var/www/html/vendor/illuminate/container/BoundMethod.php(34): Illuminate\Container\BoundMethod::callBoundMethod(Object(Laravel\Lumen\Application), Array, Object(Closure))
#17 /var/www/html/vendor/illuminate/container/Container.php(580): Illuminate\Container\BoundMethod::call(Object(Laravel\Lumen\Application), Array, Array, NULL)
#18 /var/www/html/vendor/laravel/lumen-framework/src/Concerns/RoutesRequests.php(376): Illuminate\Container\Container->call(Array, Array)
#19 /var/www/html/vendor/laravel/lumen-framework/src/Concerns/RoutesRequests.php(342): Laravel\Lumen\Application->callControllerCallable(Array, Array)
#20 /var/www/html/vendor/laravel/lumen-framework/src/Concerns/RoutesRequests.php(316): Laravel\Lumen\Application->callLumenController(Object(App\Http\Controllers\UsersController), 'login', Array)
#21 /var/www/html/vendor/laravel/lumen-framework/src/Concerns/RoutesRequests.php(278): Laravel\Lumen\Application->callControllerAction(Array)
#22 /var/www/html/vendor/laravel/lumen-framework/src/Concerns/RoutesRequests.php(263): Laravel\Lumen\Application->callActionOnArrayBasedRoute(Array)
#23 /var/www/html/vendor/laravel/lumen-framework/src/Concerns/RoutesRequests.php(165): Laravel\Lumen\Application->handleFoundRoute(Array)
#24 [internal function]: Laravel\Lumen\Application->Laravel\Lumen\Concerns\{closure}(Object(Laravel\Lumen\Http\Request))
#25 /var/www/html/vendor/laravel/lumen-framework/src/Routing/Pipeline.php(52): call_user_func(Object(Closure), Object(Laravel\Lumen\Http\Request))
#26 /var/www/html/app/Http/Middleware/SetLocaleMiddleware.php(35): Laravel\Lumen\Routing\Pipeline->Laravel\Lumen\Routing\{closure}(Object(Laravel\Lumen\Http\Request))
#27 /var/www/html/vendor/illuminate/pipeline/Pipeline.php(163): App\Http\Middleware\SetLocaleMiddleware->handle(Object(Laravel\Lumen\Http\Request), Object(Closure))
#28 [internal function]: Illuminate\Pipeline\Pipeline->Illuminate\Pipeline\{closure}(Object(Laravel\Lumen\Http\Request))
#29 /var/www/html/vendor/laravel/lumen-framework/src/Routing/Pipeline.php(32): call_user_func(Object(Closure), Object(Laravel\Lumen\Http\Request))
#30 /var/www/html/app/Http/Middleware/CORSMiddleware.php(34): Laravel\Lumen\Routing\Pipeline->Laravel\Lumen\Routing\{closure}(Object(Laravel\Lumen\Http\Request))
#31 /var/www/html/vendor/illuminate/pipeline/Pipeline.php(163): App\Http\Middleware\CORSMiddleware->handle(Object(Laravel\Lumen\Http\Request), Object(Closure))
#32 [internal function]: Illuminate\Pipeline\Pipeline->Illuminate\Pipeline\{closure}(Object(Laravel\Lumen\Http\Request))
#33 /var/www/html/vendor/laravel/lumen-framework/src/Routing/Pipeline.php(32): call_user_func(Object(Closure), Object(Laravel\Lumen\Http\Request))
#34 /var/www/html/app/Http/Middleware/ValidateJsonFormatMiddleware.php(28): Laravel\Lumen\Routing\Pipeline->Laravel\Lumen\Routing\{closure}(Object(Laravel\Lumen\Http\Request))
#35 /var/www/html/vendor/illuminate/pipeline/Pipeline.php(163): App\Http\Middleware\ValidateJsonFormatMiddleware->handle(Object(Laravel\Lumen\Http\Request), Object(Closure))
#36 [internal function]: Illuminate\Pipeline\Pipeline->Illuminate\Pipeline\{closure}(Object(Laravel\Lumen\Http\Request))
#37 /var/www/html/vendor/laravel/lumen-framework/src/Routing/Pipeline.php(32): call_user_func(Object(Closure), Object(Laravel\Lumen\Http\Request))
#38 /var/www/html/vendor/illuminate/pipeline/Pipeline.php(104): Laravel\Lumen\Routing\Pipeline->Laravel\Lumen\Routing\{closure}(Object(Laravel\Lumen\Http\Request))
#39 /var/www/html/vendor/laravel/lumen-framework/src/Concerns/RoutesRequests.php(413): Illuminate\Pipeline\Pipeline->then(Object(Closure))
#40 /var/www/html/vendor/laravel/lumen-framework/src/Concerns/RoutesRequests.php(171): Laravel\Lumen\Application->sendThroughPipeline(Array, Object(Closure))
#41 /var/www/html/vendor/laravel/lumen-framework/src/Concerns/RoutesRequests.php(108): Laravel\Lumen\Application->dispatch(NULL)
#42 /var/www/html/public/index.php(28): Laravel\Lumen\Application->run()
#43 {main} {"exception":"[object] (InvalidArgumentException(code: 0): View [user.login.twoFactorAuth] not found. at /var/www/html/vendor/illuminate/view/FileViewFinder.php:137)
[stacktrace]
#0 /var/www/html/vendor/illuminate/view/FileViewFinder.php(79): Illuminate\\View\\FileViewFinder->findInPaths('user.login.twoF...', Array)
#1 /var/www/html/vendor/illuminate/view/Factory.php(130): Illuminate\\View\\FileViewFinder->find('user.login.twoF...')
#2 /var/www/html/vendor/illuminate/mail/Mailer.php(353): Illuminate\\View\\Factory->make('user.login.twoF...', Array)
#3 /var/www/html/vendor/illuminate/mail/Mailer.php(326): Illuminate\\Mail\\Mailer->renderView('user.login.twoF...', Array)
#4 /var/www/html/vendor/illuminate/mail/Mailer.php(244): Illuminate\\Mail\\Mailer->addContent(Object(Illuminate\\Mail\\Message), 'user.login.twoF...', NULL, NULL, Array)
#5 /var/www/html/vendor/illuminate/mail/Mailable.php(159): Illuminate\\Mail\\Mailer->send('user.login.twoF...', Array, Object(Closure))
#6 /var/www/html/vendor/illuminate/support/Traits/Localizable.php(19): Illuminate\\Mail\\Mailable->Illuminate\\Mail\\{closure}()
#7 /var/www/html/vendor/illuminate/mail/Mailable.php(160): Illuminate\\Mail\\Mailable->withLocale(NULL, Object(Closure))
#8 /var/www/html/vendor/illuminate/mail/Mailer.php(275): Illuminate\\Mail\\Mailable->send(Object(Illuminate\\Mail\\Mailer))
#9 /var/www/html/vendor/illuminate/mail/Mailer.php(229): Illuminate\\Mail\\Mailer->sendMailable(Object(App\\Mail\\TwoFactorAuth))
#10 /var/www/html/vendor/illuminate/mail/PendingMail.php(127): Illuminate\\Mail\\Mailer->send(Object(App\\Mail\\TwoFactorAuth))
#11 /var/www/html/app/Http/Controllers/UsersController.php(223): Illuminate\\Mail\\PendingMail->send(Object(App\\Mail\\TwoFactorAuth))
#12 /var/www/html/app/Http/Controllers/UsersController.php(85): App\\Http\\Controllers\\UsersController->TwoFactorAuth(Object(App\\Model\\User), NULL)
#13 [internal function]: App\\Http\\Controllers\\UsersController->login(Object(Laravel\\Lumen\\Http\\Request))
#14 /var/www/html/vendor/illuminate/container/BoundMethod.php(32): call_user_func_array(Array, Array)
#15 /var/www/html/vendor/illuminate/container/BoundMethod.php(90): Illuminate\\Container\\BoundMethod::Illuminate\\Container\\{closure}()
#16 /var/www/html/vendor/illuminate/container/BoundMethod.php(34): Illuminate\\Container\\BoundMethod::callBoundMethod(Object(Laravel\\Lumen\\Application), Array, Object(Closure))
#17 /var/www/html/vendor/illuminate/container/Container.php(580): Illuminate\\Container\\BoundMethod::call(Object(Laravel\\Lumen\\Application), Array, Array, NULL)
#18 /var/www/html/vendor/laravel/lumen-framework/src/Concerns/RoutesRequests.php(376): Illuminate\\Container\\Container->call(Array, Array)
#19 /var/www/html/vendor/laravel/lumen-framework/src/Concerns/RoutesRequests.php(342): Laravel\\Lumen\\Application->callControllerCallable(Array, Array)
#20 /var/www/html/vendor/laravel/lumen-framework/src/Concerns/RoutesRequests.php(316): Laravel\\Lumen\\Application->callLumenController(Object(App\\Http\\Controllers\\UsersController), 'login', Array)
#21 /var/www/html/vendor/laravel/lumen-framework/src/Concerns/RoutesRequests.php(278): Laravel\\Lumen\\Application->callControllerAction(Array)
#22 /var/www/html/vendor/laravel/lumen-framework/src/Concerns/RoutesRequests.php(263): Laravel\\Lumen\\Application->callActionOnArrayBasedRoute(Array)
#23 /var/www/html/vendor/laravel/lumen-framework/src/Concerns/RoutesRequests.php(165): Laravel\\Lumen\\Application->handleFoundRoute(Array)
#24 [internal function]: Laravel\\Lumen\\Application->Laravel\\Lumen\\Concerns\\{closure}(Object(Laravel\\Lumen\\Http\\Request))
#25 /var/www/html/vendor/laravel/lumen-framework/src/Routing/Pipeline.php(52): call_user_func(Object(Closure), Object(Laravel\\Lumen\\Http\\Request))
#26 /var/www/html/app/Http/Middleware/SetLocaleMiddleware.php(35): Laravel\\Lumen\\Routing\\Pipeline->Laravel\\Lumen\\Routing\\{closure}(Object(Laravel\\Lumen\\Http\\Request))
#27 /var/www/html/vendor/illuminate/pipeline/Pipeline.php(163): App\\Http\\Middleware\\SetLocaleMiddleware->handle(Object(Laravel\\Lumen\\Http\\Request), Object(Closure))
#28 [internal function]: Illuminate\\Pipeline\\Pipeline->Illuminate\\Pipeline\\{closure}(Object(Laravel\\Lumen\\Http\\Request))
#29 /var/www/html/vendor/laravel/lumen-framework/src/Routing/Pipeline.php(32): call_user_func(Object(Closure), Object(Laravel\\Lumen\\Http\\Request))
#30 /var/www/html/app/Http/Middleware/CORSMiddleware.php(34): Laravel\\Lumen\\Routing\\Pipeline->Laravel\\Lumen\\Routing\\{closure}(Object(Laravel\\Lumen\\Http\\Request))
#31 /var/www/html/vendor/illuminate/pipeline/Pipeline.php(163): App\\Http\\Middleware\\CORSMiddleware->handle(Object(Laravel\\Lumen\\Http\\Request), Object(Closure))
#32 [internal function]: Illuminate\\Pipeline\\Pipeline->Illuminate\\Pipeline\\{closure}(Object(Laravel\\Lumen\\Http\\Request))
#33 /var/www/html/vendor/laravel/lumen-framework/src/Routing/Pipeline.php(32): call_user_func(Object(Closure), Object(Laravel\\Lumen\\Http\\Request))
#34 /var/www/html/app/Http/Middleware/ValidateJsonFormatMiddleware.php(28): Laravel\\Lumen\\Routing\\Pipeline->Laravel\\Lumen\\Routing\\{closure}(Object(Laravel\\Lumen\\Http\\Request))
#35 /var/www/html/vendor/illuminate/pipeline/Pipeline.php(163): App\\Http\\Middleware\\ValidateJsonFormatMiddleware->handle(Object(Laravel\\Lumen\\Http\\Request), Object(Closure))
#36 [internal function]: Illuminate\\Pipeline\\Pipeline->Illuminate\\Pipeline\\{closure}(Object(Laravel\\Lumen\\Http\\Request))
#37 /var/www/html/vendor/laravel/lumen-framework/src/Routing/Pipeline.php(32): call_user_func(Object(Closure), Object(Laravel\\Lumen\\Http\\Request))
#38 /var/www/html/vendor/illuminate/pipeline/Pipeline.php(104): Laravel\\Lumen\\Routing\\Pipeline->Laravel\\Lumen\\Routing\\{closure}(Object(Laravel\\Lumen\\Http\\Request))
#39 /var/www/html/vendor/laravel/lumen-framework/src/Concerns/RoutesRequests.php(413): Illuminate\\Pipeline\\Pipeline->then(Object(Closure))
#40 /var/www/html/vendor/laravel/lumen-framework/src/Concerns/RoutesRequests.php(171): Laravel\\Lumen\\Application->sendThroughPipeline(Array, Object(Closure))
#41 /var/www/html/vendor/laravel/lumen-framework/src/Concerns/RoutesRequests.php(108): Laravel\\Lumen\\Application->dispatch(NULL)
#42 /var/www/html/public/index.php(28): Laravel\\Lumen\\Application->run()
#43 {main}
"} 
