[2019-10-30 20:06:45] production.ERROR: ErrorException: Object of class Illuminate\Support\Carbon could not be converted to number in D:\xampp\htdocs\law5\app\Http\Controllers\OldCertificateController.php:80
Stack trace:
#0 D:\xampp\htdocs\law5\app\Http\Controllers\OldCertificateController.php(80): Laravel\Lumen\Application->Laravel\Lumen\Concerns\{closure}(8, 'Object of class...', 'D:\\xampp\\htdocs...', 80, Array)
#1 [internal function]: App\Http\Controllers\OldCertificateController->show(Object(Laravel\Lumen\Http\Request), 'LAW5-1')
#2 D:\xampp\htdocs\law5\vendor\illuminate\container\BoundMethod.php(32): call_user_func_array(Array, Array)
#3 D:\xampp\htdocs\law5\vendor\illuminate\container\BoundMethod.php(90): Illuminate\Container\BoundMethod::Illuminate\Container\{closure}()
#4 D:\xampp\htdocs\law5\vendor\illuminate\container\BoundMethod.php(34): Illuminate\Container\BoundMethod::callBoundMethod(Object(Laravel\Lumen\Application), Array, Object(Closure))
#5 D:\xampp\htdocs\law5\vendor\illuminate\container\Container.php(580): Illuminate\Container\BoundMethod::call(Object(Laravel\Lumen\Application), Array, Array, NULL)
#6 D:\xampp\htdocs\law5\vendor\laravel\lumen-framework\src\Concerns\RoutesRequests.php(376): Illuminate\Container\Container->call(Array, Array)
#7 D:\xampp\htdocs\law5\vendor\laravel\lumen-framework\src\Concerns\RoutesRequests.php(342): Laravel\Lumen\Application->callControllerCallable(Array, Array)
#8 D:\xampp\htdocs\law5\vendor\laravel\lumen-framework\src\Concerns\RoutesRequests.php(316): Laravel\Lumen\Application->callLumenController(Object(App\Http\Controllers\OldCertificateController), 'show', Array)
#9 D:\xampp\htdocs\law5\vendor\laravel\lumen-framework\src\Concerns\RoutesRequests.php(278): Laravel\Lumen\Application->callControllerAction(Array)
#10 D:\xampp\htdocs\law5\vendor\laravel\lumen-framework\src\Concerns\RoutesRequests.php(258): Laravel\Lumen\Application->callActionOnArrayBasedRoute(Array)
#11 [internal function]: Laravel\Lumen\Application->Laravel\Lumen\Concerns\{closure}(Object(Laravel\Lumen\Http\Request))
#12 D:\xampp\htdocs\law5\vendor\laravel\lumen-framework\src\Routing\Pipeline.php(52): call_user_func(Object(Closure), Object(Laravel\Lumen\Http\Request))
#13 D:\xampp\htdocs\law5\app\Http\Middleware\PermissionFor.php(62): Laravel\Lumen\Routing\Pipeline->Laravel\Lumen\Routing\{closure}(Object(Laravel\Lumen\Http\Request))
#14 D:\xampp\htdocs\law5\vendor\illuminate\pipeline\Pipeline.php(163): App\Http\Middleware\PermissionFor->handle(Object(Laravel\Lumen\Http\Request), Object(Closure), 'Admin')
#15 [internal function]: Illuminate\Pipeline\Pipeline->Illuminate\Pipeline\{closure}(Object(Laravel\Lumen\Http\Request))
#16 D:\xampp\htdocs\law5\vendor\laravel\lumen-framework\src\Routing\Pipeline.php(32): call_user_func(Object(Closure), Object(Laravel\Lumen\Http\Request))
#17 D:\xampp\htdocs\law5\vendor\illuminate\pipeline\Pipeline.php(104): Laravel\Lumen\Routing\Pipeline->Laravel\Lumen\Routing\{closure}(Object(Laravel\Lumen\Http\Request))
#18 D:\xampp\htdocs\law5\vendor\laravel\lumen-framework\src\Concerns\RoutesRequests.php(413): Illuminate\Pipeline\Pipeline->then(Object(Closure))
#19 D:\xampp\htdocs\law5\vendor\laravel\lumen-framework\src\Concerns\RoutesRequests.php(259): Laravel\Lumen\Application->sendThroughPipeline(Array, Object(Closure))
#20 D:\xampp\htdocs\law5\vendor\laravel\lumen-framework\src\Concerns\RoutesRequests.php(233): Laravel\Lumen\Application->handleFoundRoute(Array)
#21 D:\xampp\htdocs\law5\vendor\laravel\lumen-framework\src\Concerns\RoutesRequests.php(169): Laravel\Lumen\Application->handleDispatcherResponse(Array)
#22 [internal function]: Laravel\Lumen\Application->Laravel\Lumen\Concerns\{closure}(Object(Laravel\Lumen\Http\Request))
#23 D:\xampp\htdocs\law5\vendor\laravel\lumen-framework\src\Routing\Pipeline.php(52): call_user_func(Object(Closure), Object(Laravel\Lumen\Http\Request))
#24 D:\xampp\htdocs\law5\app\Http\Middleware\SetLocaleMiddleware.php(35): Laravel\Lumen\Routing\Pipeline->Laravel\Lumen\Routing\{closure}(Object(Laravel\Lumen\Http\Request))
#25 D:\xampp\htdocs\law5\vendor\illuminate\pipeline\Pipeline.php(163): App\Http\Middleware\SetLocaleMiddleware->handle(Object(Laravel\Lumen\Http\Request), Object(Closure))
#26 [internal function]: Illuminate\Pipeline\Pipeline->Illuminate\Pipeline\{closure}(Object(Laravel\Lumen\Http\Request))
#27 D:\xampp\htdocs\law5\vendor\laravel\lumen-framework\src\Routing\Pipeline.php(32): call_user_func(Object(Closure), Object(Laravel\Lumen\Http\Request))
#28 D:\xampp\htdocs\law5\app\Http\Middleware\CORSMiddleware.php(34): Laravel\Lumen\Routing\Pipeline->Laravel\Lumen\Routing\{closure}(Object(Laravel\Lumen\Http\Request))
#29 D:\xampp\htdocs\law5\vendor\illuminate\pipeline\Pipeline.php(163): App\Http\Middleware\CORSMiddleware->handle(Object(Laravel\Lumen\Http\Request), Object(Closure))
#30 [internal function]: Illuminate\Pipeline\Pipeline->Illuminate\Pipeline\{closure}(Object(Laravel\Lumen\Http\Request))
#31 D:\xampp\htdocs\law5\vendor\laravel\lumen-framework\src\Routing\Pipeline.php(32): call_user_func(Object(Closure), Object(Laravel\Lumen\Http\Request))
#32 D:\xampp\htdocs\law5\app\Http\Middleware\ValidateJsonFormatMiddleware.php(28): Laravel\Lumen\Routing\Pipeline->Laravel\Lumen\Routing\{closure}(Object(Laravel\Lumen\Http\Request))
#33 D:\xampp\htdocs\law5\vendor\illuminate\pipeline\Pipeline.php(163): App\Http\Middleware\ValidateJsonFormatMiddleware->handle(Object(Laravel\Lumen\Http\Request), Object(Closure))
#34 [internal function]: Illuminate\Pipeline\Pipeline->Illuminate\Pipeline\{closure}(Object(Laravel\Lumen\Http\Request))
#35 D:\xampp\htdocs\law5\vendor\laravel\lumen-framework\src\Routing\Pipeline.php(32): call_user_func(Object(Closure), Object(Laravel\Lumen\Http\Request))
#36 D:\xampp\htdocs\law5\vendor\illuminate\pipeline\Pipeline.php(104): Laravel\Lumen\Routing\Pipeline->Laravel\Lumen\Routing\{closure}(Object(Laravel\Lumen\Http\Request))
#37 D:\xampp\htdocs\law5\vendor\laravel\lumen-framework\src\Concerns\RoutesRequests.php(413): Illuminate\Pipeline\Pipeline->then(Object(Closure))
#38 D:\xampp\htdocs\law5\vendor\laravel\lumen-framework\src\Concerns\RoutesRequests.php(171): Laravel\Lumen\Application->sendThroughPipeline(Array, Object(Closure))
#39 D:\xampp\htdocs\law5\vendor\laravel\lumen-framework\src\Concerns\RoutesRequests.php(108): Laravel\Lumen\Application->dispatch(NULL)
#40 D:\xampp\htdocs\law5\index.php(28): Laravel\Lumen\Application->run()
#41 {main} {"exception":"[object] (ErrorException(code: 0): Object of class Illuminate\\Support\\Carbon could not be converted to number at D:\\xampp\\htdocs\\law5\\app\\Http\\Controllers\\OldCertificateController.php:80)
[stacktrace]
#0 D:\\xampp\\htdocs\\law5\\app\\Http\\Controllers\\OldCertificateController.php(80): Laravel\\Lumen\\Application->Laravel\\Lumen\\Concerns\\{closure}(8, 'Object of class...', 'D:\\\\xampp\\\\htdocs...', 80, Array)
#1 [internal function]: App\\Http\\Controllers\\OldCertificateController->show(Object(Laravel\\Lumen\\Http\\Request), 'LAW5-1')
#2 D:\\xampp\\htdocs\\law5\\vendor\\illuminate\\container\\BoundMethod.php(32): call_user_func_array(Array, Array)
#3 D:\\xampp\\htdocs\\law5\\vendor\\illuminate\\container\\BoundMethod.php(90): Illuminate\\Container\\BoundMethod::Illuminate\\Container\\{closure}()
#4 D:\\xampp\\htdocs\\law5\\vendor\\illuminate\\container\\BoundMethod.php(34): Illuminate\\Container\\BoundMethod::callBoundMethod(Object(Laravel\\Lumen\\Application), Array, Object(Closure))
#5 D:\\xampp\\htdocs\\law5\\vendor\\illuminate\\container\\Container.php(580): Illuminate\\Container\\BoundMethod::call(Object(Laravel\\Lumen\\Application), Array, Array, NULL)
#6 D:\\xampp\\htdocs\\law5\\vendor\\laravel\\lumen-framework\\src\\Concerns\\RoutesRequests.php(376): Illuminate\\Container\\Container->call(Array, Array)
#7 D:\\xampp\\htdocs\\law5\\vendor\\laravel\\lumen-framework\\src\\Concerns\\RoutesRequests.php(342): Laravel\\Lumen\\Application->callControllerCallable(Array, Array)
#8 D:\\xampp\\htdocs\\law5\\vendor\\laravel\\lumen-framework\\src\\Concerns\\RoutesRequests.php(316): Laravel\\Lumen\\Application->callLumenController(Object(App\\Http\\Controllers\\OldCertificateController), 'show', Array)
#9 D:\\xampp\\htdocs\\law5\\vendor\\laravel\\lumen-framework\\src\\Concerns\\RoutesRequests.php(278): Laravel\\Lumen\\Application->callControllerAction(Array)
#10 D:\\xampp\\htdocs\\law5\\vendor\\laravel\\lumen-framework\\src\\Concerns\\RoutesRequests.php(258): Laravel\\Lumen\\Application->callActionOnArrayBasedRoute(Array)
#11 [internal function]: Laravel\\Lumen\\Application->Laravel\\Lumen\\Concerns\\{closure}(Object(Laravel\\Lumen\\Http\\Request))
#12 D:\\xampp\\htdocs\\law5\\vendor\\laravel\\lumen-framework\\src\\Routing\\Pipeline.php(52): call_user_func(Object(Closure), Object(Laravel\\Lumen\\Http\\Request))
#13 D:\\xampp\\htdocs\\law5\\app\\Http\\Middleware\\PermissionFor.php(62): Laravel\\Lumen\\Routing\\Pipeline->Laravel\\Lumen\\Routing\\{closure}(Object(Laravel\\Lumen\\Http\\Request))
#14 D:\\xampp\\htdocs\\law5\\vendor\\illuminate\\pipeline\\Pipeline.php(163): App\\Http\\Middleware\\PermissionFor->handle(Object(Laravel\\Lumen\\Http\\Request), Object(Closure), 'Admin')
#15 [internal function]: Illuminate\\Pipeline\\Pipeline->Illuminate\\Pipeline\\{closure}(Object(Laravel\\Lumen\\Http\\Request))
#16 D:\\xampp\\htdocs\\law5\\vendor\\laravel\\lumen-framework\\src\\Routing\\Pipeline.php(32): call_user_func(Object(Closure), Object(Laravel\\Lumen\\Http\\Request))
#17 D:\\xampp\\htdocs\\law5\\vendor\\illuminate\\pipeline\\Pipeline.php(104): Laravel\\Lumen\\Routing\\Pipeline->Laravel\\Lumen\\Routing\\{closure}(Object(Laravel\\Lumen\\Http\\Request))
#18 D:\\xampp\\htdocs\\law5\\vendor\\laravel\\lumen-framework\\src\\Concerns\\RoutesRequests.php(413): Illuminate\\Pipeline\\Pipeline->then(Object(Closure))
#19 D:\\xampp\\htdocs\\law5\\vendor\\laravel\\lumen-framework\\src\\Concerns\\RoutesRequests.php(259): Laravel\\Lumen\\Application->sendThroughPipeline(Array, Object(Closure))
#20 D:\\xampp\\htdocs\\law5\\vendor\\laravel\\lumen-framework\\src\\Concerns\\RoutesRequests.php(233): Laravel\\Lumen\\Application->handleFoundRoute(Array)
#21 D:\\xampp\\htdocs\\law5\\vendor\\laravel\\lumen-framework\\src\\Concerns\\RoutesRequests.php(169): Laravel\\Lumen\\Application->handleDispatcherResponse(Array)
#22 [internal function]: Laravel\\Lumen\\Application->Laravel\\Lumen\\Concerns\\{closure}(Object(Laravel\\Lumen\\Http\\Request))
#23 D:\\xampp\\htdocs\\law5\\vendor\\laravel\\lumen-framework\\src\\Routing\\Pipeline.php(52): call_user_func(Object(Closure), Object(Laravel\\Lumen\\Http\\Request))
#24 D:\\xampp\\htdocs\\law5\\app\\Http\\Middleware\\SetLocaleMiddleware.php(35): Laravel\\Lumen\\Routing\\Pipeline->Laravel\\Lumen\\Routing\\{closure}(Object(Laravel\\Lumen\\Http\\Request))
#25 D:\\xampp\\htdocs\\law5\\vendor\\illuminate\\pipeline\\Pipeline.php(163): App\\Http\\Middleware\\SetLocaleMiddleware->handle(Object(Laravel\\Lumen\\Http\\Request), Object(Closure))
#26 [internal function]: Illuminate\\Pipeline\\Pipeline->Illuminate\\Pipeline\\{closure}(Object(Laravel\\Lumen\\Http\\Request))
#27 D:\\xampp\\htdocs\\law5\\vendor\\laravel\\lumen-framework\\src\\Routing\\Pipeline.php(32): call_user_func(Object(Closure), Object(Laravel\\Lumen\\Http\\Request))
#28 D:\\xampp\\htdocs\\law5\\app\\Http\\Middleware\\CORSMiddleware.php(34): Laravel\\Lumen\\Routing\\Pipeline->Laravel\\Lumen\\Routing\\{closure}(Object(Laravel\\Lumen\\Http\\Request))
#29 D:\\xampp\\htdocs\\law5\\vendor\\illuminate\\pipeline\\Pipeline.php(163): App\\Http\\Middleware\\CORSMiddleware->handle(Object(Laravel\\Lumen\\Http\\Request), Object(Closure))
#30 [internal function]: Illuminate\\Pipeline\\Pipeline->Illuminate\\Pipeline\\{closure}(Object(Laravel\\Lumen\\Http\\Request))
#31 D:\\xampp\\htdocs\\law5\\vendor\\laravel\\lumen-framework\\src\\Routing\\Pipeline.php(32): call_user_func(Object(Closure), Object(Laravel\\Lumen\\Http\\Request))
#32 D:\\xampp\\htdocs\\law5\\app\\Http\\Middleware\\ValidateJsonFormatMiddleware.php(28): Laravel\\Lumen\\Routing\\Pipeline->Laravel\\Lumen\\Routing\\{closure}(Object(Laravel\\Lumen\\Http\\Request))
#33 D:\\xampp\\htdocs\\law5\\vendor\\illuminate\\pipeline\\Pipeline.php(163): App\\Http\\Middleware\\ValidateJsonFormatMiddleware->handle(Object(Laravel\\Lumen\\Http\\Request), Object(Closure))
#34 [internal function]: Illuminate\\Pipeline\\Pipeline->Illuminate\\Pipeline\\{closure}(Object(Laravel\\Lumen\\Http\\Request))
#35 D:\\xampp\\htdocs\\law5\\vendor\\laravel\\lumen-framework\\src\\Routing\\Pipeline.php(32): call_user_func(Object(Closure), Object(Laravel\\Lumen\\Http\\Request))
#36 D:\\xampp\\htdocs\\law5\\vendor\\illuminate\\pipeline\\Pipeline.php(104): Laravel\\Lumen\\Routing\\Pipeline->Laravel\\Lumen\\Routing\\{closure}(Object(Laravel\\Lumen\\Http\\Request))
#37 D:\\xampp\\htdocs\\law5\\vendor\\laravel\\lumen-framework\\src\\Concerns\\RoutesRequests.php(413): Illuminate\\Pipeline\\Pipeline->then(Object(Closure))
#38 D:\\xampp\\htdocs\\law5\\vendor\\laravel\\lumen-framework\\src\\Concerns\\RoutesRequests.php(171): Laravel\\Lumen\\Application->sendThroughPipeline(Array, Object(Closure))
#39 D:\\xampp\\htdocs\\law5\\vendor\\laravel\\lumen-framework\\src\\Concerns\\RoutesRequests.php(108): Laravel\\Lumen\\Application->dispatch(NULL)
#40 D:\\xampp\\htdocs\\law5\\index.php(28): Laravel\\Lumen\\Application->run()
#41 {main}
"} 
[2019-10-30 20:06:46] production.ERROR: ErrorException: Object of class Illuminate\Support\Carbon could not be converted to number in D:\xampp\htdocs\law5\app\Http\Controllers\OldCertificateController.php:80
Stack trace:
#0 D:\xampp\htdocs\law5\app\Http\Controllers\OldCertificateController.php(80): Laravel\Lumen\Application->Laravel\Lumen\Concerns\{closure}(8, 'Object of class...', 'D:\\xampp\\htdocs...', 80, Array)
#1 [internal function]: App\Http\Controllers\OldCertificateController->show(Object(Laravel\Lumen\Http\Request), 'LAW5-1')
#2 D:\xampp\htdocs\law5\vendor\illuminate\container\BoundMethod.php(32): call_user_func_array(Array, Array)
#3 D:\xampp\htdocs\law5\vendor\illuminate\container\BoundMethod.php(90): Illuminate\Container\BoundMethod::Illuminate\Container\{closure}()
#4 D:\xampp\htdocs\law5\vendor\illuminate\container\BoundMethod.php(34): Illuminate\Container\BoundMethod::callBoundMethod(Object(Laravel\Lumen\Application), Array, Object(Closure))
#5 D:\xampp\htdocs\law5\vendor\illuminate\container\Container.php(580): Illuminate\Container\BoundMethod::call(Object(Laravel\Lumen\Application), Array, Array, NULL)
#6 D:\xampp\htdocs\law5\vendor\laravel\lumen-framework\src\Concerns\RoutesRequests.php(376): Illuminate\Container\Container->call(Array, Array)
#7 D:\xampp\htdocs\law5\vendor\laravel\lumen-framework\src\Concerns\RoutesRequests.php(342): Laravel\Lumen\Application->callControllerCallable(Array, Array)
#8 D:\xampp\htdocs\law5\vendor\laravel\lumen-framework\src\Concerns\RoutesRequests.php(316): Laravel\Lumen\Application->callLumenController(Object(App\Http\Controllers\OldCertificateController), 'show', Array)
#9 D:\xampp\htdocs\law5\vendor\laravel\lumen-framework\src\Concerns\RoutesRequests.php(278): Laravel\Lumen\Application->callControllerAction(Array)
#10 D:\xampp\htdocs\law5\vendor\laravel\lumen-framework\src\Concerns\RoutesRequests.php(258): Laravel\Lumen\Application->callActionOnArrayBasedRoute(Array)
#11 [internal function]: Laravel\Lumen\Application->Laravel\Lumen\Concerns\{closure}(Object(Laravel\Lumen\Http\Request))
#12 D:\xampp\htdocs\law5\vendor\laravel\lumen-framework\src\Routing\Pipeline.php(52): call_user_func(Object(Closure), Object(Laravel\Lumen\Http\Request))
#13 D:\xampp\htdocs\law5\app\Http\Middleware\PermissionFor.php(62): Laravel\Lumen\Routing\Pipeline->Laravel\Lumen\Routing\{closure}(Object(Laravel\Lumen\Http\Request))
#14 D:\xampp\htdocs\law5\vendor\illuminate\pipeline\Pipeline.php(163): App\Http\Middleware\PermissionFor->handle(Object(Laravel\Lumen\Http\Request), Object(Closure), 'Admin')
#15 [internal function]: Illuminate\Pipeline\Pipeline->Illuminate\Pipeline\{closure}(Object(Laravel\Lumen\Http\Request))
#16 D:\xampp\htdocs\law5\vendor\laravel\lumen-framework\src\Routing\Pipeline.php(32): call_user_func(Object(Closure), Object(Laravel\Lumen\Http\Request))
#17 D:\xampp\htdocs\law5\vendor\illuminate\pipeline\Pipeline.php(104): Laravel\Lumen\Routing\Pipeline->Laravel\Lumen\Routing\{closure}(Object(Laravel\Lumen\Http\Request))
#18 D:\xampp\htdocs\law5\vendor\laravel\lumen-framework\src\Concerns\RoutesRequests.php(413): Illuminate\Pipeline\Pipeline->then(Object(Closure))
#19 D:\xampp\htdocs\law5\vendor\laravel\lumen-framework\src\Concerns\RoutesRequests.php(259): Laravel\Lumen\Application->sendThroughPipeline(Array, Object(Closure))
#20 D:\xampp\htdocs\law5\vendor\laravel\lumen-framework\src\Concerns\RoutesRequests.php(233): Laravel\Lumen\Application->handleFoundRoute(Array)
#21 D:\xampp\htdocs\law5\vendor\laravel\lumen-framework\src\Concerns\RoutesRequests.php(169): Laravel\Lumen\Application->handleDispatcherResponse(Array)
#22 [internal function]: Laravel\Lumen\Application->Laravel\Lumen\Concerns\{closure}(Object(Laravel\Lumen\Http\Request))
#23 D:\xampp\htdocs\law5\vendor\laravel\lumen-framework\src\Routing\Pipeline.php(52): call_user_func(Object(Closure), Object(Laravel\Lumen\Http\Request))
#24 D:\xampp\htdocs\law5\app\Http\Middleware\SetLocaleMiddleware.php(35): Laravel\Lumen\Routing\Pipeline->Laravel\Lumen\Routing\{closure}(Object(Laravel\Lumen\Http\Request))
#25 D:\xampp\htdocs\law5\vendor\illuminate\pipeline\Pipeline.php(163): App\Http\Middleware\SetLocaleMiddleware->handle(Object(Laravel\Lumen\Http\Request), Object(Closure))
#26 [internal function]: Illuminate\Pipeline\Pipeline->Illuminate\Pipeline\{closure}(Object(Laravel\Lumen\Http\Request))
#27 D:\xampp\htdocs\law5\vendor\laravel\lumen-framework\src\Routing\Pipeline.php(32): call_user_func(Object(Closure), Object(Laravel\Lumen\Http\Request))
#28 D:\xampp\htdocs\law5\app\Http\Middleware\CORSMiddleware.php(34): Laravel\Lumen\Routing\Pipeline->Laravel\Lumen\Routing\{closure}(Object(Laravel\Lumen\Http\Request))
#29 D:\xampp\htdocs\law5\vendor\illuminate\pipeline\Pipeline.php(163): App\Http\Middleware\CORSMiddleware->handle(Object(Laravel\Lumen\Http\Request), Object(Closure))
#30 [internal function]: Illuminate\Pipeline\Pipeline->Illuminate\Pipeline\{closure}(Object(Laravel\Lumen\Http\Request))
#31 D:\xampp\htdocs\law5\vendor\laravel\lumen-framework\src\Routing\Pipeline.php(32): call_user_func(Object(Closure), Object(Laravel\Lumen\Http\Request))
#32 D:\xampp\htdocs\law5\app\Http\Middleware\ValidateJsonFormatMiddleware.php(28): Laravel\Lumen\Routing\Pipeline->Laravel\Lumen\Routing\{closure}(Object(Laravel\Lumen\Http\Request))
#33 D:\xampp\htdocs\law5\vendor\illuminate\pipeline\Pipeline.php(163): App\Http\Middleware\ValidateJsonFormatMiddleware->handle(Object(Laravel\Lumen\Http\Request), Object(Closure))
#34 [internal function]: Illuminate\Pipeline\Pipeline->Illuminate\Pipeline\{closure}(Object(Laravel\Lumen\Http\Request))
#35 D:\xampp\htdocs\law5\vendor\laravel\lumen-framework\src\Routing\Pipeline.php(32): call_user_func(Object(Closure), Object(Laravel\Lumen\Http\Request))
#36 D:\xampp\htdocs\law5\vendor\illuminate\pipeline\Pipeline.php(104): Laravel\Lumen\Routing\Pipeline->Laravel\Lumen\Routing\{closure}(Object(Laravel\Lumen\Http\Request))
#37 D:\xampp\htdocs\law5\vendor\laravel\lumen-framework\src\Concerns\RoutesRequests.php(413): Illuminate\Pipeline\Pipeline->then(Object(Closure))
#38 D:\xampp\htdocs\law5\vendor\laravel\lumen-framework\src\Concerns\RoutesRequests.php(171): Laravel\Lumen\Application->sendThroughPipeline(Array, Object(Closure))
#39 D:\xampp\htdocs\law5\vendor\laravel\lumen-framework\src\Concerns\RoutesRequests.php(108): Laravel\Lumen\Application->dispatch(NULL)
#40 D:\xampp\htdocs\law5\index.php(28): Laravel\Lumen\Application->run()
#41 {main} {"exception":"[object] (ErrorException(code: 0): Object of class Illuminate\\Support\\Carbon could not be converted to number at D:\\xampp\\htdocs\\law5\\app\\Http\\Controllers\\OldCertificateController.php:80)
[stacktrace]
#0 D:\\xampp\\htdocs\\law5\\app\\Http\\Controllers\\OldCertificateController.php(80): Laravel\\Lumen\\Application->Laravel\\Lumen\\Concerns\\{closure}(8, 'Object of class...', 'D:\\\\xampp\\\\htdocs...', 80, Array)
#1 [internal function]: App\\Http\\Controllers\\OldCertificateController->show(Object(Laravel\\Lumen\\Http\\Request), 'LAW5-1')
#2 D:\\xampp\\htdocs\\law5\\vendor\\illuminate\\container\\BoundMethod.php(32): call_user_func_array(Array, Array)
#3 D:\\xampp\\htdocs\\law5\\vendor\\illuminate\\container\\BoundMethod.php(90): Illuminate\\Container\\BoundMethod::Illuminate\\Container\\{closure}()
#4 D:\\xampp\\htdocs\\law5\\vendor\\illuminate\\container\\BoundMethod.php(34): Illuminate\\Container\\BoundMethod::callBoundMethod(Object(Laravel\\Lumen\\Application), Array, Object(Closure))
#5 D:\\xampp\\htdocs\\law5\\vendor\\illuminate\\container\\Container.php(580): Illuminate\\Container\\BoundMethod::call(Object(Laravel\\Lumen\\Application), Array, Array, NULL)
#6 D:\\xampp\\htdocs\\law5\\vendor\\laravel\\lumen-framework\\src\\Concerns\\RoutesRequests.php(376): Illuminate\\Container\\Container->call(Array, Array)
#7 D:\\xampp\\htdocs\\law5\\vendor\\laravel\\lumen-framework\\src\\Concerns\\RoutesRequests.php(342): Laravel\\Lumen\\Application->callControllerCallable(Array, Array)
#8 D:\\xampp\\htdocs\\law5\\vendor\\laravel\\lumen-framework\\src\\Concerns\\RoutesRequests.php(316): Laravel\\Lumen\\Application->callLumenController(Object(App\\Http\\Controllers\\OldCertificateController), 'show', Array)
#9 D:\\xampp\\htdocs\\law5\\vendor\\laravel\\lumen-framework\\src\\Concerns\\RoutesRequests.php(278): Laravel\\Lumen\\Application->callControllerAction(Array)
#10 D:\\xampp\\htdocs\\law5\\vendor\\laravel\\lumen-framework\\src\\Concerns\\RoutesRequests.php(258): Laravel\\Lumen\\Application->callActionOnArrayBasedRoute(Array)
#11 [internal function]: Laravel\\Lumen\\Application->Laravel\\Lumen\\Concerns\\{closure}(Object(Laravel\\Lumen\\Http\\Request))
#12 D:\\xampp\\htdocs\\law5\\vendor\\laravel\\lumen-framework\\src\\Routing\\Pipeline.php(52): call_user_func(Object(Closure), Object(Laravel\\Lumen\\Http\\Request))
#13 D:\\xampp\\htdocs\\law5\\app\\Http\\Middleware\\PermissionFor.php(62): Laravel\\Lumen\\Routing\\Pipeline->Laravel\\Lumen\\Routing\\{closure}(Object(Laravel\\Lumen\\Http\\Request))
#14 D:\\xampp\\htdocs\\law5\\vendor\\illuminate\\pipeline\\Pipeline.php(163): App\\Http\\Middleware\\PermissionFor->handle(Object(Laravel\\Lumen\\Http\\Request), Object(Closure), 'Admin')
#15 [internal function]: Illuminate\\Pipeline\\Pipeline->Illuminate\\Pipeline\\{closure}(Object(Laravel\\Lumen\\Http\\Request))
#16 D:\\xampp\\htdocs\\law5\\vendor\\laravel\\lumen-framework\\src\\Routing\\Pipeline.php(32): call_user_func(Object(Closure), Object(Laravel\\Lumen\\Http\\Request))
#17 D:\\xampp\\htdocs\\law5\\vendor\\illuminate\\pipeline\\Pipeline.php(104): Laravel\\Lumen\\Routing\\Pipeline->Laravel\\Lumen\\Routing\\{closure}(Object(Laravel\\Lumen\\Http\\Request))
#18 D:\\xampp\\htdocs\\law5\\vendor\\laravel\\lumen-framework\\src\\Concerns\\RoutesRequests.php(413): Illuminate\\Pipeline\\Pipeline->then(Object(Closure))
#19 D:\\xampp\\htdocs\\law5\\vendor\\laravel\\lumen-framework\\src\\Concerns\\RoutesRequests.php(259): Laravel\\Lumen\\Application->sendThroughPipeline(Array, Object(Closure))
#20 D:\\xampp\\htdocs\\law5\\vendor\\laravel\\lumen-framework\\src\\Concerns\\RoutesRequests.php(233): Laravel\\Lumen\\Application->handleFoundRoute(Array)
#21 D:\\xampp\\htdocs\\law5\\vendor\\laravel\\lumen-framework\\src\\Concerns\\RoutesRequests.php(169): Laravel\\Lumen\\Application->handleDispatcherResponse(Array)
#22 [internal function]: Laravel\\Lumen\\Application->Laravel\\Lumen\\Concerns\\{closure}(Object(Laravel\\Lumen\\Http\\Request))
#23 D:\\xampp\\htdocs\\law5\\vendor\\laravel\\lumen-framework\\src\\Routing\\Pipeline.php(52): call_user_func(Object(Closure), Object(Laravel\\Lumen\\Http\\Request))
#24 D:\\xampp\\htdocs\\law5\\app\\Http\\Middleware\\SetLocaleMiddleware.php(35): Laravel\\Lumen\\Routing\\Pipeline->Laravel\\Lumen\\Routing\\{closure}(Object(Laravel\\Lumen\\Http\\Request))
#25 D:\\xampp\\htdocs\\law5\\vendor\\illuminate\\pipeline\\Pipeline.php(163): App\\Http\\Middleware\\SetLocaleMiddleware->handle(Object(Laravel\\Lumen\\Http\\Request), Object(Closure))
#26 [internal function]: Illuminate\\Pipeline\\Pipeline->Illuminate\\Pipeline\\{closure}(Object(Laravel\\Lumen\\Http\\Request))
#27 D:\\xampp\\htdocs\\law5\\vendor\\laravel\\lumen-framework\\src\\Routing\\Pipeline.php(32): call_user_func(Object(Closure), Object(Laravel\\Lumen\\Http\\Request))
#28 D:\\xampp\\htdocs\\law5\\app\\Http\\Middleware\\CORSMiddleware.php(34): Laravel\\Lumen\\Routing\\Pipeline->Laravel\\Lumen\\Routing\\{closure}(Object(Laravel\\Lumen\\Http\\Request))
#29 D:\\xampp\\htdocs\\law5\\vendor\\illuminate\\pipeline\\Pipeline.php(163): App\\Http\\Middleware\\CORSMiddleware->handle(Object(Laravel\\Lumen\\Http\\Request), Object(Closure))
#30 [internal function]: Illuminate\\Pipeline\\Pipeline->Illuminate\\Pipeline\\{closure}(Object(Laravel\\Lumen\\Http\\Request))
#31 D:\\xampp\\htdocs\\law5\\vendor\\laravel\\lumen-framework\\src\\Routing\\Pipeline.php(32): call_user_func(Object(Closure), Object(Laravel\\Lumen\\Http\\Request))
#32 D:\\xampp\\htdocs\\law5\\app\\Http\\Middleware\\ValidateJsonFormatMiddleware.php(28): Laravel\\Lumen\\Routing\\Pipeline->Laravel\\Lumen\\Routing\\{closure}(Object(Laravel\\Lumen\\Http\\Request))
#33 D:\\xampp\\htdocs\\law5\\vendor\\illuminate\\pipeline\\Pipeline.php(163): App\\Http\\Middleware\\ValidateJsonFormatMiddleware->handle(Object(Laravel\\Lumen\\Http\\Request), Object(Closure))
#34 [internal function]: Illuminate\\Pipeline\\Pipeline->Illuminate\\Pipeline\\{closure}(Object(Laravel\\Lumen\\Http\\Request))
#35 D:\\xampp\\htdocs\\law5\\vendor\\laravel\\lumen-framework\\src\\Routing\\Pipeline.php(32): call_user_func(Object(Closure), Object(Laravel\\Lumen\\Http\\Request))
#36 D:\\xampp\\htdocs\\law5\\vendor\\illuminate\\pipeline\\Pipeline.php(104): Laravel\\Lumen\\Routing\\Pipeline->Laravel\\Lumen\\Routing\\{closure}(Object(Laravel\\Lumen\\Http\\Request))
#37 D:\\xampp\\htdocs\\law5\\vendor\\laravel\\lumen-framework\\src\\Concerns\\RoutesRequests.php(413): Illuminate\\Pipeline\\Pipeline->then(Object(Closure))
#38 D:\\xampp\\htdocs\\law5\\vendor\\laravel\\lumen-framework\\src\\Concerns\\RoutesRequests.php(171): Laravel\\Lumen\\Application->sendThroughPipeline(Array, Object(Closure))
#39 D:\\xampp\\htdocs\\law5\\vendor\\laravel\\lumen-framework\\src\\Concerns\\RoutesRequests.php(108): Laravel\\Lumen\\Application->dispatch(NULL)
#40 D:\\xampp\\htdocs\\law5\\index.php(28): Laravel\\Lumen\\Application->run()
#41 {main}
"} 
[2019-10-30 20:30:32] production.ERROR: ErrorException: A non-numeric value encountered in D:\xampp\htdocs\law5\app\Http\Controllers\CertificateController.php:439
Stack trace:
#0 D:\xampp\htdocs\law5\app\Http\Controllers\CertificateController.php(439): Laravel\Lumen\Application->Laravel\Lumen\Concerns\{closure}(2, 'A non-numeric v...', 'D:\\xampp\\htdocs...', 439, Array)
#1 [internal function]: App\Http\Controllers\CertificateController->get_certificates(Object(Laravel\Lumen\Http\Request))
#2 D:\xampp\htdocs\law5\vendor\illuminate\container\BoundMethod.php(32): call_user_func_array(Array, Array)
#3 D:\xampp\htdocs\law5\vendor\illuminate\container\BoundMethod.php(90): Illuminate\Container\BoundMethod::Illuminate\Container\{closure}()
#4 D:\xampp\htdocs\law5\vendor\illuminate\container\BoundMethod.php(34): Illuminate\Container\BoundMethod::callBoundMethod(Object(Laravel\Lumen\Application), Array, Object(Closure))
#5 D:\xampp\htdocs\law5\vendor\illuminate\container\Container.php(580): Illuminate\Container\BoundMethod::call(Object(Laravel\Lumen\Application), Array, Array, NULL)
#6 D:\xampp\htdocs\law5\vendor\laravel\lumen-framework\src\Concerns\RoutesRequests.php(376): Illuminate\Container\Container->call(Array, Array)
#7 D:\xampp\htdocs\law5\vendor\laravel\lumen-framework\src\Concerns\RoutesRequests.php(342): Laravel\Lumen\Application->callControllerCallable(Array, Array)
#8 D:\xampp\htdocs\law5\vendor\laravel\lumen-framework\src\Concerns\RoutesRequests.php(316): Laravel\Lumen\Application->callLumenController(Object(App\Http\Controllers\CertificateController), 'get_certificate...', Array)
#9 D:\xampp\htdocs\law5\vendor\laravel\lumen-framework\src\Concerns\RoutesRequests.php(278): Laravel\Lumen\Application->callControllerAction(Array)
#10 D:\xampp\htdocs\law5\vendor\laravel\lumen-framework\src\Concerns\RoutesRequests.php(258): Laravel\Lumen\Application->callActionOnArrayBasedRoute(Array)
#11 [internal function]: Laravel\Lumen\Application->Laravel\Lumen\Concerns\{closure}(Object(Laravel\Lumen\Http\Request))
#12 D:\xampp\htdocs\law5\vendor\laravel\lumen-framework\src\Routing\Pipeline.php(52): call_user_func(Object(Closure), Object(Laravel\Lumen\Http\Request))
#13 D:\xampp\htdocs\law5\app\Http\Middleware\PermissionFor.php(62): Laravel\Lumen\Routing\Pipeline->Laravel\Lumen\Routing\{closure}(Object(Laravel\Lumen\Http\Request))
#14 D:\xampp\htdocs\law5\vendor\illuminate\pipeline\Pipeline.php(163): App\Http\Middleware\PermissionFor->handle(Object(Laravel\Lumen\Http\Request), Object(Closure), 'FEIEmployee')
#15 [internal function]: Illuminate\Pipeline\Pipeline->Illuminate\Pipeline\{closure}(Object(Laravel\Lumen\Http\Request))
#16 D:\xampp\htdocs\law5\vendor\laravel\lumen-framework\src\Routing\Pipeline.php(32): call_user_func(Object(Closure), Object(Laravel\Lumen\Http\Request))
#17 D:\xampp\htdocs\law5\vendor\illuminate\pipeline\Pipeline.php(104): Laravel\Lumen\Routing\Pipeline->Laravel\Lumen\Routing\{closure}(Object(Laravel\Lumen\Http\Request))
#18 D:\xampp\htdocs\law5\vendor\laravel\lumen-framework\src\Concerns\RoutesRequests.php(413): Illuminate\Pipeline\Pipeline->then(Object(Closure))
#19 D:\xampp\htdocs\law5\vendor\laravel\lumen-framework\src\Concerns\RoutesRequests.php(259): Laravel\Lumen\Application->sendThroughPipeline(Array, Object(Closure))
#20 D:\xampp\htdocs\law5\vendor\laravel\lumen-framework\src\Concerns\RoutesRequests.php(165): Laravel\Lumen\Application->handleFoundRoute(Array)
#21 [internal function]: Laravel\Lumen\Application->Laravel\Lumen\Concerns\{closure}(Object(Laravel\Lumen\Http\Request))
#22 D:\xampp\htdocs\law5\vendor\laravel\lumen-framework\src\Routing\Pipeline.php(52): call_user_func(Object(Closure), Object(Laravel\Lumen\Http\Request))
#23 D:\xampp\htdocs\law5\app\Http\Middleware\SetLocaleMiddleware.php(35): Laravel\Lumen\Routing\Pipeline->Laravel\Lumen\Routing\{closure}(Object(Laravel\Lumen\Http\Request))
#24 D:\xampp\htdocs\law5\vendor\illuminate\pipeline\Pipeline.php(163): App\Http\Middleware\SetLocaleMiddleware->handle(Object(Laravel\Lumen\Http\Request), Object(Closure))
#25 [internal function]: Illuminate\Pipeline\Pipeline->Illuminate\Pipeline\{closure}(Object(Laravel\Lumen\Http\Request))
#26 D:\xampp\htdocs\law5\vendor\laravel\lumen-framework\src\Routing\Pipeline.php(32): call_user_func(Object(Closure), Object(Laravel\Lumen\Http\Request))
#27 D:\xampp\htdocs\law5\app\Http\Middleware\CORSMiddleware.php(34): Laravel\Lumen\Routing\Pipeline->Laravel\Lumen\Routing\{closure}(Object(Laravel\Lumen\Http\Request))
#28 D:\xampp\htdocs\law5\vendor\illuminate\pipeline\Pipeline.php(163): App\Http\Middleware\CORSMiddleware->handle(Object(Laravel\Lumen\Http\Request), Object(Closure))
#29 [internal function]: Illuminate\Pipeline\Pipeline->Illuminate\Pipeline\{closure}(Object(Laravel\Lumen\Http\Request))
#30 D:\xampp\htdocs\law5\vendor\laravel\lumen-framework\src\Routing\Pipeline.php(32): call_user_func(Object(Closure), Object(Laravel\Lumen\Http\Request))
#31 D:\xampp\htdocs\law5\app\Http\Middleware\ValidateJsonFormatMiddleware.php(28): Laravel\Lumen\Routing\Pipeline->Laravel\Lumen\Routing\{closure}(Object(Laravel\Lumen\Http\Request))
#32 D:\xampp\htdocs\law5\vendor\illuminate\pipeline\Pipeline.php(163): App\Http\Middleware\ValidateJsonFormatMiddleware->handle(Object(Laravel\Lumen\Http\Request), Object(Closure))
#33 [internal function]: Illuminate\Pipeline\Pipeline->Illuminate\Pipeline\{closure}(Object(Laravel\Lumen\Http\Request))
#34 D:\xampp\htdocs\law5\vendor\laravel\lumen-framework\src\Routing\Pipeline.php(32): call_user_func(Object(Closure), Object(Laravel\Lumen\Http\Request))
#35 D:\xampp\htdocs\law5\vendor\illuminate\pipeline\Pipeline.php(104): Laravel\Lumen\Routing\Pipeline->Laravel\Lumen\Routing\{closure}(Object(Laravel\Lumen\Http\Request))
#36 D:\xampp\htdocs\law5\vendor\laravel\lumen-framework\src\Concerns\RoutesRequests.php(413): Illuminate\Pipeline\Pipeline->then(Object(Closure))
#37 D:\xampp\htdocs\law5\vendor\laravel\lumen-framework\src\Concerns\RoutesRequests.php(171): Laravel\Lumen\Application->sendThroughPipeline(Array, Object(Closure))
#38 D:\xampp\htdocs\law5\vendor\laravel\lumen-framework\src\Concerns\RoutesRequests.php(108): Laravel\Lumen\Application->dispatch(NULL)
#39 D:\xampp\htdocs\law5\index.php(28): Laravel\Lumen\Application->run()
#40 {main} {"exception":"[object] (ErrorException(code: 0): A non-numeric value encountered at D:\\xampp\\htdocs\\law5\\app\\Http\\Controllers\\CertificateController.php:439)
[stacktrace]
#0 D:\\xampp\\htdocs\\law5\\app\\Http\\Controllers\\CertificateController.php(439): Laravel\\Lumen\\Application->Laravel\\Lumen\\Concerns\\{closure}(2, 'A non-numeric v...', 'D:\\\\xampp\\\\htdocs...', 439, Array)
#1 [internal function]: App\\Http\\Controllers\\CertificateController->get_certificates(Object(Laravel\\Lumen\\Http\\Request))
#2 D:\\xampp\\htdocs\\law5\\vendor\\illuminate\\container\\BoundMethod.php(32): call_user_func_array(Array, Array)
#3 D:\\xampp\\htdocs\\law5\\vendor\\illuminate\\container\\BoundMethod.php(90): Illuminate\\Container\\BoundMethod::Illuminate\\Container\\{closure}()
#4 D:\\xampp\\htdocs\\law5\\vendor\\illuminate\\container\\BoundMethod.php(34): Illuminate\\Container\\BoundMethod::callBoundMethod(Object(Laravel\\Lumen\\Application), Array, Object(Closure))
#5 D:\\xampp\\htdocs\\law5\\vendor\\illuminate\\container\\Container.php(580): Illuminate\\Container\\BoundMethod::call(Object(Laravel\\Lumen\\Application), Array, Array, NULL)
#6 D:\\xampp\\htdocs\\law5\\vendor\\laravel\\lumen-framework\\src\\Concerns\\RoutesRequests.php(376): Illuminate\\Container\\Container->call(Array, Array)
#7 D:\\xampp\\htdocs\\law5\\vendor\\laravel\\lumen-framework\\src\\Concerns\\RoutesRequests.php(342): Laravel\\Lumen\\Application->callControllerCallable(Array, Array)
#8 D:\\xampp\\htdocs\\law5\\vendor\\laravel\\lumen-framework\\src\\Concerns\\RoutesRequests.php(316): Laravel\\Lumen\\Application->callLumenController(Object(App\\Http\\Controllers\\CertificateController), 'get_certificate...', Array)
#9 D:\\xampp\\htdocs\\law5\\vendor\\laravel\\lumen-framework\\src\\Concerns\\RoutesRequests.php(278): Laravel\\Lumen\\Application->callControllerAction(Array)
#10 D:\\xampp\\htdocs\\law5\\vendor\\laravel\\lumen-framework\\src\\Concerns\\RoutesRequests.php(258): Laravel\\Lumen\\Application->callActionOnArrayBasedRoute(Array)
#11 [internal function]: Laravel\\Lumen\\Application->Laravel\\Lumen\\Concerns\\{closure}(Object(Laravel\\Lumen\\Http\\Request))
#12 D:\\xampp\\htdocs\\law5\\vendor\\laravel\\lumen-framework\\src\\Routing\\Pipeline.php(52): call_user_func(Object(Closure), Object(Laravel\\Lumen\\Http\\Request))
#13 D:\\xampp\\htdocs\\law5\\app\\Http\\Middleware\\PermissionFor.php(62): Laravel\\Lumen\\Routing\\Pipeline->Laravel\\Lumen\\Routing\\{closure}(Object(Laravel\\Lumen\\Http\\Request))
#14 D:\\xampp\\htdocs\\law5\\vendor\\illuminate\\pipeline\\Pipeline.php(163): App\\Http\\Middleware\\PermissionFor->handle(Object(Laravel\\Lumen\\Http\\Request), Object(Closure), 'FEIEmployee')
#15 [internal function]: Illuminate\\Pipeline\\Pipeline->Illuminate\\Pipeline\\{closure}(Object(Laravel\\Lumen\\Http\\Request))
#16 D:\\xampp\\htdocs\\law5\\vendor\\laravel\\lumen-framework\\src\\Routing\\Pipeline.php(32): call_user_func(Object(Closure), Object(Laravel\\Lumen\\Http\\Request))
#17 D:\\xampp\\htdocs\\law5\\vendor\\illuminate\\pipeline\\Pipeline.php(104): Laravel\\Lumen\\Routing\\Pipeline->Laravel\\Lumen\\Routing\\{closure}(Object(Laravel\\Lumen\\Http\\Request))
#18 D:\\xampp\\htdocs\\law5\\vendor\\laravel\\lumen-framework\\src\\Concerns\\RoutesRequests.php(413): Illuminate\\Pipeline\\Pipeline->then(Object(Closure))
#19 D:\\xampp\\htdocs\\law5\\vendor\\laravel\\lumen-framework\\src\\Concerns\\RoutesRequests.php(259): Laravel\\Lumen\\Application->sendThroughPipeline(Array, Object(Closure))
#20 D:\\xampp\\htdocs\\law5\\vendor\\laravel\\lumen-framework\\src\\Concerns\\RoutesRequests.php(165): Laravel\\Lumen\\Application->handleFoundRoute(Array)
#21 [internal function]: Laravel\\Lumen\\Application->Laravel\\Lumen\\Concerns\\{closure}(Object(Laravel\\Lumen\\Http\\Request))
#22 D:\\xampp\\htdocs\\law5\\vendor\\laravel\\lumen-framework\\src\\Routing\\Pipeline.php(52): call_user_func(Object(Closure), Object(Laravel\\Lumen\\Http\\Request))
#23 D:\\xampp\\htdocs\\law5\\app\\Http\\Middleware\\SetLocaleMiddleware.php(35): Laravel\\Lumen\\Routing\\Pipeline->Laravel\\Lumen\\Routing\\{closure}(Object(Laravel\\Lumen\\Http\\Request))
#24 D:\\xampp\\htdocs\\law5\\vendor\\illuminate\\pipeline\\Pipeline.php(163): App\\Http\\Middleware\\SetLocaleMiddleware->handle(Object(Laravel\\Lumen\\Http\\Request), Object(Closure))
#25 [internal function]: Illuminate\\Pipeline\\Pipeline->Illuminate\\Pipeline\\{closure}(Object(Laravel\\Lumen\\Http\\Request))
#26 D:\\xampp\\htdocs\\law5\\vendor\\laravel\\lumen-framework\\src\\Routing\\Pipeline.php(32): call_user_func(Object(Closure), Object(Laravel\\Lumen\\Http\\Request))
#27 D:\\xampp\\htdocs\\law5\\app\\Http\\Middleware\\CORSMiddleware.php(34): Laravel\\Lumen\\Routing\\Pipeline->Laravel\\Lumen\\Routing\\{closure}(Object(Laravel\\Lumen\\Http\\Request))
#28 D:\\xampp\\htdocs\\law5\\vendor\\illuminate\\pipeline\\Pipeline.php(163): App\\Http\\Middleware\\CORSMiddleware->handle(Object(Laravel\\Lumen\\Http\\Request), Object(Closure))
#29 [internal function]: Illuminate\\Pipeline\\Pipeline->Illuminate\\Pipeline\\{closure}(Object(Laravel\\Lumen\\Http\\Request))
#30 D:\\xampp\\htdocs\\law5\\vendor\\laravel\\lumen-framework\\src\\Routing\\Pipeline.php(32): call_user_func(Object(Closure), Object(Laravel\\Lumen\\Http\\Request))
#31 D:\\xampp\\htdocs\\law5\\app\\Http\\Middleware\\ValidateJsonFormatMiddleware.php(28): Laravel\\Lumen\\Routing\\Pipeline->Laravel\\Lumen\\Routing\\{closure}(Object(Laravel\\Lumen\\Http\\Request))
#32 D:\\xampp\\htdocs\\law5\\vendor\\illuminate\\pipeline\\Pipeline.php(163): App\\Http\\Middleware\\ValidateJsonFormatMiddleware->handle(Object(Laravel\\Lumen\\Http\\Request), Object(Closure))
#33 [internal function]: Illuminate\\Pipeline\\Pipeline->Illuminate\\Pipeline\\{closure}(Object(Laravel\\Lumen\\Http\\Request))
#34 D:\\xampp\\htdocs\\law5\\vendor\\laravel\\lumen-framework\\src\\Routing\\Pipeline.php(32): call_user_func(Object(Closure), Object(Laravel\\Lumen\\Http\\Request))
#35 D:\\xampp\\htdocs\\law5\\vendor\\illuminate\\pipeline\\Pipeline.php(104): Laravel\\Lumen\\Routing\\Pipeline->Laravel\\Lumen\\Routing\\{closure}(Object(Laravel\\Lumen\\Http\\Request))
#36 D:\\xampp\\htdocs\\law5\\vendor\\laravel\\lumen-framework\\src\\Concerns\\RoutesRequests.php(413): Illuminate\\Pipeline\\Pipeline->then(Object(Closure))
#37 D:\\xampp\\htdocs\\law5\\vendor\\laravel\\lumen-framework\\src\\Concerns\\RoutesRequests.php(171): Laravel\\Lumen\\Application->sendThroughPipeline(Array, Object(Closure))
#38 D:\\xampp\\htdocs\\law5\\vendor\\laravel\\lumen-framework\\src\\Concerns\\RoutesRequests.php(108): Laravel\\Lumen\\Application->dispatch(NULL)
#39 D:\\xampp\\htdocs\\law5\\index.php(28): Laravel\\Lumen\\Application->run()
#40 {main}
"} 
