[2019-11-20 07:26:11] local.ERROR: ErrorException: Undefined index: HTTP_REFERER in /var/www/html/storage/framework/views/4f98c7fb676c67fff6ecee1162cd37cd5650f6cb.php:193
Stack trace:
#0 /var/www/html/storage/framework/views/4f98c7fb676c67fff6ecee1162cd37cd5650f6cb.php(193): Laravel\Lumen\Application->Laravel\Lumen\Concerns\{closure}(8, 'Undefined index...', '/var/www/html/s...', 193, Array)
#1 /var/www/html/vendor/illuminate/view/Engines/PhpEngine.php(43): include('/var/www/html/s...')
#2 /var/www/html/vendor/illuminate/view/Engines/CompilerEngine.php(59): Illuminate\View\Engines\PhpEngine->evaluatePath('/var/www/html/s...', Array)
#3 /var/www/html/vendor/illuminate/view/View.php(142): Illuminate\View\Engines\CompilerEngine->get('/var/www/html/r...', Array)
#4 /var/www/html/vendor/illuminate/view/View.php(125): Illuminate\View\View->getContents()
#5 /var/www/html/vendor/illuminate/view/View.php(90): Illuminate\View\View->renderContents()
#6 /var/www/html/vendor/illuminate/mail/Mailer.php(353): Illuminate\View\View->render()
#7 /var/www/html/vendor/illuminate/mail/Mailer.php(326): Illuminate\Mail\Mailer->renderView('user.register.c...', Array)
#8 /var/www/html/vendor/illuminate/mail/Mailer.php(244): Illuminate\Mail\Mailer->addContent(Object(Illuminate\Mail\Message), 'user.register.c...', NULL, NULL, Array)
#9 /var/www/html/vendor/illuminate/mail/Mailable.php(159): Illuminate\Mail\Mailer->send('user.register.c...', Array, Object(Closure))
#10 /var/www/html/vendor/illuminate/support/Traits/Localizable.php(19): Illuminate\Mail\Mailable->Illuminate\Mail\{closure}()
#11 /var/www/html/vendor/illuminate/mail/Mailable.php(160): Illuminate\Mail\Mailable->withLocale(NULL, Object(Closure))
#12 /var/www/html/vendor/illuminate/mail/Mailer.php(275): Illuminate\Mail\Mailable->send(Object(Illuminate\Mail\Mailer))
#13 /var/www/html/vendor/illuminate/mail/Mailer.php(229): Illuminate\Mail\Mailer->sendMailable(Object(App\Mail\ConfirmationMail))
#14 /var/www/html/vendor/illuminate/mail/PendingMail.php(127): Illuminate\Mail\Mailer->send(Object(App\Mail\ConfirmationMail))
#15 /var/www/html/app/Http/Controllers/UsersController.php(61): Illuminate\Mail\PendingMail->send(Object(App\Mail\ConfirmationMail))
#16 [internal function]: App\Http\Controllers\UsersController->register(Object(Laravel\Lumen\Http\Request))
#17 /var/www/html/vendor/illuminate/container/BoundMethod.php(32): call_user_func_array(Array, Array)
#18 /var/www/html/vendor/illuminate/container/BoundMethod.php(90): Illuminate\Container\BoundMethod::Illuminate\Container\{closure}()
#19 /var/www/html/vendor/illuminate/container/BoundMethod.php(34): Illuminate\Container\BoundMethod::callBoundMethod(Object(Laravel\Lumen\Application), Array, Object(Closure))
#20 /var/www/html/vendor/illuminate/container/Container.php(576): Illuminate\Container\BoundMethod::call(Object(Laravel\Lumen\Application), Array, Array, NULL)
#21 /var/www/html/vendor/laravel/lumen-framework/src/Concerns/RoutesRequests.php(376): Illuminate\Container\Container->call(Array, Array)
#22 /var/www/html/vendor/laravel/lumen-framework/src/Concerns/RoutesRequests.php(342): Laravel\Lumen\Application->callControllerCallable(Array, Array)
#23 /var/www/html/vendor/laravel/lumen-framework/src/Concerns/RoutesRequests.php(316): Laravel\Lumen\Application->callLumenController(Object(App\Http\Controllers\UsersController), 'register', Array)
#24 /var/www/html/vendor/laravel/lumen-framework/src/Concerns/RoutesRequests.php(278): Laravel\Lumen\Application->callControllerAction(Array)
#25 /var/www/html/vendor/laravel/lumen-framework/src/Concerns/RoutesRequests.php(263): Laravel\Lumen\Application->callActionOnArrayBasedRoute(Array)
#26 /var/www/html/vendor/laravel/lumen-framework/src/Concerns/RoutesRequests.php(165): Laravel\Lumen\Application->handleFoundRoute(Array)
#27 [internal function]: Laravel\Lumen\Application->Laravel\Lumen\Concerns\{closure}(Object(Laravel\Lumen\Http\Request))
#28 /var/www/html/vendor/laravel/lumen-framework/src/Routing/Pipeline.php(52): call_user_func(Object(Closure), Object(Laravel\Lumen\Http\Request))
#29 /var/www/html/app/Http/Middleware/SetLocaleMiddleware.php(35): Laravel\Lumen\Routing\Pipeline->Laravel\Lumen\Routing\{closure}(Object(Laravel\Lumen\Http\Request))
#30 /var/www/html/vendor/illuminate/pipeline/Pipeline.php(163): App\Http\Middleware\SetLocaleMiddleware->handle(Object(Laravel\Lumen\Http\Request), Object(Closure))
#31 [internal function]: Illuminate\Pipeline\Pipeline->Illuminate\Pipeline\{closure}(Object(Laravel\Lumen\Http\Request))
#32 /var/www/html/vendor/laravel/lumen-framework/src/Routing/Pipeline.php(32): call_user_func(Object(Closure), Object(Laravel\Lumen\Http\Request))
#33 /var/www/html/app/Http/Middleware/CORSMiddleware.php(34): Laravel\Lumen\Routing\Pipeline->Laravel\Lumen\Routing\{closure}(Object(Laravel\Lumen\Http\Request))
#34 /var/www/html/vendor/illuminate/pipeline/Pipeline.php(163): App\Http\Middleware\CORSMiddleware->handle(Object(Laravel\Lumen\Http\Request), Object(Closure))
#35 [internal function]: Illuminate\Pipeline\Pipeline->Illuminate\Pipeline\{closure}(Object(Laravel\Lumen\Http\Request))
#36 /var/www/html/vendor/laravel/lumen-framework/src/Routing/Pipeline.php(32): call_user_func(Object(Closure), Object(Laravel\Lumen\Http\Request))
#37 /var/www/html/app/Http/Middleware/ValidateJsonFormatMiddleware.php(28): Laravel\Lumen\Routing\Pipeline->Laravel\Lumen\Routing\{closure}(Object(Laravel\Lumen\Http\Request))
#38 /var/www/html/vendor/illuminate/pipeline/Pipeline.php(163): App\Http\Middleware\ValidateJsonFormatMiddleware->handle(Object(Laravel\Lumen\Http\Request), Object(Closure))
#39 [internal function]: Illuminate\Pipeline\Pipeline->Illuminate\Pipeline\{closure}(Object(Laravel\Lumen\Http\Request))
#40 /var/www/html/vendor/laravel/lumen-framework/src/Routing/Pipeline.php(32): call_user_func(Object(Closure), Object(Laravel\Lumen\Http\Request))
#41 /var/www/html/vendor/illuminate/pipeline/Pipeline.php(104): Laravel\Lumen\Routing\Pipeline->Laravel\Lumen\Routing\{closure}(Object(Laravel\Lumen\Http\Request))
#42 /var/www/html/vendor/laravel/lumen-framework/src/Concerns/RoutesRequests.php(413): Illuminate\Pipeline\Pipeline->then(Object(Closure))
#43 /var/www/html/vendor/laravel/lumen-framework/src/Concerns/RoutesRequests.php(171): Laravel\Lumen\Application->sendThroughPipeline(Array, Object(Closure))
#44 /var/www/html/vendor/laravel/lumen-framework/src/Concerns/RoutesRequests.php(108): Laravel\Lumen\Application->dispatch(NULL)
#45 /var/www/html/public/index.php(28): Laravel\Lumen\Application->run()
#46 {main}

Next ErrorException: Undefined index: HTTP_REFERER (View: /var/www/html/resources/views/user/register/confirmation_email.blade.php) in /var/www/html/storage/framework/views/4f98c7fb676c67fff6ecee1162cd37cd5650f6cb.php:193
Stack trace:
#0 /var/www/html/vendor/illuminate/view/Engines/PhpEngine.php(45): Illuminate\View\Engines\CompilerEngine->handleViewException(Object(ErrorException), 1)
#1 /var/www/html/vendor/illuminate/view/Engines/CompilerEngine.php(59): Illuminate\View\Engines\PhpEngine->evaluatePath('/var/www/html/s...', Array)
#2 /var/www/html/vendor/illuminate/view/View.php(142): Illuminate\View\Engines\CompilerEngine->get('/var/www/html/r...', Array)
#3 /var/www/html/vendor/illuminate/view/View.php(125): Illuminate\View\View->getContents()
#4 /var/www/html/vendor/illuminate/view/View.php(90): Illuminate\View\View->renderContents()
#5 /var/www/html/vendor/illuminate/mail/Mailer.php(353): Illuminate\View\View->render()
#6 /var/www/html/vendor/illuminate/mail/Mailer.php(326): Illuminate\Mail\Mailer->renderView('user.register.c...', Array)
#7 /var/www/html/vendor/illuminate/mail/Mailer.php(244): Illuminate\Mail\Mailer->addContent(Object(Illuminate\Mail\Message), 'user.register.c...', NULL, NULL, Array)
#8 /var/www/html/vendor/illuminate/mail/Mailable.php(159): Illuminate\Mail\Mailer->send('user.register.c...', Array, Object(Closure))
#9 /var/www/html/vendor/illuminate/support/Traits/Localizable.php(19): Illuminate\Mail\Mailable->Illuminate\Mail\{closure}()
#10 /var/www/html/vendor/illuminate/mail/Mailable.php(160): Illuminate\Mail\Mailable->withLocale(NULL, Object(Closure))
#11 /var/www/html/vendor/illuminate/mail/Mailer.php(275): Illuminate\Mail\Mailable->send(Object(Illuminate\Mail\Mailer))
#12 /var/www/html/vendor/illuminate/mail/Mailer.php(229): Illuminate\Mail\Mailer->sendMailable(Object(App\Mail\ConfirmationMail))
#13 /var/www/html/vendor/illuminate/mail/PendingMail.php(127): Illuminate\Mail\Mailer->send(Object(App\Mail\ConfirmationMail))
#14 /var/www/html/app/Http/Controllers/UsersController.php(61): Illuminate\Mail\PendingMail->send(Object(App\Mail\ConfirmationMail))
#15 [internal function]: App\Http\Controllers\UsersController->register(Object(Laravel\Lumen\Http\Request))
#16 /var/www/html/vendor/illuminate/container/BoundMethod.php(32): call_user_func_array(Array, Array)
#17 /var/www/html/vendor/illuminate/container/BoundMethod.php(90): Illuminate\Container\BoundMethod::Illuminate\Container\{closure}()
#18 /var/www/html/vendor/illuminate/container/BoundMethod.php(34): Illuminate\Container\BoundMethod::callBoundMethod(Object(Laravel\Lumen\Application), Array, Object(Closure))
#19 /var/www/html/vendor/illuminate/container/Container.php(576): Illuminate\Container\BoundMethod::call(Object(Laravel\Lumen\Application), Array, Array, NULL)
#20 /var/www/html/vendor/laravel/lumen-framework/src/Concerns/RoutesRequests.php(376): Illuminate\Container\Container->call(Array, Array)
#21 /var/www/html/vendor/laravel/lumen-framework/src/Concerns/RoutesRequests.php(342): Laravel\Lumen\Application->callControllerCallable(Array, Array)
#22 /var/www/html/vendor/laravel/lumen-framework/src/Concerns/RoutesRequests.php(316): Laravel\Lumen\Application->callLumenController(Object(App\Http\Controllers\UsersController), 'register', Array)
#23 /var/www/html/vendor/laravel/lumen-framework/src/Concerns/RoutesRequests.php(278): Laravel\Lumen\Application->callControllerAction(Array)
#24 /var/www/html/vendor/laravel/lumen-framework/src/Concerns/RoutesRequests.php(263): Laravel\Lumen\Application->callActionOnArrayBasedRoute(Array)
#25 /var/www/html/vendor/laravel/lumen-framework/src/Concerns/RoutesRequests.php(165): Laravel\Lumen\Application->handleFoundRoute(Array)
#26 [internal function]: Laravel\Lumen\Application->Laravel\Lumen\Concerns\{closure}(Object(Laravel\Lumen\Http\Request))
#27 /var/www/html/vendor/laravel/lumen-framework/src/Routing/Pipeline.php(52): call_user_func(Object(Closure), Object(Laravel\Lumen\Http\Request))
#28 /var/www/html/app/Http/Middleware/SetLocaleMiddleware.php(35): Laravel\Lumen\Routing\Pipeline->Laravel\Lumen\Routing\{closure}(Object(Laravel\Lumen\Http\Request))
#29 /var/www/html/vendor/illuminate/pipeline/Pipeline.php(163): App\Http\Middleware\SetLocaleMiddleware->handle(Object(Laravel\Lumen\Http\Request), Object(Closure))
#30 [internal function]: Illuminate\Pipeline\Pipeline->Illuminate\Pipeline\{closure}(Object(Laravel\Lumen\Http\Request))
#31 /var/www/html/vendor/laravel/lumen-framework/src/Routing/Pipeline.php(32): call_user_func(Object(Closure), Object(Laravel\Lumen\Http\Request))
#32 /var/www/html/app/Http/Middleware/CORSMiddleware.php(34): Laravel\Lumen\Routing\Pipeline->Laravel\Lumen\Routing\{closure}(Object(Laravel\Lumen\Http\Request))
#33 /var/www/html/vendor/illuminate/pipeline/Pipeline.php(163): App\Http\Middleware\CORSMiddleware->handle(Object(Laravel\Lumen\Http\Request), Object(Closure))
#34 [internal function]: Illuminate\Pipeline\Pipeline->Illuminate\Pipeline\{closure}(Object(Laravel\Lumen\Http\Request))
#35 /var/www/html/vendor/laravel/lumen-framework/src/Routing/Pipeline.php(32): call_user_func(Object(Closure), Object(Laravel\Lumen\Http\Request))
#36 /var/www/html/app/Http/Middleware/ValidateJsonFormatMiddleware.php(28): Laravel\Lumen\Routing\Pipeline->Laravel\Lumen\Routing\{closure}(Object(Laravel\Lumen\Http\Request))
#37 /var/www/html/vendor/illuminate/pipeline/Pipeline.php(163): App\Http\Middleware\ValidateJsonFormatMiddleware->handle(Object(Laravel\Lumen\Http\Request), Object(Closure))
#38 [internal function]: Illuminate\Pipeline\Pipeline->Illuminate\Pipeline\{closure}(Object(Laravel\Lumen\Http\Request))
#39 /var/www/html/vendor/laravel/lumen-framework/src/Routing/Pipeline.php(32): call_user_func(Object(Closure), Object(Laravel\Lumen\Http\Request))
#40 /var/www/html/vendor/illuminate/pipeline/Pipeline.php(104): Laravel\Lumen\Routing\Pipeline->Laravel\Lumen\Routing\{closure}(Object(Laravel\Lumen\Http\Request))
#41 /var/www/html/vendor/laravel/lumen-framework/src/Concerns/RoutesRequests.php(413): Illuminate\Pipeline\Pipeline->then(Object(Closure))
#42 /var/www/html/vendor/laravel/lumen-framework/src/Concerns/RoutesRequests.php(171): Laravel\Lumen\Application->sendThroughPipeline(Array, Object(Closure))
#43 /var/www/html/vendor/laravel/lumen-framework/src/Concerns/RoutesRequests.php(108): Laravel\Lumen\Application->dispatch(NULL)
#44 /var/www/html/public/index.php(28): Laravel\Lumen\Application->run()
#45 {main} {"exception":"[object] (ErrorException(code: 0): Undefined index: HTTP_REFERER (View: /var/www/html/resources/views/user/register/confirmation_email.blade.php) at /var/www/html/storage/framework/views/4f98c7fb676c67fff6ecee1162cd37cd5650f6cb.php:193, ErrorException(code: 0): Undefined index: HTTP_REFERER at /var/www/html/storage/framework/views/4f98c7fb676c67fff6ecee1162cd37cd5650f6cb.php:193)
[stacktrace]
#0 /var/www/html/vendor/illuminate/view/Engines/PhpEngine.php(45): Illuminate\\View\\Engines\\CompilerEngine->handleViewException(Object(ErrorException), 1)
#1 /var/www/html/vendor/illuminate/view/Engines/CompilerEngine.php(59): Illuminate\\View\\Engines\\PhpEngine->evaluatePath('/var/www/html/s...', Array)
#2 /var/www/html/vendor/illuminate/view/View.php(142): Illuminate\\View\\Engines\\CompilerEngine->get('/var/www/html/r...', Array)
#3 /var/www/html/vendor/illuminate/view/View.php(125): Illuminate\\View\\View->getContents()
#4 /var/www/html/vendor/illuminate/view/View.php(90): Illuminate\\View\\View->renderContents()
#5 /var/www/html/vendor/illuminate/mail/Mailer.php(353): Illuminate\\View\\View->render()
#6 /var/www/html/vendor/illuminate/mail/Mailer.php(326): Illuminate\\Mail\\Mailer->renderView('user.register.c...', Array)
#7 /var/www/html/vendor/illuminate/mail/Mailer.php(244): Illuminate\\Mail\\Mailer->addContent(Object(Illuminate\\Mail\\Message), 'user.register.c...', NULL, NULL, Array)
#8 /var/www/html/vendor/illuminate/mail/Mailable.php(159): Illuminate\\Mail\\Mailer->send('user.register.c...', Array, Object(Closure))
#9 /var/www/html/vendor/illuminate/support/Traits/Localizable.php(19): Illuminate\\Mail\\Mailable->Illuminate\\Mail\\{closure}()
#10 /var/www/html/vendor/illuminate/mail/Mailable.php(160): Illuminate\\Mail\\Mailable->withLocale(NULL, Object(Closure))
#11 /var/www/html/vendor/illuminate/mail/Mailer.php(275): Illuminate\\Mail\\Mailable->send(Object(Illuminate\\Mail\\Mailer))
#12 /var/www/html/vendor/illuminate/mail/Mailer.php(229): Illuminate\\Mail\\Mailer->sendMailable(Object(App\\Mail\\ConfirmationMail))
#13 /var/www/html/vendor/illuminate/mail/PendingMail.php(127): Illuminate\\Mail\\Mailer->send(Object(App\\Mail\\ConfirmationMail))
#14 /var/www/html/app/Http/Controllers/UsersController.php(61): Illuminate\\Mail\\PendingMail->send(Object(App\\Mail\\ConfirmationMail))
#15 [internal function]: App\\Http\\Controllers\\UsersController->register(Object(Laravel\\Lumen\\Http\\Request))
#16 /var/www/html/vendor/illuminate/container/BoundMethod.php(32): call_user_func_array(Array, Array)
#17 /var/www/html/vendor/illuminate/container/BoundMethod.php(90): Illuminate\\Container\\BoundMethod::Illuminate\\Container\\{closure}()
#18 /var/www/html/vendor/illuminate/container/BoundMethod.php(34): Illuminate\\Container\\BoundMethod::callBoundMethod(Object(Laravel\\Lumen\\Application), Array, Object(Closure))
#19 /var/www/html/vendor/illuminate/container/Container.php(576): Illuminate\\Container\\BoundMethod::call(Object(Laravel\\Lumen\\Application), Array, Array, NULL)
#20 /var/www/html/vendor/laravel/lumen-framework/src/Concerns/RoutesRequests.php(376): Illuminate\\Container\\Container->call(Array, Array)
#21 /var/www/html/vendor/laravel/lumen-framework/src/Concerns/RoutesRequests.php(342): Laravel\\Lumen\\Application->callControllerCallable(Array, Array)
#22 /var/www/html/vendor/laravel/lumen-framework/src/Concerns/RoutesRequests.php(316): Laravel\\Lumen\\Application->callLumenController(Object(App\\Http\\Controllers\\UsersController), 'register', Array)
#23 /var/www/html/vendor/laravel/lumen-framework/src/Concerns/RoutesRequests.php(278): Laravel\\Lumen\\Application->callControllerAction(Array)
#24 /var/www/html/vendor/laravel/lumen-framework/src/Concerns/RoutesRequests.php(263): Laravel\\Lumen\\Application->callActionOnArrayBasedRoute(Array)
#25 /var/www/html/vendor/laravel/lumen-framework/src/Concerns/RoutesRequests.php(165): Laravel\\Lumen\\Application->handleFoundRoute(Array)
#26 [internal function]: Laravel\\Lumen\\Application->Laravel\\Lumen\\Concerns\\{closure}(Object(Laravel\\Lumen\\Http\\Request))
#27 /var/www/html/vendor/laravel/lumen-framework/src/Routing/Pipeline.php(52): call_user_func(Object(Closure), Object(Laravel\\Lumen\\Http\\Request))
#28 /var/www/html/app/Http/Middleware/SetLocaleMiddleware.php(35): Laravel\\Lumen\\Routing\\Pipeline->Laravel\\Lumen\\Routing\\{closure}(Object(Laravel\\Lumen\\Http\\Request))
#29 /var/www/html/vendor/illuminate/pipeline/Pipeline.php(163): App\\Http\\Middleware\\SetLocaleMiddleware->handle(Object(Laravel\\Lumen\\Http\\Request), Object(Closure))
#30 [internal function]: Illuminate\\Pipeline\\Pipeline->Illuminate\\Pipeline\\{closure}(Object(Laravel\\Lumen\\Http\\Request))
#31 /var/www/html/vendor/laravel/lumen-framework/src/Routing/Pipeline.php(32): call_user_func(Object(Closure), Object(Laravel\\Lumen\\Http\\Request))
#32 /var/www/html/app/Http/Middleware/CORSMiddleware.php(34): Laravel\\Lumen\\Routing\\Pipeline->Laravel\\Lumen\\Routing\\{closure}(Object(Laravel\\Lumen\\Http\\Request))
#33 /var/www/html/vendor/illuminate/pipeline/Pipeline.php(163): App\\Http\\Middleware\\CORSMiddleware->handle(Object(Laravel\\Lumen\\Http\\Request), Object(Closure))
#34 [internal function]: Illuminate\\Pipeline\\Pipeline->Illuminate\\Pipeline\\{closure}(Object(Laravel\\Lumen\\Http\\Request))
#35 /var/www/html/vendor/laravel/lumen-framework/src/Routing/Pipeline.php(32): call_user_func(Object(Closure), Object(Laravel\\Lumen\\Http\\Request))
#36 /var/www/html/app/Http/Middleware/ValidateJsonFormatMiddleware.php(28): Laravel\\Lumen\\Routing\\Pipeline->Laravel\\Lumen\\Routing\\{closure}(Object(Laravel\\Lumen\\Http\\Request))
#37 /var/www/html/vendor/illuminate/pipeline/Pipeline.php(163): App\\Http\\Middleware\\ValidateJsonFormatMiddleware->handle(Object(Laravel\\Lumen\\Http\\Request), Object(Closure))
#38 [internal function]: Illuminate\\Pipeline\\Pipeline->Illuminate\\Pipeline\\{closure}(Object(Laravel\\Lumen\\Http\\Request))
#39 /var/www/html/vendor/laravel/lumen-framework/src/Routing/Pipeline.php(32): call_user_func(Object(Closure), Object(Laravel\\Lumen\\Http\\Request))
#40 /var/www/html/vendor/illuminate/pipeline/Pipeline.php(104): Laravel\\Lumen\\Routing\\Pipeline->Laravel\\Lumen\\Routing\\{closure}(Object(Laravel\\Lumen\\Http\\Request))
#41 /var/www/html/vendor/laravel/lumen-framework/src/Concerns/RoutesRequests.php(413): Illuminate\\Pipeline\\Pipeline->then(Object(Closure))
#42 /var/www/html/vendor/laravel/lumen-framework/src/Concerns/RoutesRequests.php(171): Laravel\\Lumen\\Application->sendThroughPipeline(Array, Object(Closure))
#43 /var/www/html/vendor/laravel/lumen-framework/src/Concerns/RoutesRequests.php(108): Laravel\\Lumen\\Application->dispatch(NULL)
#44 /var/www/html/public/index.php(28): Laravel\\Lumen\\Application->run()
#45 {main}
"} 
[2019-11-20 07:30:03] local.ERROR: ErrorException: Undefined index: HTTP_REFERER in /var/www/html/storage/framework/views/4f98c7fb676c67fff6ecee1162cd37cd5650f6cb.php:193
Stack trace:
#0 /var/www/html/storage/framework/views/4f98c7fb676c67fff6ecee1162cd37cd5650f6cb.php(193): Laravel\Lumen\Application->Laravel\Lumen\Concerns\{closure}(8, 'Undefined index...', '/var/www/html/s...', 193, Array)
#1 /var/www/html/vendor/illuminate/view/Engines/PhpEngine.php(43): include('/var/www/html/s...')
#2 /var/www/html/vendor/illuminate/view/Engines/CompilerEngine.php(59): Illuminate\View\Engines\PhpEngine->evaluatePath('/var/www/html/s...', Array)
#3 /var/www/html/vendor/illuminate/view/View.php(142): Illuminate\View\Engines\CompilerEngine->get('/var/www/html/r...', Array)
#4 /var/www/html/vendor/illuminate/view/View.php(125): Illuminate\View\View->getContents()
#5 /var/www/html/vendor/illuminate/view/View.php(90): Illuminate\View\View->renderContents()
#6 /var/www/html/vendor/illuminate/mail/Mailer.php(353): Illuminate\View\View->render()
#7 /var/www/html/vendor/illuminate/mail/Mailer.php(326): Illuminate\Mail\Mailer->renderView('user.register.c...', Array)
#8 /var/www/html/vendor/illuminate/mail/Mailer.php(244): Illuminate\Mail\Mailer->addContent(Object(Illuminate\Mail\Message), 'user.register.c...', NULL, NULL, Array)
#9 /var/www/html/vendor/illuminate/mail/Mailable.php(159): Illuminate\Mail\Mailer->send('user.register.c...', Array, Object(Closure))
#10 /var/www/html/vendor/illuminate/support/Traits/Localizable.php(19): Illuminate\Mail\Mailable->Illuminate\Mail\{closure}()
#11 /var/www/html/vendor/illuminate/mail/Mailable.php(160): Illuminate\Mail\Mailable->withLocale(NULL, Object(Closure))
#12 /var/www/html/vendor/illuminate/mail/Mailer.php(275): Illuminate\Mail\Mailable->send(Object(Illuminate\Mail\Mailer))
#13 /var/www/html/vendor/illuminate/mail/Mailer.php(229): Illuminate\Mail\Mailer->sendMailable(Object(App\Mail\ConfirmationMail))
#14 /var/www/html/vendor/illuminate/mail/PendingMail.php(127): Illuminate\Mail\Mailer->send(Object(App\Mail\ConfirmationMail))
#15 /var/www/html/app/Http/Controllers/UsersController.php(61): Illuminate\Mail\PendingMail->send(Object(App\Mail\ConfirmationMail))
#16 [internal function]: App\Http\Controllers\UsersController->register(Object(Laravel\Lumen\Http\Request))
#17 /var/www/html/vendor/illuminate/container/BoundMethod.php(32): call_user_func_array(Array, Array)
#18 /var/www/html/vendor/illuminate/container/BoundMethod.php(90): Illuminate\Container\BoundMethod::Illuminate\Container\{closure}()
#19 /var/www/html/vendor/illuminate/container/BoundMethod.php(34): Illuminate\Container\BoundMethod::callBoundMethod(Object(Laravel\Lumen\Application), Array, Object(Closure))
#20 /var/www/html/vendor/illuminate/container/Container.php(576): Illuminate\Container\BoundMethod::call(Object(Laravel\Lumen\Application), Array, Array, NULL)
#21 /var/www/html/vendor/laravel/lumen-framework/src/Concerns/RoutesRequests.php(376): Illuminate\Container\Container->call(Array, Array)
#22 /var/www/html/vendor/laravel/lumen-framework/src/Concerns/RoutesRequests.php(342): Laravel\Lumen\Application->callControllerCallable(Array, Array)
#23 /var/www/html/vendor/laravel/lumen-framework/src/Concerns/RoutesRequests.php(316): Laravel\Lumen\Application->callLumenController(Object(App\Http\Controllers\UsersController), 'register', Array)
#24 /var/www/html/vendor/laravel/lumen-framework/src/Concerns/RoutesRequests.php(278): Laravel\Lumen\Application->callControllerAction(Array)
#25 /var/www/html/vendor/laravel/lumen-framework/src/Concerns/RoutesRequests.php(263): Laravel\Lumen\Application->callActionOnArrayBasedRoute(Array)
#26 /var/www/html/vendor/laravel/lumen-framework/src/Concerns/RoutesRequests.php(165): Laravel\Lumen\Application->handleFoundRoute(Array)
#27 [internal function]: Laravel\Lumen\Application->Laravel\Lumen\Concerns\{closure}(Object(Laravel\Lumen\Http\Request))
#28 /var/www/html/vendor/laravel/lumen-framework/src/Routing/Pipeline.php(52): call_user_func(Object(Closure), Object(Laravel\Lumen\Http\Request))
#29 /var/www/html/app/Http/Middleware/SetLocaleMiddleware.php(35): Laravel\Lumen\Routing\Pipeline->Laravel\Lumen\Routing\{closure}(Object(Laravel\Lumen\Http\Request))
#30 /var/www/html/vendor/illuminate/pipeline/Pipeline.php(163): App\Http\Middleware\SetLocaleMiddleware->handle(Object(Laravel\Lumen\Http\Request), Object(Closure))
#31 [internal function]: Illuminate\Pipeline\Pipeline->Illuminate\Pipeline\{closure}(Object(Laravel\Lumen\Http\Request))
#32 /var/www/html/vendor/laravel/lumen-framework/src/Routing/Pipeline.php(32): call_user_func(Object(Closure), Object(Laravel\Lumen\Http\Request))
#33 /var/www/html/app/Http/Middleware/CORSMiddleware.php(34): Laravel\Lumen\Routing\Pipeline->Laravel\Lumen\Routing\{closure}(Object(Laravel\Lumen\Http\Request))
#34 /var/www/html/vendor/illuminate/pipeline/Pipeline.php(163): App\Http\Middleware\CORSMiddleware->handle(Object(Laravel\Lumen\Http\Request), Object(Closure))
#35 [internal function]: Illuminate\Pipeline\Pipeline->Illuminate\Pipeline\{closure}(Object(Laravel\Lumen\Http\Request))
#36 /var/www/html/vendor/laravel/lumen-framework/src/Routing/Pipeline.php(32): call_user_func(Object(Closure), Object(Laravel\Lumen\Http\Request))
#37 /var/www/html/app/Http/Middleware/ValidateJsonFormatMiddleware.php(28): Laravel\Lumen\Routing\Pipeline->Laravel\Lumen\Routing\{closure}(Object(Laravel\Lumen\Http\Request))
#38 /var/www/html/vendor/illuminate/pipeline/Pipeline.php(163): App\Http\Middleware\ValidateJsonFormatMiddleware->handle(Object(Laravel\Lumen\Http\Request), Object(Closure))
#39 [internal function]: Illuminate\Pipeline\Pipeline->Illuminate\Pipeline\{closure}(Object(Laravel\Lumen\Http\Request))
#40 /var/www/html/vendor/laravel/lumen-framework/src/Routing/Pipeline.php(32): call_user_func(Object(Closure), Object(Laravel\Lumen\Http\Request))
#41 /var/www/html/vendor/illuminate/pipeline/Pipeline.php(104): Laravel\Lumen\Routing\Pipeline->Laravel\Lumen\Routing\{closure}(Object(Laravel\Lumen\Http\Request))
#42 /var/www/html/vendor/laravel/lumen-framework/src/Concerns/RoutesRequests.php(413): Illuminate\Pipeline\Pipeline->then(Object(Closure))
#43 /var/www/html/vendor/laravel/lumen-framework/src/Concerns/RoutesRequests.php(171): Laravel\Lumen\Application->sendThroughPipeline(Array, Object(Closure))
#44 /var/www/html/vendor/laravel/lumen-framework/src/Concerns/RoutesRequests.php(108): Laravel\Lumen\Application->dispatch(NULL)
#45 /var/www/html/public/index.php(28): Laravel\Lumen\Application->run()
#46 {main}

Next ErrorException: Undefined index: HTTP_REFERER (View: /var/www/html/resources/views/user/register/confirmation_email.blade.php) in /var/www/html/storage/framework/views/4f98c7fb676c67fff6ecee1162cd37cd5650f6cb.php:193
Stack trace:
#0 /var/www/html/vendor/illuminate/view/Engines/PhpEngine.php(45): Illuminate\View\Engines\CompilerEngine->handleViewException(Object(ErrorException), 1)
#1 /var/www/html/vendor/illuminate/view/Engines/CompilerEngine.php(59): Illuminate\View\Engines\PhpEngine->evaluatePath('/var/www/html/s...', Array)
#2 /var/www/html/vendor/illuminate/view/View.php(142): Illuminate\View\Engines\CompilerEngine->get('/var/www/html/r...', Array)
#3 /var/www/html/vendor/illuminate/view/View.php(125): Illuminate\View\View->getContents()
#4 /var/www/html/vendor/illuminate/view/View.php(90): Illuminate\View\View->renderContents()
#5 /var/www/html/vendor/illuminate/mail/Mailer.php(353): Illuminate\View\View->render()
#6 /var/www/html/vendor/illuminate/mail/Mailer.php(326): Illuminate\Mail\Mailer->renderView('user.register.c...', Array)
#7 /var/www/html/vendor/illuminate/mail/Mailer.php(244): Illuminate\Mail\Mailer->addContent(Object(Illuminate\Mail\Message), 'user.register.c...', NULL, NULL, Array)
#8 /var/www/html/vendor/illuminate/mail/Mailable.php(159): Illuminate\Mail\Mailer->send('user.register.c...', Array, Object(Closure))
#9 /var/www/html/vendor/illuminate/support/Traits/Localizable.php(19): Illuminate\Mail\Mailable->Illuminate\Mail\{closure}()
#10 /var/www/html/vendor/illuminate/mail/Mailable.php(160): Illuminate\Mail\Mailable->withLocale(NULL, Object(Closure))
#11 /var/www/html/vendor/illuminate/mail/Mailer.php(275): Illuminate\Mail\Mailable->send(Object(Illuminate\Mail\Mailer))
#12 /var/www/html/vendor/illuminate/mail/Mailer.php(229): Illuminate\Mail\Mailer->sendMailable(Object(App\Mail\ConfirmationMail))
#13 /var/www/html/vendor/illuminate/mail/PendingMail.php(127): Illuminate\Mail\Mailer->send(Object(App\Mail\ConfirmationMail))
#14 /var/www/html/app/Http/Controllers/UsersController.php(61): Illuminate\Mail\PendingMail->send(Object(App\Mail\ConfirmationMail))
#15 [internal function]: App\Http\Controllers\UsersController->register(Object(Laravel\Lumen\Http\Request))
#16 /var/www/html/vendor/illuminate/container/BoundMethod.php(32): call_user_func_array(Array, Array)
#17 /var/www/html/vendor/illuminate/container/BoundMethod.php(90): Illuminate\Container\BoundMethod::Illuminate\Container\{closure}()
#18 /var/www/html/vendor/illuminate/container/BoundMethod.php(34): Illuminate\Container\BoundMethod::callBoundMethod(Object(Laravel\Lumen\Application), Array, Object(Closure))
#19 /var/www/html/vendor/illuminate/container/Container.php(576): Illuminate\Container\BoundMethod::call(Object(Laravel\Lumen\Application), Array, Array, NULL)
#20 /var/www/html/vendor/laravel/lumen-framework/src/Concerns/RoutesRequests.php(376): Illuminate\Container\Container->call(Array, Array)
#21 /var/www/html/vendor/laravel/lumen-framework/src/Concerns/RoutesRequests.php(342): Laravel\Lumen\Application->callControllerCallable(Array, Array)
#22 /var/www/html/vendor/laravel/lumen-framework/src/Concerns/RoutesRequests.php(316): Laravel\Lumen\Application->callLumenController(Object(App\Http\Controllers\UsersController), 'register', Array)
#23 /var/www/html/vendor/laravel/lumen-framework/src/Concerns/RoutesRequests.php(278): Laravel\Lumen\Application->callControllerAction(Array)
#24 /var/www/html/vendor/laravel/lumen-framework/src/Concerns/RoutesRequests.php(263): Laravel\Lumen\Application->callActionOnArrayBasedRoute(Array)
#25 /var/www/html/vendor/laravel/lumen-framework/src/Concerns/RoutesRequests.php(165): Laravel\Lumen\Application->handleFoundRoute(Array)
#26 [internal function]: Laravel\Lumen\Application->Laravel\Lumen\Concerns\{closure}(Object(Laravel\Lumen\Http\Request))
#27 /var/www/html/vendor/laravel/lumen-framework/src/Routing/Pipeline.php(52): call_user_func(Object(Closure), Object(Laravel\Lumen\Http\Request))
#28 /var/www/html/app/Http/Middleware/SetLocaleMiddleware.php(35): Laravel\Lumen\Routing\Pipeline->Laravel\Lumen\Routing\{closure}(Object(Laravel\Lumen\Http\Request))
#29 /var/www/html/vendor/illuminate/pipeline/Pipeline.php(163): App\Http\Middleware\SetLocaleMiddleware->handle(Object(Laravel\Lumen\Http\Request), Object(Closure))
#30 [internal function]: Illuminate\Pipeline\Pipeline->Illuminate\Pipeline\{closure}(Object(Laravel\Lumen\Http\Request))
#31 /var/www/html/vendor/laravel/lumen-framework/src/Routing/Pipeline.php(32): call_user_func(Object(Closure), Object(Laravel\Lumen\Http\Request))
#32 /var/www/html/app/Http/Middleware/CORSMiddleware.php(34): Laravel\Lumen\Routing\Pipeline->Laravel\Lumen\Routing\{closure}(Object(Laravel\Lumen\Http\Request))
#33 /var/www/html/vendor/illuminate/pipeline/Pipeline.php(163): App\Http\Middleware\CORSMiddleware->handle(Object(Laravel\Lumen\Http\Request), Object(Closure))
#34 [internal function]: Illuminate\Pipeline\Pipeline->Illuminate\Pipeline\{closure}(Object(Laravel\Lumen\Http\Request))
#35 /var/www/html/vendor/laravel/lumen-framework/src/Routing/Pipeline.php(32): call_user_func(Object(Closure), Object(Laravel\Lumen\Http\Request))
#36 /var/www/html/app/Http/Middleware/ValidateJsonFormatMiddleware.php(28): Laravel\Lumen\Routing\Pipeline->Laravel\Lumen\Routing\{closure}(Object(Laravel\Lumen\Http\Request))
#37 /var/www/html/vendor/illuminate/pipeline/Pipeline.php(163): App\Http\Middleware\ValidateJsonFormatMiddleware->handle(Object(Laravel\Lumen\Http\Request), Object(Closure))
#38 [internal function]: Illuminate\Pipeline\Pipeline->Illuminate\Pipeline\{closure}(Object(Laravel\Lumen\Http\Request))
#39 /var/www/html/vendor/laravel/lumen-framework/src/Routing/Pipeline.php(32): call_user_func(Object(Closure), Object(Laravel\Lumen\Http\Request))
#40 /var/www/html/vendor/illuminate/pipeline/Pipeline.php(104): Laravel\Lumen\Routing\Pipeline->Laravel\Lumen\Routing\{closure}(Object(Laravel\Lumen\Http\Request))
#41 /var/www/html/vendor/laravel/lumen-framework/src/Concerns/RoutesRequests.php(413): Illuminate\Pipeline\Pipeline->then(Object(Closure))
#42 /var/www/html/vendor/laravel/lumen-framework/src/Concerns/RoutesRequests.php(171): Laravel\Lumen\Application->sendThroughPipeline(Array, Object(Closure))
#43 /var/www/html/vendor/laravel/lumen-framework/src/Concerns/RoutesRequests.php(108): Laravel\Lumen\Application->dispatch(NULL)
#44 /var/www/html/public/index.php(28): Laravel\Lumen\Application->run()
#45 {main} {"exception":"[object] (ErrorException(code: 0): Undefined index: HTTP_REFERER (View: /var/www/html/resources/views/user/register/confirmation_email.blade.php) at /var/www/html/storage/framework/views/4f98c7fb676c67fff6ecee1162cd37cd5650f6cb.php:193, ErrorException(code: 0): Undefined index: HTTP_REFERER at /var/www/html/storage/framework/views/4f98c7fb676c67fff6ecee1162cd37cd5650f6cb.php:193)
[stacktrace]
#0 /var/www/html/vendor/illuminate/view/Engines/PhpEngine.php(45): Illuminate\\View\\Engines\\CompilerEngine->handleViewException(Object(ErrorException), 1)
#1 /var/www/html/vendor/illuminate/view/Engines/CompilerEngine.php(59): Illuminate\\View\\Engines\\PhpEngine->evaluatePath('/var/www/html/s...', Array)
#2 /var/www/html/vendor/illuminate/view/View.php(142): Illuminate\\View\\Engines\\CompilerEngine->get('/var/www/html/r...', Array)
#3 /var/www/html/vendor/illuminate/view/View.php(125): Illuminate\\View\\View->getContents()
#4 /var/www/html/vendor/illuminate/view/View.php(90): Illuminate\\View\\View->renderContents()
#5 /var/www/html/vendor/illuminate/mail/Mailer.php(353): Illuminate\\View\\View->render()
#6 /var/www/html/vendor/illuminate/mail/Mailer.php(326): Illuminate\\Mail\\Mailer->renderView('user.register.c...', Array)
#7 /var/www/html/vendor/illuminate/mail/Mailer.php(244): Illuminate\\Mail\\Mailer->addContent(Object(Illuminate\\Mail\\Message), 'user.register.c...', NULL, NULL, Array)
#8 /var/www/html/vendor/illuminate/mail/Mailable.php(159): Illuminate\\Mail\\Mailer->send('user.register.c...', Array, Object(Closure))
#9 /var/www/html/vendor/illuminate/support/Traits/Localizable.php(19): Illuminate\\Mail\\Mailable->Illuminate\\Mail\\{closure}()
#10 /var/www/html/vendor/illuminate/mail/Mailable.php(160): Illuminate\\Mail\\Mailable->withLocale(NULL, Object(Closure))
#11 /var/www/html/vendor/illuminate/mail/Mailer.php(275): Illuminate\\Mail\\Mailable->send(Object(Illuminate\\Mail\\Mailer))
#12 /var/www/html/vendor/illuminate/mail/Mailer.php(229): Illuminate\\Mail\\Mailer->sendMailable(Object(App\\Mail\\ConfirmationMail))
#13 /var/www/html/vendor/illuminate/mail/PendingMail.php(127): Illuminate\\Mail\\Mailer->send(Object(App\\Mail\\ConfirmationMail))
#14 /var/www/html/app/Http/Controllers/UsersController.php(61): Illuminate\\Mail\\PendingMail->send(Object(App\\Mail\\ConfirmationMail))
#15 [internal function]: App\\Http\\Controllers\\UsersController->register(Object(Laravel\\Lumen\\Http\\Request))
#16 /var/www/html/vendor/illuminate/container/BoundMethod.php(32): call_user_func_array(Array, Array)
#17 /var/www/html/vendor/illuminate/container/BoundMethod.php(90): Illuminate\\Container\\BoundMethod::Illuminate\\Container\\{closure}()
#18 /var/www/html/vendor/illuminate/container/BoundMethod.php(34): Illuminate\\Container\\BoundMethod::callBoundMethod(Object(Laravel\\Lumen\\Application), Array, Object(Closure))
#19 /var/www/html/vendor/illuminate/container/Container.php(576): Illuminate\\Container\\BoundMethod::call(Object(Laravel\\Lumen\\Application), Array, Array, NULL)
#20 /var/www/html/vendor/laravel/lumen-framework/src/Concerns/RoutesRequests.php(376): Illuminate\\Container\\Container->call(Array, Array)
#21 /var/www/html/vendor/laravel/lumen-framework/src/Concerns/RoutesRequests.php(342): Laravel\\Lumen\\Application->callControllerCallable(Array, Array)
#22 /var/www/html/vendor/laravel/lumen-framework/src/Concerns/RoutesRequests.php(316): Laravel\\Lumen\\Application->callLumenController(Object(App\\Http\\Controllers\\UsersController), 'register', Array)
#23 /var/www/html/vendor/laravel/lumen-framework/src/Concerns/RoutesRequests.php(278): Laravel\\Lumen\\Application->callControllerAction(Array)
#24 /var/www/html/vendor/laravel/lumen-framework/src/Concerns/RoutesRequests.php(263): Laravel\\Lumen\\Application->callActionOnArrayBasedRoute(Array)
#25 /var/www/html/vendor/laravel/lumen-framework/src/Concerns/RoutesRequests.php(165): Laravel\\Lumen\\Application->handleFoundRoute(Array)
#26 [internal function]: Laravel\\Lumen\\Application->Laravel\\Lumen\\Concerns\\{closure}(Object(Laravel\\Lumen\\Http\\Request))
#27 /var/www/html/vendor/laravel/lumen-framework/src/Routing/Pipeline.php(52): call_user_func(Object(Closure), Object(Laravel\\Lumen\\Http\\Request))
#28 /var/www/html/app/Http/Middleware/SetLocaleMiddleware.php(35): Laravel\\Lumen\\Routing\\Pipeline->Laravel\\Lumen\\Routing\\{closure}(Object(Laravel\\Lumen\\Http\\Request))
#29 /var/www/html/vendor/illuminate/pipeline/Pipeline.php(163): App\\Http\\Middleware\\SetLocaleMiddleware->handle(Object(Laravel\\Lumen\\Http\\Request), Object(Closure))
#30 [internal function]: Illuminate\\Pipeline\\Pipeline->Illuminate\\Pipeline\\{closure}(Object(Laravel\\Lumen\\Http\\Request))
#31 /var/www/html/vendor/laravel/lumen-framework/src/Routing/Pipeline.php(32): call_user_func(Object(Closure), Object(Laravel\\Lumen\\Http\\Request))
#32 /var/www/html/app/Http/Middleware/CORSMiddleware.php(34): Laravel\\Lumen\\Routing\\Pipeline->Laravel\\Lumen\\Routing\\{closure}(Object(Laravel\\Lumen\\Http\\Request))
#33 /var/www/html/vendor/illuminate/pipeline/Pipeline.php(163): App\\Http\\Middleware\\CORSMiddleware->handle(Object(Laravel\\Lumen\\Http\\Request), Object(Closure))
#34 [internal function]: Illuminate\\Pipeline\\Pipeline->Illuminate\\Pipeline\\{closure}(Object(Laravel\\Lumen\\Http\\Request))
#35 /var/www/html/vendor/laravel/lumen-framework/src/Routing/Pipeline.php(32): call_user_func(Object(Closure), Object(Laravel\\Lumen\\Http\\Request))
#36 /var/www/html/app/Http/Middleware/ValidateJsonFormatMiddleware.php(28): Laravel\\Lumen\\Routing\\Pipeline->Laravel\\Lumen\\Routing\\{closure}(Object(Laravel\\Lumen\\Http\\Request))
#37 /var/www/html/vendor/illuminate/pipeline/Pipeline.php(163): App\\Http\\Middleware\\ValidateJsonFormatMiddleware->handle(Object(Laravel\\Lumen\\Http\\Request), Object(Closure))
#38 [internal function]: Illuminate\\Pipeline\\Pipeline->Illuminate\\Pipeline\\{closure}(Object(Laravel\\Lumen\\Http\\Request))
#39 /var/www/html/vendor/laravel/lumen-framework/src/Routing/Pipeline.php(32): call_user_func(Object(Closure), Object(Laravel\\Lumen\\Http\\Request))
#40 /var/www/html/vendor/illuminate/pipeline/Pipeline.php(104): Laravel\\Lumen\\Routing\\Pipeline->Laravel\\Lumen\\Routing\\{closure}(Object(Laravel\\Lumen\\Http\\Request))
#41 /var/www/html/vendor/laravel/lumen-framework/src/Concerns/RoutesRequests.php(413): Illuminate\\Pipeline\\Pipeline->then(Object(Closure))
#42 /var/www/html/vendor/laravel/lumen-framework/src/Concerns/RoutesRequests.php(171): Laravel\\Lumen\\Application->sendThroughPipeline(Array, Object(Closure))
#43 /var/www/html/vendor/laravel/lumen-framework/src/Concerns/RoutesRequests.php(108): Laravel\\Lumen\\Application->dispatch(NULL)
#44 /var/www/html/public/index.php(28): Laravel\\Lumen\\Application->run()
#45 {main}
"} 
[2019-11-20 07:42:27] local.ERROR: InvalidArgumentException: View [user.login.twoFactorAuth] not found. in /var/www/html/vendor/illuminate/view/FileViewFinder.php:137
Stack trace:
#0 /var/www/html/vendor/illuminate/view/FileViewFinder.php(79): Illuminate\View\FileViewFinder->findInPaths('user.login.twoF...', Array)
#1 /var/www/html/vendor/illuminate/view/Factory.php(131): Illuminate\View\FileViewFinder->find('user.login.twoF...')
#2 /var/www/html/vendor/illuminate/mail/Mailer.php(353): Illuminate\View\Factory->make('user.login.twoF...', Array)
#3 /var/www/html/vendor/illuminate/mail/Mailer.php(326): Illuminate\Mail\Mailer->renderView('user.login.twoF...', Array)
#4 /var/www/html/vendor/illuminate/mail/Mailer.php(244): Illuminate\Mail\Mailer->addContent(Object(Illuminate\Mail\Message), 'user.login.twoF...', NULL, NULL, Array)
#5 /var/www/html/vendor/illuminate/mail/Mailable.php(159): Illuminate\Mail\Mailer->send('user.login.twoF...', Array, Object(Closure))
#6 /var/www/html/vendor/illuminate/support/Traits/Localizable.php(19): Illuminate\Mail\Mailable->Illuminate\Mail\{closure}()
#7 /var/www/html/vendor/illuminate/mail/Mailable.php(160): Illuminate\Mail\Mailable->withLocale(NULL, Object(Closure))
#8 /var/www/html/vendor/illuminate/mail/Mailer.php(275): Illuminate\Mail\Mailable->send(Object(Illuminate\Mail\Mailer))
#9 /var/www/html/vendor/illuminate/mail/Mailer.php(229): Illuminate\Mail\Mailer->sendMailable(Object(App\Mail\TwoFactorAuth))
#10 /var/www/html/vendor/illuminate/mail/PendingMail.php(127): Illuminate\Mail\Mailer->send(Object(App\Mail\TwoFactorAuth))
#11 /var/www/html/app/Http/Controllers/UsersController.php(173): Illuminate\Mail\PendingMail->send(Object(App\Mail\TwoFactorAuth))
#12 /var/www/html/app/Http/Controllers/UsersController.php(113): App\Http\Controllers\UsersController->TwoFactorAuth(Object(App\Model\User), NULL)
#13 [internal function]: App\Http\Controllers\UsersController->login(Object(Laravel\Lumen\Http\Request))
#14 /var/www/html/vendor/illuminate/container/BoundMethod.php(32): call_user_func_array(Array, Array)
#15 /var/www/html/vendor/illuminate/container/BoundMethod.php(90): Illuminate\Container\BoundMethod::Illuminate\Container\{closure}()
#16 /var/www/html/vendor/illuminate/container/BoundMethod.php(34): Illuminate\Container\BoundMethod::callBoundMethod(Object(Laravel\Lumen\Application), Array, Object(Closure))
#17 /var/www/html/vendor/illuminate/container/Container.php(576): Illuminate\Container\BoundMethod::call(Object(Laravel\Lumen\Application), Array, Array, NULL)
#18 /var/www/html/vendor/laravel/lumen-framework/src/Concerns/RoutesRequests.php(376): Illuminate\Container\Container->call(Array, Array)
#19 /var/www/html/vendor/laravel/lumen-framework/src/Concerns/RoutesRequests.php(342): Laravel\Lumen\Application->callControllerCallable(Array, Array)
#20 /var/www/html/vendor/laravel/lumen-framework/src/Concerns/RoutesRequests.php(316): Laravel\Lumen\Application->callLumenController(Object(App\Http\Controllers\UsersController), 'login', Array)
#21 /var/www/html/vendor/laravel/lumen-framework/src/Concerns/RoutesRequests.php(278): Laravel\Lumen\Application->callControllerAction(Array)
#22 /var/www/html/vendor/laravel/lumen-framework/src/Concerns/RoutesRequests.php(263): Laravel\Lumen\Application->callActionOnArrayBasedRoute(Array)
#23 /var/www/html/vendor/laravel/lumen-framework/src/Concerns/RoutesRequests.php(165): Laravel\Lumen\Application->handleFoundRoute(Array)
#24 [internal function]: Laravel\Lumen\Application->Laravel\Lumen\Concerns\{closure}(Object(Laravel\Lumen\Http\Request))
#25 /var/www/html/vendor/laravel/lumen-framework/src/Routing/Pipeline.php(52): call_user_func(Object(Closure), Object(Laravel\Lumen\Http\Request))
#26 /var/www/html/app/Http/Middleware/SetLocaleMiddleware.php(35): Laravel\Lumen\Routing\Pipeline->Laravel\Lumen\Routing\{closure}(Object(Laravel\Lumen\Http\Request))
#27 /var/www/html/vendor/illuminate/pipeline/Pipeline.php(163): App\Http\Middleware\SetLocaleMiddleware->handle(Object(Laravel\Lumen\Http\Request), Object(Closure))
#28 [internal function]: Illuminate\Pipeline\Pipeline->Illuminate\Pipeline\{closure}(Object(Laravel\Lumen\Http\Request))
#29 /var/www/html/vendor/laravel/lumen-framework/src/Routing/Pipeline.php(32): call_user_func(Object(Closure), Object(Laravel\Lumen\Http\Request))
#30 /var/www/html/app/Http/Middleware/CORSMiddleware.php(34): Laravel\Lumen\Routing\Pipeline->Laravel\Lumen\Routing\{closure}(Object(Laravel\Lumen\Http\Request))
#31 /var/www/html/vendor/illuminate/pipeline/Pipeline.php(163): App\Http\Middleware\CORSMiddleware->handle(Object(Laravel\Lumen\Http\Request), Object(Closure))
#32 [internal function]: Illuminate\Pipeline\Pipeline->Illuminate\Pipeline\{closure}(Object(Laravel\Lumen\Http\Request))
#33 /var/www/html/vendor/laravel/lumen-framework/src/Routing/Pipeline.php(32): call_user_func(Object(Closure), Object(Laravel\Lumen\Http\Request))
#34 /var/www/html/app/Http/Middleware/ValidateJsonFormatMiddleware.php(28): Laravel\Lumen\Routing\Pipeline->Laravel\Lumen\Routing\{closure}(Object(Laravel\Lumen\Http\Request))
#35 /var/www/html/vendor/illuminate/pipeline/Pipeline.php(163): App\Http\Middleware\ValidateJsonFormatMiddleware->handle(Object(Laravel\Lumen\Http\Request), Object(Closure))
#36 [internal function]: Illuminate\Pipeline\Pipeline->Illuminate\Pipeline\{closure}(Object(Laravel\Lumen\Http\Request))
#37 /var/www/html/vendor/laravel/lumen-framework/src/Routing/Pipeline.php(32): call_user_func(Object(Closure), Object(Laravel\Lumen\Http\Request))
#38 /var/www/html/vendor/illuminate/pipeline/Pipeline.php(104): Laravel\Lumen\Routing\Pipeline->Laravel\Lumen\Routing\{closure}(Object(Laravel\Lumen\Http\Request))
#39 /var/www/html/vendor/laravel/lumen-framework/src/Concerns/RoutesRequests.php(413): Illuminate\Pipeline\Pipeline->then(Object(Closure))
#40 /var/www/html/vendor/laravel/lumen-framework/src/Concerns/RoutesRequests.php(171): Laravel\Lumen\Application->sendThroughPipeline(Array, Object(Closure))
#41 /var/www/html/vendor/laravel/lumen-framework/src/Concerns/RoutesRequests.php(108): Laravel\Lumen\Application->dispatch(NULL)
#42 /var/www/html/public/index.php(28): Laravel\Lumen\Application->run()
#43 {main} {"exception":"[object] (InvalidArgumentException(code: 0): View [user.login.twoFactorAuth] not found. at /var/www/html/vendor/illuminate/view/FileViewFinder.php:137)
[stacktrace]
#0 /var/www/html/vendor/illuminate/view/FileViewFinder.php(79): Illuminate\\View\\FileViewFinder->findInPaths('user.login.twoF...', Array)
#1 /var/www/html/vendor/illuminate/view/Factory.php(131): Illuminate\\View\\FileViewFinder->find('user.login.twoF...')
#2 /var/www/html/vendor/illuminate/mail/Mailer.php(353): Illuminate\\View\\Factory->make('user.login.twoF...', Array)
#3 /var/www/html/vendor/illuminate/mail/Mailer.php(326): Illuminate\\Mail\\Mailer->renderView('user.login.twoF...', Array)
#4 /var/www/html/vendor/illuminate/mail/Mailer.php(244): Illuminate\\Mail\\Mailer->addContent(Object(Illuminate\\Mail\\Message), 'user.login.twoF...', NULL, NULL, Array)
#5 /var/www/html/vendor/illuminate/mail/Mailable.php(159): Illuminate\\Mail\\Mailer->send('user.login.twoF...', Array, Object(Closure))
#6 /var/www/html/vendor/illuminate/support/Traits/Localizable.php(19): Illuminate\\Mail\\Mailable->Illuminate\\Mail\\{closure}()
#7 /var/www/html/vendor/illuminate/mail/Mailable.php(160): Illuminate\\Mail\\Mailable->withLocale(NULL, Object(Closure))
#8 /var/www/html/vendor/illuminate/mail/Mailer.php(275): Illuminate\\Mail\\Mailable->send(Object(Illuminate\\Mail\\Mailer))
#9 /var/www/html/vendor/illuminate/mail/Mailer.php(229): Illuminate\\Mail\\Mailer->sendMailable(Object(App\\Mail\\TwoFactorAuth))
#10 /var/www/html/vendor/illuminate/mail/PendingMail.php(127): Illuminate\\Mail\\Mailer->send(Object(App\\Mail\\TwoFactorAuth))
#11 /var/www/html/app/Http/Controllers/UsersController.php(173): Illuminate\\Mail\\PendingMail->send(Object(App\\Mail\\TwoFactorAuth))
#12 /var/www/html/app/Http/Controllers/UsersController.php(113): App\\Http\\Controllers\\UsersController->TwoFactorAuth(Object(App\\Model\\User), NULL)
#13 [internal function]: App\\Http\\Controllers\\UsersController->login(Object(Laravel\\Lumen\\Http\\Request))
#14 /var/www/html/vendor/illuminate/container/BoundMethod.php(32): call_user_func_array(Array, Array)
#15 /var/www/html/vendor/illuminate/container/BoundMethod.php(90): Illuminate\\Container\\BoundMethod::Illuminate\\Container\\{closure}()
#16 /var/www/html/vendor/illuminate/container/BoundMethod.php(34): Illuminate\\Container\\BoundMethod::callBoundMethod(Object(Laravel\\Lumen\\Application), Array, Object(Closure))
#17 /var/www/html/vendor/illuminate/container/Container.php(576): Illuminate\\Container\\BoundMethod::call(Object(Laravel\\Lumen\\Application), Array, Array, NULL)
#18 /var/www/html/vendor/laravel/lumen-framework/src/Concerns/RoutesRequests.php(376): Illuminate\\Container\\Container->call(Array, Array)
#19 /var/www/html/vendor/laravel/lumen-framework/src/Concerns/RoutesRequests.php(342): Laravel\\Lumen\\Application->callControllerCallable(Array, Array)
#20 /var/www/html/vendor/laravel/lumen-framework/src/Concerns/RoutesRequests.php(316): Laravel\\Lumen\\Application->callLumenController(Object(App\\Http\\Controllers\\UsersController), 'login', Array)
#21 /var/www/html/vendor/laravel/lumen-framework/src/Concerns/RoutesRequests.php(278): Laravel\\Lumen\\Application->callControllerAction(Array)
#22 /var/www/html/vendor/laravel/lumen-framework/src/Concerns/RoutesRequests.php(263): Laravel\\Lumen\\Application->callActionOnArrayBasedRoute(Array)
#23 /var/www/html/vendor/laravel/lumen-framework/src/Concerns/RoutesRequests.php(165): Laravel\\Lumen\\Application->handleFoundRoute(Array)
#24 [internal function]: Laravel\\Lumen\\Application->Laravel\\Lumen\\Concerns\\{closure}(Object(Laravel\\Lumen\\Http\\Request))
#25 /var/www/html/vendor/laravel/lumen-framework/src/Routing/Pipeline.php(52): call_user_func(Object(Closure), Object(Laravel\\Lumen\\Http\\Request))
#26 /var/www/html/app/Http/Middleware/SetLocaleMiddleware.php(35): Laravel\\Lumen\\Routing\\Pipeline->Laravel\\Lumen\\Routing\\{closure}(Object(Laravel\\Lumen\\Http\\Request))
#27 /var/www/html/vendor/illuminate/pipeline/Pipeline.php(163): App\\Http\\Middleware\\SetLocaleMiddleware->handle(Object(Laravel\\Lumen\\Http\\Request), Object(Closure))
#28 [internal function]: Illuminate\\Pipeline\\Pipeline->Illuminate\\Pipeline\\{closure}(Object(Laravel\\Lumen\\Http\\Request))
#29 /var/www/html/vendor/laravel/lumen-framework/src/Routing/Pipeline.php(32): call_user_func(Object(Closure), Object(Laravel\\Lumen\\Http\\Request))
#30 /var/www/html/app/Http/Middleware/CORSMiddleware.php(34): Laravel\\Lumen\\Routing\\Pipeline->Laravel\\Lumen\\Routing\\{closure}(Object(Laravel\\Lumen\\Http\\Request))
#31 /var/www/html/vendor/illuminate/pipeline/Pipeline.php(163): App\\Http\\Middleware\\CORSMiddleware->handle(Object(Laravel\\Lumen\\Http\\Request), Object(Closure))
#32 [internal function]: Illuminate\\Pipeline\\Pipeline->Illuminate\\Pipeline\\{closure}(Object(Laravel\\Lumen\\Http\\Request))
#33 /var/www/html/vendor/laravel/lumen-framework/src/Routing/Pipeline.php(32): call_user_func(Object(Closure), Object(Laravel\\Lumen\\Http\\Request))
#34 /var/www/html/app/Http/Middleware/ValidateJsonFormatMiddleware.php(28): Laravel\\Lumen\\Routing\\Pipeline->Laravel\\Lumen\\Routing\\{closure}(Object(Laravel\\Lumen\\Http\\Request))
#35 /var/www/html/vendor/illuminate/pipeline/Pipeline.php(163): App\\Http\\Middleware\\ValidateJsonFormatMiddleware->handle(Object(Laravel\\Lumen\\Http\\Request), Object(Closure))
#36 [internal function]: Illuminate\\Pipeline\\Pipeline->Illuminate\\Pipeline\\{closure}(Object(Laravel\\Lumen\\Http\\Request))
#37 /var/www/html/vendor/laravel/lumen-framework/src/Routing/Pipeline.php(32): call_user_func(Object(Closure), Object(Laravel\\Lumen\\Http\\Request))
#38 /var/www/html/vendor/illuminate/pipeline/Pipeline.php(104): Laravel\\Lumen\\Routing\\Pipeline->Laravel\\Lumen\\Routing\\{closure}(Object(Laravel\\Lumen\\Http\\Request))
#39 /var/www/html/vendor/laravel/lumen-framework/src/Concerns/RoutesRequests.php(413): Illuminate\\Pipeline\\Pipeline->then(Object(Closure))
#40 /var/www/html/vendor/laravel/lumen-framework/src/Concerns/RoutesRequests.php(171): Laravel\\Lumen\\Application->sendThroughPipeline(Array, Object(Closure))
#41 /var/www/html/vendor/laravel/lumen-framework/src/Concerns/RoutesRequests.php(108): Laravel\\Lumen\\Application->dispatch(NULL)
#42 /var/www/html/public/index.php(28): Laravel\\Lumen\\Application->run()
#43 {main}
"} 
[2019-11-20 07:47:46] local.ERROR: InvalidArgumentException: View [user.login.twoFactorAuth] not found. in /var/www/html/vendor/illuminate/view/FileViewFinder.php:137
Stack trace:
#0 /var/www/html/vendor/illuminate/view/FileViewFinder.php(79): Illuminate\View\FileViewFinder->findInPaths('user.login.twoF...', Array)
#1 /var/www/html/vendor/illuminate/view/Factory.php(131): Illuminate\View\FileViewFinder->find('user.login.twoF...')
#2 /var/www/html/vendor/illuminate/mail/Mailer.php(353): Illuminate\View\Factory->make('user.login.twoF...', Array)
#3 /var/www/html/vendor/illuminate/mail/Mailer.php(326): Illuminate\Mail\Mailer->renderView('user.login.twoF...', Array)
#4 /var/www/html/vendor/illuminate/mail/Mailer.php(244): Illuminate\Mail\Mailer->addContent(Object(Illuminate\Mail\Message), 'user.login.twoF...', NULL, NULL, Array)
#5 /var/www/html/vendor/illuminate/mail/Mailable.php(159): Illuminate\Mail\Mailer->send('user.login.twoF...', Array, Object(Closure))
#6 /var/www/html/vendor/illuminate/support/Traits/Localizable.php(19): Illuminate\Mail\Mailable->Illuminate\Mail\{closure}()
#7 /var/www/html/vendor/illuminate/mail/Mailable.php(160): Illuminate\Mail\Mailable->withLocale(NULL, Object(Closure))
#8 /var/www/html/vendor/illuminate/mail/Mailer.php(275): Illuminate\Mail\Mailable->send(Object(Illuminate\Mail\Mailer))
#9 /var/www/html/vendor/illuminate/mail/Mailer.php(229): Illuminate\Mail\Mailer->sendMailable(Object(App\Mail\TwoFactorAuth))
#10 /var/www/html/vendor/illuminate/mail/PendingMail.php(127): Illuminate\Mail\Mailer->send(Object(App\Mail\TwoFactorAuth))
#11 /var/www/html/app/Http/Controllers/UsersController.php(173): Illuminate\Mail\PendingMail->send(Object(App\Mail\TwoFactorAuth))
#12 /var/www/html/app/Http/Controllers/UsersController.php(113): App\Http\Controllers\UsersController->TwoFactorAuth(Object(App\Model\User), NULL)
#13 [internal function]: App\Http\Controllers\UsersController->login(Object(Laravel\Lumen\Http\Request))
#14 /var/www/html/vendor/illuminate/container/BoundMethod.php(32): call_user_func_array(Array, Array)
#15 /var/www/html/vendor/illuminate/container/BoundMethod.php(90): Illuminate\Container\BoundMethod::Illuminate\Container\{closure}()
#16 /var/www/html/vendor/illuminate/container/BoundMethod.php(34): Illuminate\Container\BoundMethod::callBoundMethod(Object(Laravel\Lumen\Application), Array, Object(Closure))
#17 /var/www/html/vendor/illuminate/container/Container.php(576): Illuminate\Container\BoundMethod::call(Object(Laravel\Lumen\Application), Array, Array, NULL)
#18 /var/www/html/vendor/laravel/lumen-framework/src/Concerns/RoutesRequests.php(376): Illuminate\Container\Container->call(Array, Array)
#19 /var/www/html/vendor/laravel/lumen-framework/src/Concerns/RoutesRequests.php(342): Laravel\Lumen\Application->callControllerCallable(Array, Array)
#20 /var/www/html/vendor/laravel/lumen-framework/src/Concerns/RoutesRequests.php(316): Laravel\Lumen\Application->callLumenController(Object(App\Http\Controllers\UsersController), 'login', Array)
#21 /var/www/html/vendor/laravel/lumen-framework/src/Concerns/RoutesRequests.php(278): Laravel\Lumen\Application->callControllerAction(Array)
#22 /var/www/html/vendor/laravel/lumen-framework/src/Concerns/RoutesRequests.php(263): Laravel\Lumen\Application->callActionOnArrayBasedRoute(Array)
#23 /var/www/html/vendor/laravel/lumen-framework/src/Concerns/RoutesRequests.php(165): Laravel\Lumen\Application->handleFoundRoute(Array)
#24 [internal function]: Laravel\Lumen\Application->Laravel\Lumen\Concerns\{closure}(Object(Laravel\Lumen\Http\Request))
#25 /var/www/html/vendor/laravel/lumen-framework/src/Routing/Pipeline.php(52): call_user_func(Object(Closure), Object(Laravel\Lumen\Http\Request))
#26 /var/www/html/app/Http/Middleware/SetLocaleMiddleware.php(35): Laravel\Lumen\Routing\Pipeline->Laravel\Lumen\Routing\{closure}(Object(Laravel\Lumen\Http\Request))
#27 /var/www/html/vendor/illuminate/pipeline/Pipeline.php(163): App\Http\Middleware\SetLocaleMiddleware->handle(Object(Laravel\Lumen\Http\Request), Object(Closure))
#28 [internal function]: Illuminate\Pipeline\Pipeline->Illuminate\Pipeline\{closure}(Object(Laravel\Lumen\Http\Request))
#29 /var/www/html/vendor/laravel/lumen-framework/src/Routing/Pipeline.php(32): call_user_func(Object(Closure), Object(Laravel\Lumen\Http\Request))
#30 /var/www/html/app/Http/Middleware/CORSMiddleware.php(34): Laravel\Lumen\Routing\Pipeline->Laravel\Lumen\Routing\{closure}(Object(Laravel\Lumen\Http\Request))
#31 /var/www/html/vendor/illuminate/pipeline/Pipeline.php(163): App\Http\Middleware\CORSMiddleware->handle(Object(Laravel\Lumen\Http\Request), Object(Closure))
#32 [internal function]: Illuminate\Pipeline\Pipeline->Illuminate\Pipeline\{closure}(Object(Laravel\Lumen\Http\Request))
#33 /var/www/html/vendor/laravel/lumen-framework/src/Routing/Pipeline.php(32): call_user_func(Object(Closure), Object(Laravel\Lumen\Http\Request))
#34 /var/www/html/app/Http/Middleware/ValidateJsonFormatMiddleware.php(28): Laravel\Lumen\Routing\Pipeline->Laravel\Lumen\Routing\{closure}(Object(Laravel\Lumen\Http\Request))
#35 /var/www/html/vendor/illuminate/pipeline/Pipeline.php(163): App\Http\Middleware\ValidateJsonFormatMiddleware->handle(Object(Laravel\Lumen\Http\Request), Object(Closure))
#36 [internal function]: Illuminate\Pipeline\Pipeline->Illuminate\Pipeline\{closure}(Object(Laravel\Lumen\Http\Request))
#37 /var/www/html/vendor/laravel/lumen-framework/src/Routing/Pipeline.php(32): call_user_func(Object(Closure), Object(Laravel\Lumen\Http\Request))
#38 /var/www/html/vendor/illuminate/pipeline/Pipeline.php(104): Laravel\Lumen\Routing\Pipeline->Laravel\Lumen\Routing\{closure}(Object(Laravel\Lumen\Http\Request))
#39 /var/www/html/vendor/laravel/lumen-framework/src/Concerns/RoutesRequests.php(413): Illuminate\Pipeline\Pipeline->then(Object(Closure))
#40 /var/www/html/vendor/laravel/lumen-framework/src/Concerns/RoutesRequests.php(171): Laravel\Lumen\Application->sendThroughPipeline(Array, Object(Closure))
#41 /var/www/html/vendor/laravel/lumen-framework/src/Concerns/RoutesRequests.php(108): Laravel\Lumen\Application->dispatch(NULL)
#42 /var/www/html/public/index.php(28): Laravel\Lumen\Application->run()
#43 {main} {"exception":"[object] (InvalidArgumentException(code: 0): View [user.login.twoFactorAuth] not found. at /var/www/html/vendor/illuminate/view/FileViewFinder.php:137)
[stacktrace]
#0 /var/www/html/vendor/illuminate/view/FileViewFinder.php(79): Illuminate\\View\\FileViewFinder->findInPaths('user.login.twoF...', Array)
#1 /var/www/html/vendor/illuminate/view/Factory.php(131): Illuminate\\View\\FileViewFinder->find('user.login.twoF...')
#2 /var/www/html/vendor/illuminate/mail/Mailer.php(353): Illuminate\\View\\Factory->make('user.login.twoF...', Array)
#3 /var/www/html/vendor/illuminate/mail/Mailer.php(326): Illuminate\\Mail\\Mailer->renderView('user.login.twoF...', Array)
#4 /var/www/html/vendor/illuminate/mail/Mailer.php(244): Illuminate\\Mail\\Mailer->addContent(Object(Illuminate\\Mail\\Message), 'user.login.twoF...', NULL, NULL, Array)
#5 /var/www/html/vendor/illuminate/mail/Mailable.php(159): Illuminate\\Mail\\Mailer->send('user.login.twoF...', Array, Object(Closure))
#6 /var/www/html/vendor/illuminate/support/Traits/Localizable.php(19): Illuminate\\Mail\\Mailable->Illuminate\\Mail\\{closure}()
#7 /var/www/html/vendor/illuminate/mail/Mailable.php(160): Illuminate\\Mail\\Mailable->withLocale(NULL, Object(Closure))
#8 /var/www/html/vendor/illuminate/mail/Mailer.php(275): Illuminate\\Mail\\Mailable->send(Object(Illuminate\\Mail\\Mailer))
#9 /var/www/html/vendor/illuminate/mail/Mailer.php(229): Illuminate\\Mail\\Mailer->sendMailable(Object(App\\Mail\\TwoFactorAuth))
#10 /var/www/html/vendor/illuminate/mail/PendingMail.php(127): Illuminate\\Mail\\Mailer->send(Object(App\\Mail\\TwoFactorAuth))
#11 /var/www/html/app/Http/Controllers/UsersController.php(173): Illuminate\\Mail\\PendingMail->send(Object(App\\Mail\\TwoFactorAuth))
#12 /var/www/html/app/Http/Controllers/UsersController.php(113): App\\Http\\Controllers\\UsersController->TwoFactorAuth(Object(App\\Model\\User), NULL)
#13 [internal function]: App\\Http\\Controllers\\UsersController->login(Object(Laravel\\Lumen\\Http\\Request))
#14 /var/www/html/vendor/illuminate/container/BoundMethod.php(32): call_user_func_array(Array, Array)
#15 /var/www/html/vendor/illuminate/container/BoundMethod.php(90): Illuminate\\Container\\BoundMethod::Illuminate\\Container\\{closure}()
#16 /var/www/html/vendor/illuminate/container/BoundMethod.php(34): Illuminate\\Container\\BoundMethod::callBoundMethod(Object(Laravel\\Lumen\\Application), Array, Object(Closure))
#17 /var/www/html/vendor/illuminate/container/Container.php(576): Illuminate\\Container\\BoundMethod::call(Object(Laravel\\Lumen\\Application), Array, Array, NULL)
#18 /var/www/html/vendor/laravel/lumen-framework/src/Concerns/RoutesRequests.php(376): Illuminate\\Container\\Container->call(Array, Array)
#19 /var/www/html/vendor/laravel/lumen-framework/src/Concerns/RoutesRequests.php(342): Laravel\\Lumen\\Application->callControllerCallable(Array, Array)
#20 /var/www/html/vendor/laravel/lumen-framework/src/Concerns/RoutesRequests.php(316): Laravel\\Lumen\\Application->callLumenController(Object(App\\Http\\Controllers\\UsersController), 'login', Array)
#21 /var/www/html/vendor/laravel/lumen-framework/src/Concerns/RoutesRequests.php(278): Laravel\\Lumen\\Application->callControllerAction(Array)
#22 /var/www/html/vendor/laravel/lumen-framework/src/Concerns/RoutesRequests.php(263): Laravel\\Lumen\\Application->callActionOnArrayBasedRoute(Array)
#23 /var/www/html/vendor/laravel/lumen-framework/src/Concerns/RoutesRequests.php(165): Laravel\\Lumen\\Application->handleFoundRoute(Array)
#24 [internal function]: Laravel\\Lumen\\Application->Laravel\\Lumen\\Concerns\\{closure}(Object(Laravel\\Lumen\\Http\\Request))
#25 /var/www/html/vendor/laravel/lumen-framework/src/Routing/Pipeline.php(52): call_user_func(Object(Closure), Object(Laravel\\Lumen\\Http\\Request))
#26 /var/www/html/app/Http/Middleware/SetLocaleMiddleware.php(35): Laravel\\Lumen\\Routing\\Pipeline->Laravel\\Lumen\\Routing\\{closure}(Object(Laravel\\Lumen\\Http\\Request))
#27 /var/www/html/vendor/illuminate/pipeline/Pipeline.php(163): App\\Http\\Middleware\\SetLocaleMiddleware->handle(Object(Laravel\\Lumen\\Http\\Request), Object(Closure))
#28 [internal function]: Illuminate\\Pipeline\\Pipeline->Illuminate\\Pipeline\\{closure}(Object(Laravel\\Lumen\\Http\\Request))
#29 /var/www/html/vendor/laravel/lumen-framework/src/Routing/Pipeline.php(32): call_user_func(Object(Closure), Object(Laravel\\Lumen\\Http\\Request))
#30 /var/www/html/app/Http/Middleware/CORSMiddleware.php(34): Laravel\\Lumen\\Routing\\Pipeline->Laravel\\Lumen\\Routing\\{closure}(Object(Laravel\\Lumen\\Http\\Request))
#31 /var/www/html/vendor/illuminate/pipeline/Pipeline.php(163): App\\Http\\Middleware\\CORSMiddleware->handle(Object(Laravel\\Lumen\\Http\\Request), Object(Closure))
#32 [internal function]: Illuminate\\Pipeline\\Pipeline->Illuminate\\Pipeline\\{closure}(Object(Laravel\\Lumen\\Http\\Request))
#33 /var/www/html/vendor/laravel/lumen-framework/src/Routing/Pipeline.php(32): call_user_func(Object(Closure), Object(Laravel\\Lumen\\Http\\Request))
#34 /var/www/html/app/Http/Middleware/ValidateJsonFormatMiddleware.php(28): Laravel\\Lumen\\Routing\\Pipeline->Laravel\\Lumen\\Routing\\{closure}(Object(Laravel\\Lumen\\Http\\Request))
#35 /var/www/html/vendor/illuminate/pipeline/Pipeline.php(163): App\\Http\\Middleware\\ValidateJsonFormatMiddleware->handle(Object(Laravel\\Lumen\\Http\\Request), Object(Closure))
#36 [internal function]: Illuminate\\Pipeline\\Pipeline->Illuminate\\Pipeline\\{closure}(Object(Laravel\\Lumen\\Http\\Request))
#37 /var/www/html/vendor/laravel/lumen-framework/src/Routing/Pipeline.php(32): call_user_func(Object(Closure), Object(Laravel\\Lumen\\Http\\Request))
#38 /var/www/html/vendor/illuminate/pipeline/Pipeline.php(104): Laravel\\Lumen\\Routing\\Pipeline->Laravel\\Lumen\\Routing\\{closure}(Object(Laravel\\Lumen\\Http\\Request))
#39 /var/www/html/vendor/laravel/lumen-framework/src/Concerns/RoutesRequests.php(413): Illuminate\\Pipeline\\Pipeline->then(Object(Closure))
#40 /var/www/html/vendor/laravel/lumen-framework/src/Concerns/RoutesRequests.php(171): Laravel\\Lumen\\Application->sendThroughPipeline(Array, Object(Closure))
#41 /var/www/html/vendor/laravel/lumen-framework/src/Concerns/RoutesRequests.php(108): Laravel\\Lumen\\Application->dispatch(NULL)
#42 /var/www/html/public/index.php(28): Laravel\\Lumen\\Application->run()
#43 {main}
"} 
[2019-11-20 07:52:23] local.ERROR: InvalidArgumentException: View [user.login.twoFactorAuth] not found. in /var/www/html/vendor/illuminate/view/FileViewFinder.php:137
Stack trace:
#0 /var/www/html/vendor/illuminate/view/FileViewFinder.php(79): Illuminate\View\FileViewFinder->findInPaths('user.login.twoF...', Array)
#1 /var/www/html/vendor/illuminate/view/Factory.php(131): Illuminate\View\FileViewFinder->find('user.login.twoF...')
#2 /var/www/html/vendor/illuminate/mail/Mailer.php(353): Illuminate\View\Factory->make('user.login.twoF...', Array)
#3 /var/www/html/vendor/illuminate/mail/Mailer.php(326): Illuminate\Mail\Mailer->renderView('user.login.twoF...', Array)
#4 /var/www/html/vendor/illuminate/mail/Mailer.php(244): Illuminate\Mail\Mailer->addContent(Object(Illuminate\Mail\Message), 'user.login.twoF...', NULL, NULL, Array)
#5 /var/www/html/vendor/illuminate/mail/Mailable.php(159): Illuminate\Mail\Mailer->send('user.login.twoF...', Array, Object(Closure))
#6 /var/www/html/vendor/illuminate/support/Traits/Localizable.php(19): Illuminate\Mail\Mailable->Illuminate\Mail\{closure}()
#7 /var/www/html/vendor/illuminate/mail/Mailable.php(160): Illuminate\Mail\Mailable->withLocale(NULL, Object(Closure))
#8 /var/www/html/vendor/illuminate/mail/Mailer.php(275): Illuminate\Mail\Mailable->send(Object(Illuminate\Mail\Mailer))
#9 /var/www/html/vendor/illuminate/mail/Mailer.php(229): Illuminate\Mail\Mailer->sendMailable(Object(App\Mail\TwoFactorAuth))
#10 /var/www/html/vendor/illuminate/mail/PendingMail.php(127): Illuminate\Mail\Mailer->send(Object(App\Mail\TwoFactorAuth))
#11 /var/www/html/app/Http/Controllers/UsersController.php(173): Illuminate\Mail\PendingMail->send(Object(App\Mail\TwoFactorAuth))
#12 /var/www/html/app/Http/Controllers/UsersController.php(113): App\Http\Controllers\UsersController->TwoFactorAuth(Object(App\Model\User), NULL)
#13 [internal function]: App\Http\Controllers\UsersController->login(Object(Laravel\Lumen\Http\Request))
#14 /var/www/html/vendor/illuminate/container/BoundMethod.php(32): call_user_func_array(Array, Array)
#15 /var/www/html/vendor/illuminate/container/BoundMethod.php(90): Illuminate\Container\BoundMethod::Illuminate\Container\{closure}()
#16 /var/www/html/vendor/illuminate/container/BoundMethod.php(34): Illuminate\Container\BoundMethod::callBoundMethod(Object(Laravel\Lumen\Application), Array, Object(Closure))
#17 /var/www/html/vendor/illuminate/container/Container.php(576): Illuminate\Container\BoundMethod::call(Object(Laravel\Lumen\Application), Array, Array, NULL)
#18 /var/www/html/vendor/laravel/lumen-framework/src/Concerns/RoutesRequests.php(376): Illuminate\Container\Container->call(Array, Array)
#19 /var/www/html/vendor/laravel/lumen-framework/src/Concerns/RoutesRequests.php(342): Laravel\Lumen\Application->callControllerCallable(Array, Array)
#20 /var/www/html/vendor/laravel/lumen-framework/src/Concerns/RoutesRequests.php(316): Laravel\Lumen\Application->callLumenController(Object(App\Http\Controllers\UsersController), 'login', Array)
#21 /var/www/html/vendor/laravel/lumen-framework/src/Concerns/RoutesRequests.php(278): Laravel\Lumen\Application->callControllerAction(Array)
#22 /var/www/html/vendor/laravel/lumen-framework/src/Concerns/RoutesRequests.php(263): Laravel\Lumen\Application->callActionOnArrayBasedRoute(Array)
#23 /var/www/html/vendor/laravel/lumen-framework/src/Concerns/RoutesRequests.php(165): Laravel\Lumen\Application->handleFoundRoute(Array)
#24 [internal function]: Laravel\Lumen\Application->Laravel\Lumen\Concerns\{closure}(Object(Laravel\Lumen\Http\Request))
#25 /var/www/html/vendor/laravel/lumen-framework/src/Routing/Pipeline.php(52): call_user_func(Object(Closure), Object(Laravel\Lumen\Http\Request))
#26 /var/www/html/app/Http/Middleware/SetLocaleMiddleware.php(35): Laravel\Lumen\Routing\Pipeline->Laravel\Lumen\Routing\{closure}(Object(Laravel\Lumen\Http\Request))
#27 /var/www/html/vendor/illuminate/pipeline/Pipeline.php(163): App\Http\Middleware\SetLocaleMiddleware->handle(Object(Laravel\Lumen\Http\Request), Object(Closure))
#28 [internal function]: Illuminate\Pipeline\Pipeline->Illuminate\Pipeline\{closure}(Object(Laravel\Lumen\Http\Request))
#29 /var/www/html/vendor/laravel/lumen-framework/src/Routing/Pipeline.php(32): call_user_func(Object(Closure), Object(Laravel\Lumen\Http\Request))
#30 /var/www/html/app/Http/Middleware/CORSMiddleware.php(34): Laravel\Lumen\Routing\Pipeline->Laravel\Lumen\Routing\{closure}(Object(Laravel\Lumen\Http\Request))
#31 /var/www/html/vendor/illuminate/pipeline/Pipeline.php(163): App\Http\Middleware\CORSMiddleware->handle(Object(Laravel\Lumen\Http\Request), Object(Closure))
#32 [internal function]: Illuminate\Pipeline\Pipeline->Illuminate\Pipeline\{closure}(Object(Laravel\Lumen\Http\Request))
#33 /var/www/html/vendor/laravel/lumen-framework/src/Routing/Pipeline.php(32): call_user_func(Object(Closure), Object(Laravel\Lumen\Http\Request))
#34 /var/www/html/app/Http/Middleware/ValidateJsonFormatMiddleware.php(28): Laravel\Lumen\Routing\Pipeline->Laravel\Lumen\Routing\{closure}(Object(Laravel\Lumen\Http\Request))
#35 /var/www/html/vendor/illuminate/pipeline/Pipeline.php(163): App\Http\Middleware\ValidateJsonFormatMiddleware->handle(Object(Laravel\Lumen\Http\Request), Object(Closure))
#36 [internal function]: Illuminate\Pipeline\Pipeline->Illuminate\Pipeline\{closure}(Object(Laravel\Lumen\Http\Request))
#37 /var/www/html/vendor/laravel/lumen-framework/src/Routing/Pipeline.php(32): call_user_func(Object(Closure), Object(Laravel\Lumen\Http\Request))
#38 /var/www/html/vendor/illuminate/pipeline/Pipeline.php(104): Laravel\Lumen\Routing\Pipeline->Laravel\Lumen\Routing\{closure}(Object(Laravel\Lumen\Http\Request))
#39 /var/www/html/vendor/laravel/lumen-framework/src/Concerns/RoutesRequests.php(413): Illuminate\Pipeline\Pipeline->then(Object(Closure))
#40 /var/www/html/vendor/laravel/lumen-framework/src/Concerns/RoutesRequests.php(171): Laravel\Lumen\Application->sendThroughPipeline(Array, Object(Closure))
#41 /var/www/html/vendor/laravel/lumen-framework/src/Concerns/RoutesRequests.php(108): Laravel\Lumen\Application->dispatch(NULL)
#42 /var/www/html/public/index.php(28): Laravel\Lumen\Application->run()
#43 {main} {"exception":"[object] (InvalidArgumentException(code: 0): View [user.login.twoFactorAuth] not found. at /var/www/html/vendor/illuminate/view/FileViewFinder.php:137)
[stacktrace]
#0 /var/www/html/vendor/illuminate/view/FileViewFinder.php(79): Illuminate\\View\\FileViewFinder->findInPaths('user.login.twoF...', Array)
#1 /var/www/html/vendor/illuminate/view/Factory.php(131): Illuminate\\View\\FileViewFinder->find('user.login.twoF...')
#2 /var/www/html/vendor/illuminate/mail/Mailer.php(353): Illuminate\\View\\Factory->make('user.login.twoF...', Array)
#3 /var/www/html/vendor/illuminate/mail/Mailer.php(326): Illuminate\\Mail\\Mailer->renderView('user.login.twoF...', Array)
#4 /var/www/html/vendor/illuminate/mail/Mailer.php(244): Illuminate\\Mail\\Mailer->addContent(Object(Illuminate\\Mail\\Message), 'user.login.twoF...', NULL, NULL, Array)
#5 /var/www/html/vendor/illuminate/mail/Mailable.php(159): Illuminate\\Mail\\Mailer->send('user.login.twoF...', Array, Object(Closure))
#6 /var/www/html/vendor/illuminate/support/Traits/Localizable.php(19): Illuminate\\Mail\\Mailable->Illuminate\\Mail\\{closure}()
#7 /var/www/html/vendor/illuminate/mail/Mailable.php(160): Illuminate\\Mail\\Mailable->withLocale(NULL, Object(Closure))
#8 /var/www/html/vendor/illuminate/mail/Mailer.php(275): Illuminate\\Mail\\Mailable->send(Object(Illuminate\\Mail\\Mailer))
#9 /var/www/html/vendor/illuminate/mail/Mailer.php(229): Illuminate\\Mail\\Mailer->sendMailable(Object(App\\Mail\\TwoFactorAuth))
#10 /var/www/html/vendor/illuminate/mail/PendingMail.php(127): Illuminate\\Mail\\Mailer->send(Object(App\\Mail\\TwoFactorAuth))
#11 /var/www/html/app/Http/Controllers/UsersController.php(173): Illuminate\\Mail\\PendingMail->send(Object(App\\Mail\\TwoFactorAuth))
#12 /var/www/html/app/Http/Controllers/UsersController.php(113): App\\Http\\Controllers\\UsersController->TwoFactorAuth(Object(App\\Model\\User), NULL)
#13 [internal function]: App\\Http\\Controllers\\UsersController->login(Object(Laravel\\Lumen\\Http\\Request))
#14 /var/www/html/vendor/illuminate/container/BoundMethod.php(32): call_user_func_array(Array, Array)
#15 /var/www/html/vendor/illuminate/container/BoundMethod.php(90): Illuminate\\Container\\BoundMethod::Illuminate\\Container\\{closure}()
#16 /var/www/html/vendor/illuminate/container/BoundMethod.php(34): Illuminate\\Container\\BoundMethod::callBoundMethod(Object(Laravel\\Lumen\\Application), Array, Object(Closure))
#17 /var/www/html/vendor/illuminate/container/Container.php(576): Illuminate\\Container\\BoundMethod::call(Object(Laravel\\Lumen\\Application), Array, Array, NULL)
#18 /var/www/html/vendor/laravel/lumen-framework/src/Concerns/RoutesRequests.php(376): Illuminate\\Container\\Container->call(Array, Array)
#19 /var/www/html/vendor/laravel/lumen-framework/src/Concerns/RoutesRequests.php(342): Laravel\\Lumen\\Application->callControllerCallable(Array, Array)
#20 /var/www/html/vendor/laravel/lumen-framework/src/Concerns/RoutesRequests.php(316): Laravel\\Lumen\\Application->callLumenController(Object(App\\Http\\Controllers\\UsersController), 'login', Array)
#21 /var/www/html/vendor/laravel/lumen-framework/src/Concerns/RoutesRequests.php(278): Laravel\\Lumen\\Application->callControllerAction(Array)
#22 /var/www/html/vendor/laravel/lumen-framework/src/Concerns/RoutesRequests.php(263): Laravel\\Lumen\\Application->callActionOnArrayBasedRoute(Array)
#23 /var/www/html/vendor/laravel/lumen-framework/src/Concerns/RoutesRequests.php(165): Laravel\\Lumen\\Application->handleFoundRoute(Array)
#24 [internal function]: Laravel\\Lumen\\Application->Laravel\\Lumen\\Concerns\\{closure}(Object(Laravel\\Lumen\\Http\\Request))
#25 /var/www/html/vendor/laravel/lumen-framework/src/Routing/Pipeline.php(52): call_user_func(Object(Closure), Object(Laravel\\Lumen\\Http\\Request))
#26 /var/www/html/app/Http/Middleware/SetLocaleMiddleware.php(35): Laravel\\Lumen\\Routing\\Pipeline->Laravel\\Lumen\\Routing\\{closure}(Object(Laravel\\Lumen\\Http\\Request))
#27 /var/www/html/vendor/illuminate/pipeline/Pipeline.php(163): App\\Http\\Middleware\\SetLocaleMiddleware->handle(Object(Laravel\\Lumen\\Http\\Request), Object(Closure))
#28 [internal function]: Illuminate\\Pipeline\\Pipeline->Illuminate\\Pipeline\\{closure}(Object(Laravel\\Lumen\\Http\\Request))
#29 /var/www/html/vendor/laravel/lumen-framework/src/Routing/Pipeline.php(32): call_user_func(Object(Closure), Object(Laravel\\Lumen\\Http\\Request))
#30 /var/www/html/app/Http/Middleware/CORSMiddleware.php(34): Laravel\\Lumen\\Routing\\Pipeline->Laravel\\Lumen\\Routing\\{closure}(Object(Laravel\\Lumen\\Http\\Request))
#31 /var/www/html/vendor/illuminate/pipeline/Pipeline.php(163): App\\Http\\Middleware\\CORSMiddleware->handle(Object(Laravel\\Lumen\\Http\\Request), Object(Closure))
#32 [internal function]: Illuminate\\Pipeline\\Pipeline->Illuminate\\Pipeline\\{closure}(Object(Laravel\\Lumen\\Http\\Request))
#33 /var/www/html/vendor/laravel/lumen-framework/src/Routing/Pipeline.php(32): call_user_func(Object(Closure), Object(Laravel\\Lumen\\Http\\Request))
#34 /var/www/html/app/Http/Middleware/ValidateJsonFormatMiddleware.php(28): Laravel\\Lumen\\Routing\\Pipeline->Laravel\\Lumen\\Routing\\{closure}(Object(Laravel\\Lumen\\Http\\Request))
#35 /var/www/html/vendor/illuminate/pipeline/Pipeline.php(163): App\\Http\\Middleware\\ValidateJsonFormatMiddleware->handle(Object(Laravel\\Lumen\\Http\\Request), Object(Closure))
#36 [internal function]: Illuminate\\Pipeline\\Pipeline->Illuminate\\Pipeline\\{closure}(Object(Laravel\\Lumen\\Http\\Request))
#37 /var/www/html/vendor/laravel/lumen-framework/src/Routing/Pipeline.php(32): call_user_func(Object(Closure), Object(Laravel\\Lumen\\Http\\Request))
#38 /var/www/html/vendor/illuminate/pipeline/Pipeline.php(104): Laravel\\Lumen\\Routing\\Pipeline->Laravel\\Lumen\\Routing\\{closure}(Object(Laravel\\Lumen\\Http\\Request))
#39 /var/www/html/vendor/laravel/lumen-framework/src/Concerns/RoutesRequests.php(413): Illuminate\\Pipeline\\Pipeline->then(Object(Closure))
#40 /var/www/html/vendor/laravel/lumen-framework/src/Concerns/RoutesRequests.php(171): Laravel\\Lumen\\Application->sendThroughPipeline(Array, Object(Closure))
#41 /var/www/html/vendor/laravel/lumen-framework/src/Concerns/RoutesRequests.php(108): Laravel\\Lumen\\Application->dispatch(NULL)
#42 /var/www/html/public/index.php(28): Laravel\\Lumen\\Application->run()
#43 {main}
"} 
[2019-11-20 07:56:47] local.ERROR: InvalidArgumentException: View [user.login.twoFactorAuth] not found. in /var/www/html/vendor/illuminate/view/FileViewFinder.php:137
Stack trace:
#0 /var/www/html/vendor/illuminate/view/FileViewFinder.php(79): Illuminate\View\FileViewFinder->findInPaths('user.login.twoF...', Array)
#1 /var/www/html/vendor/illuminate/view/Factory.php(131): Illuminate\View\FileViewFinder->find('user.login.twoF...')
#2 /var/www/html/vendor/illuminate/mail/Mailer.php(353): Illuminate\View\Factory->make('user.login.twoF...', Array)
#3 /var/www/html/vendor/illuminate/mail/Mailer.php(326): Illuminate\Mail\Mailer->renderView('user.login.twoF...', Array)
#4 /var/www/html/vendor/illuminate/mail/Mailer.php(244): Illuminate\Mail\Mailer->addContent(Object(Illuminate\Mail\Message), 'user.login.twoF...', NULL, NULL, Array)
#5 /var/www/html/vendor/illuminate/mail/Mailable.php(159): Illuminate\Mail\Mailer->send('user.login.twoF...', Array, Object(Closure))
#6 /var/www/html/vendor/illuminate/support/Traits/Localizable.php(19): Illuminate\Mail\Mailable->Illuminate\Mail\{closure}()
#7 /var/www/html/vendor/illuminate/mail/Mailable.php(160): Illuminate\Mail\Mailable->withLocale(NULL, Object(Closure))
#8 /var/www/html/vendor/illuminate/mail/Mailer.php(275): Illuminate\Mail\Mailable->send(Object(Illuminate\Mail\Mailer))
#9 /var/www/html/vendor/illuminate/mail/Mailer.php(229): Illuminate\Mail\Mailer->sendMailable(Object(App\Mail\TwoFactorAuth))
#10 /var/www/html/vendor/illuminate/mail/PendingMail.php(127): Illuminate\Mail\Mailer->send(Object(App\Mail\TwoFactorAuth))
#11 /var/www/html/app/Http/Controllers/UsersController.php(173): Illuminate\Mail\PendingMail->send(Object(App\Mail\TwoFactorAuth))
#12 /var/www/html/app/Http/Controllers/UsersController.php(113): App\Http\Controllers\UsersController->TwoFactorAuth(Object(App\Model\User), NULL)
#13 [internal function]: App\Http\Controllers\UsersController->login(Object(Laravel\Lumen\Http\Request))
#14 /var/www/html/vendor/illuminate/container/BoundMethod.php(32): call_user_func_array(Array, Array)
#15 /var/www/html/vendor/illuminate/container/BoundMethod.php(90): Illuminate\Container\BoundMethod::Illuminate\Container\{closure}()
#16 /var/www/html/vendor/illuminate/container/BoundMethod.php(34): Illuminate\Container\BoundMethod::callBoundMethod(Object(Laravel\Lumen\Application), Array, Object(Closure))
#17 /var/www/html/vendor/illuminate/container/Container.php(576): Illuminate\Container\BoundMethod::call(Object(Laravel\Lumen\Application), Array, Array, NULL)
#18 /var/www/html/vendor/laravel/lumen-framework/src/Concerns/RoutesRequests.php(376): Illuminate\Container\Container->call(Array, Array)
#19 /var/www/html/vendor/laravel/lumen-framework/src/Concerns/RoutesRequests.php(342): Laravel\Lumen\Application->callControllerCallable(Array, Array)
#20 /var/www/html/vendor/laravel/lumen-framework/src/Concerns/RoutesRequests.php(316): Laravel\Lumen\Application->callLumenController(Object(App\Http\Controllers\UsersController), 'login', Array)
#21 /var/www/html/vendor/laravel/lumen-framework/src/Concerns/RoutesRequests.php(278): Laravel\Lumen\Application->callControllerAction(Array)
#22 /var/www/html/vendor/laravel/lumen-framework/src/Concerns/RoutesRequests.php(263): Laravel\Lumen\Application->callActionOnArrayBasedRoute(Array)
#23 /var/www/html/vendor/laravel/lumen-framework/src/Concerns/RoutesRequests.php(165): Laravel\Lumen\Application->handleFoundRoute(Array)
#24 [internal function]: Laravel\Lumen\Application->Laravel\Lumen\Concerns\{closure}(Object(Laravel\Lumen\Http\Request))
#25 /var/www/html/vendor/laravel/lumen-framework/src/Routing/Pipeline.php(52): call_user_func(Object(Closure), Object(Laravel\Lumen\Http\Request))
#26 /var/www/html/app/Http/Middleware/SetLocaleMiddleware.php(35): Laravel\Lumen\Routing\Pipeline->Laravel\Lumen\Routing\{closure}(Object(Laravel\Lumen\Http\Request))
#27 /var/www/html/vendor/illuminate/pipeline/Pipeline.php(163): App\Http\Middleware\SetLocaleMiddleware->handle(Object(Laravel\Lumen\Http\Request), Object(Closure))
#28 [internal function]: Illuminate\Pipeline\Pipeline->Illuminate\Pipeline\{closure}(Object(Laravel\Lumen\Http\Request))
#29 /var/www/html/vendor/laravel/lumen-framework/src/Routing/Pipeline.php(32): call_user_func(Object(Closure), Object(Laravel\Lumen\Http\Request))
#30 /var/www/html/app/Http/Middleware/CORSMiddleware.php(34): Laravel\Lumen\Routing\Pipeline->Laravel\Lumen\Routing\{closure}(Object(Laravel\Lumen\Http\Request))
#31 /var/www/html/vendor/illuminate/pipeline/Pipeline.php(163): App\Http\Middleware\CORSMiddleware->handle(Object(Laravel\Lumen\Http\Request), Object(Closure))
#32 [internal function]: Illuminate\Pipeline\Pipeline->Illuminate\Pipeline\{closure}(Object(Laravel\Lumen\Http\Request))
#33 /var/www/html/vendor/laravel/lumen-framework/src/Routing/Pipeline.php(32): call_user_func(Object(Closure), Object(Laravel\Lumen\Http\Request))
#34 /var/www/html/app/Http/Middleware/ValidateJsonFormatMiddleware.php(28): Laravel\Lumen\Routing\Pipeline->Laravel\Lumen\Routing\{closure}(Object(Laravel\Lumen\Http\Request))
#35 /var/www/html/vendor/illuminate/pipeline/Pipeline.php(163): App\Http\Middleware\ValidateJsonFormatMiddleware->handle(Object(Laravel\Lumen\Http\Request), Object(Closure))
#36 [internal function]: Illuminate\Pipeline\Pipeline->Illuminate\Pipeline\{closure}(Object(Laravel\Lumen\Http\Request))
#37 /var/www/html/vendor/laravel/lumen-framework/src/Routing/Pipeline.php(32): call_user_func(Object(Closure), Object(Laravel\Lumen\Http\Request))
#38 /var/www/html/vendor/illuminate/pipeline/Pipeline.php(104): Laravel\Lumen\Routing\Pipeline->Laravel\Lumen\Routing\{closure}(Object(Laravel\Lumen\Http\Request))
#39 /var/www/html/vendor/laravel/lumen-framework/src/Concerns/RoutesRequests.php(413): Illuminate\Pipeline\Pipeline->then(Object(Closure))
#40 /var/www/html/vendor/laravel/lumen-framework/src/Concerns/RoutesRequests.php(171): Laravel\Lumen\Application->sendThroughPipeline(Array, Object(Closure))
#41 /var/www/html/vendor/laravel/lumen-framework/src/Concerns/RoutesRequests.php(108): Laravel\Lumen\Application->dispatch(NULL)
#42 /var/www/html/public/index.php(28): Laravel\Lumen\Application->run()
#43 {main} {"exception":"[object] (InvalidArgumentException(code: 0): View [user.login.twoFactorAuth] not found. at /var/www/html/vendor/illuminate/view/FileViewFinder.php:137)
[stacktrace]
#0 /var/www/html/vendor/illuminate/view/FileViewFinder.php(79): Illuminate\\View\\FileViewFinder->findInPaths('user.login.twoF...', Array)
#1 /var/www/html/vendor/illuminate/view/Factory.php(131): Illuminate\\View\\FileViewFinder->find('user.login.twoF...')
#2 /var/www/html/vendor/illuminate/mail/Mailer.php(353): Illuminate\\View\\Factory->make('user.login.twoF...', Array)
#3 /var/www/html/vendor/illuminate/mail/Mailer.php(326): Illuminate\\Mail\\Mailer->renderView('user.login.twoF...', Array)
#4 /var/www/html/vendor/illuminate/mail/Mailer.php(244): Illuminate\\Mail\\Mailer->addContent(Object(Illuminate\\Mail\\Message), 'user.login.twoF...', NULL, NULL, Array)
#5 /var/www/html/vendor/illuminate/mail/Mailable.php(159): Illuminate\\Mail\\Mailer->send('user.login.twoF...', Array, Object(Closure))
#6 /var/www/html/vendor/illuminate/support/Traits/Localizable.php(19): Illuminate\\Mail\\Mailable->Illuminate\\Mail\\{closure}()
#7 /var/www/html/vendor/illuminate/mail/Mailable.php(160): Illuminate\\Mail\\Mailable->withLocale(NULL, Object(Closure))
#8 /var/www/html/vendor/illuminate/mail/Mailer.php(275): Illuminate\\Mail\\Mailable->send(Object(Illuminate\\Mail\\Mailer))
#9 /var/www/html/vendor/illuminate/mail/Mailer.php(229): Illuminate\\Mail\\Mailer->sendMailable(Object(App\\Mail\\TwoFactorAuth))
#10 /var/www/html/vendor/illuminate/mail/PendingMail.php(127): Illuminate\\Mail\\Mailer->send(Object(App\\Mail\\TwoFactorAuth))
#11 /var/www/html/app/Http/Controllers/UsersController.php(173): Illuminate\\Mail\\PendingMail->send(Object(App\\Mail\\TwoFactorAuth))
#12 /var/www/html/app/Http/Controllers/UsersController.php(113): App\\Http\\Controllers\\UsersController->TwoFactorAuth(Object(App\\Model\\User), NULL)
#13 [internal function]: App\\Http\\Controllers\\UsersController->login(Object(Laravel\\Lumen\\Http\\Request))
#14 /var/www/html/vendor/illuminate/container/BoundMethod.php(32): call_user_func_array(Array, Array)
#15 /var/www/html/vendor/illuminate/container/BoundMethod.php(90): Illuminate\\Container\\BoundMethod::Illuminate\\Container\\{closure}()
#16 /var/www/html/vendor/illuminate/container/BoundMethod.php(34): Illuminate\\Container\\BoundMethod::callBoundMethod(Object(Laravel\\Lumen\\Application), Array, Object(Closure))
#17 /var/www/html/vendor/illuminate/container/Container.php(576): Illuminate\\Container\\BoundMethod::call(Object(Laravel\\Lumen\\Application), Array, Array, NULL)
#18 /var/www/html/vendor/laravel/lumen-framework/src/Concerns/RoutesRequests.php(376): Illuminate\\Container\\Container->call(Array, Array)
#19 /var/www/html/vendor/laravel/lumen-framework/src/Concerns/RoutesRequests.php(342): Laravel\\Lumen\\Application->callControllerCallable(Array, Array)
#20 /var/www/html/vendor/laravel/lumen-framework/src/Concerns/RoutesRequests.php(316): Laravel\\Lumen\\Application->callLumenController(Object(App\\Http\\Controllers\\UsersController), 'login', Array)
#21 /var/www/html/vendor/laravel/lumen-framework/src/Concerns/RoutesRequests.php(278): Laravel\\Lumen\\Application->callControllerAction(Array)
#22 /var/www/html/vendor/laravel/lumen-framework/src/Concerns/RoutesRequests.php(263): Laravel\\Lumen\\Application->callActionOnArrayBasedRoute(Array)
#23 /var/www/html/vendor/laravel/lumen-framework/src/Concerns/RoutesRequests.php(165): Laravel\\Lumen\\Application->handleFoundRoute(Array)
#24 [internal function]: Laravel\\Lumen\\Application->Laravel\\Lumen\\Concerns\\{closure}(Object(Laravel\\Lumen\\Http\\Request))
#25 /var/www/html/vendor/laravel/lumen-framework/src/Routing/Pipeline.php(52): call_user_func(Object(Closure), Object(Laravel\\Lumen\\Http\\Request))
#26 /var/www/html/app/Http/Middleware/SetLocaleMiddleware.php(35): Laravel\\Lumen\\Routing\\Pipeline->Laravel\\Lumen\\Routing\\{closure}(Object(Laravel\\Lumen\\Http\\Request))
#27 /var/www/html/vendor/illuminate/pipeline/Pipeline.php(163): App\\Http\\Middleware\\SetLocaleMiddleware->handle(Object(Laravel\\Lumen\\Http\\Request), Object(Closure))
#28 [internal function]: Illuminate\\Pipeline\\Pipeline->Illuminate\\Pipeline\\{closure}(Object(Laravel\\Lumen\\Http\\Request))
#29 /var/www/html/vendor/laravel/lumen-framework/src/Routing/Pipeline.php(32): call_user_func(Object(Closure), Object(Laravel\\Lumen\\Http\\Request))
#30 /var/www/html/app/Http/Middleware/CORSMiddleware.php(34): Laravel\\Lumen\\Routing\\Pipeline->Laravel\\Lumen\\Routing\\{closure}(Object(Laravel\\Lumen\\Http\\Request))
#31 /var/www/html/vendor/illuminate/pipeline/Pipeline.php(163): App\\Http\\Middleware\\CORSMiddleware->handle(Object(Laravel\\Lumen\\Http\\Request), Object(Closure))
#32 [internal function]: Illuminate\\Pipeline\\Pipeline->Illuminate\\Pipeline\\{closure}(Object(Laravel\\Lumen\\Http\\Request))
#33 /var/www/html/vendor/laravel/lumen-framework/src/Routing/Pipeline.php(32): call_user_func(Object(Closure), Object(Laravel\\Lumen\\Http\\Request))
#34 /var/www/html/app/Http/Middleware/ValidateJsonFormatMiddleware.php(28): Laravel\\Lumen\\Routing\\Pipeline->Laravel\\Lumen\\Routing\\{closure}(Object(Laravel\\Lumen\\Http\\Request))
#35 /var/www/html/vendor/illuminate/pipeline/Pipeline.php(163): App\\Http\\Middleware\\ValidateJsonFormatMiddleware->handle(Object(Laravel\\Lumen\\Http\\Request), Object(Closure))
#36 [internal function]: Illuminate\\Pipeline\\Pipeline->Illuminate\\Pipeline\\{closure}(Object(Laravel\\Lumen\\Http\\Request))
#37 /var/www/html/vendor/laravel/lumen-framework/src/Routing/Pipeline.php(32): call_user_func(Object(Closure), Object(Laravel\\Lumen\\Http\\Request))
#38 /var/www/html/vendor/illuminate/pipeline/Pipeline.php(104): Laravel\\Lumen\\Routing\\Pipeline->Laravel\\Lumen\\Routing\\{closure}(Object(Laravel\\Lumen\\Http\\Request))
#39 /var/www/html/vendor/laravel/lumen-framework/src/Concerns/RoutesRequests.php(413): Illuminate\\Pipeline\\Pipeline->then(Object(Closure))
#40 /var/www/html/vendor/laravel/lumen-framework/src/Concerns/RoutesRequests.php(171): Laravel\\Lumen\\Application->sendThroughPipeline(Array, Object(Closure))
#41 /var/www/html/vendor/laravel/lumen-framework/src/Concerns/RoutesRequests.php(108): Laravel\\Lumen\\Application->dispatch(NULL)
#42 /var/www/html/public/index.php(28): Laravel\\Lumen\\Application->run()
#43 {main}
"} 
