[2019-10-18 11:35:15] production.ERROR: PDOException: SQLSTATE[23000]: Integrity constraint violation: 1048 Column 'trustToken' cannot be null in D:\xampp\htdocs\law5_2factor\vendor\illuminate\database\Connection.php:483
Stack trace:
#0 D:\xampp\htdocs\law5_2factor\vendor\illuminate\database\Connection.php(483): PDOStatement->execute()
#1 D:\xampp\htdocs\law5_2factor\vendor\illuminate\database\Connection.php(657): Illuminate\Database\Connection->Illuminate\Database\{closure}('update `trusted...', Array)
#2 D:\xampp\htdocs\law5_2factor\vendor\illuminate\database\Connection.php(624): Illuminate\Database\Connection->runQueryCallback('update `trusted...', Array, Object(Closure))
#3 D:\xampp\htdocs\law5_2factor\vendor\illuminate\database\Connection.php(490): Illuminate\Database\Connection->run('update `trusted...', Array, Object(Closure))
#4 D:\xampp\htdocs\law5_2factor\vendor\illuminate\database\Connection.php(423): Illuminate\Database\Connection->affectingStatement('update `trusted...', Array)
#5 D:\xampp\htdocs\law5_2factor\vendor\illuminate\database\Query\Builder.php(2664): Illuminate\Database\Connection->update('update `trusted...', Array)
#6 D:\xampp\htdocs\law5_2factor\vendor\illuminate\database\Eloquent\Builder.php(818): Illuminate\Database\Query\Builder->update(Array)
#7 D:\xampp\htdocs\law5_2factor\vendor\illuminate\database\Eloquent\Model.php(741): Illuminate\Database\Eloquent\Builder->update(Array)
#8 D:\xampp\htdocs\law5_2factor\vendor\illuminate\database\Eloquent\Model.php(656): Illuminate\Database\Eloquent\Model->performUpdate(Object(Illuminate\Database\Eloquent\Builder))
#9 D:\xampp\htdocs\law5_2factor\vendor\illuminate\database\Eloquent\Builder.php(434): Illuminate\Database\Eloquent\Model->save()
#10 D:\xampp\htdocs\law5_2factor\vendor\illuminate\support\helpers.php(1123): Illuminate\Database\Eloquent\Builder->Illuminate\Database\Eloquent\{closure}(Object(App\Model\TrustedDevices))
#11 D:\xampp\htdocs\law5_2factor\vendor\illuminate\database\Eloquent\Builder.php(435): tap(Object(App\Model\TrustedDevices), Object(Closure))
#12 D:\xampp\htdocs\law5_2factor\vendor\illuminate\support\Traits\ForwardsCalls.php(23): Illuminate\Database\Eloquent\Builder->updateOrCreate(Array, Array)
#13 D:\xampp\htdocs\law5_2factor\vendor\illuminate\database\Eloquent\Model.php(1614): Illuminate\Database\Eloquent\Model->forwardCallTo(Object(Illuminate\Database\Eloquent\Builder), 'updateOrCreate', Array)
#14 D:\xampp\htdocs\law5_2factor\vendor\illuminate\database\Eloquent\Model.php(1626): Illuminate\Database\Eloquent\Model->__call('updateOrCreate', Array)
#15 D:\xampp\htdocs\law5_2factor\app\Http\Controllers\UsersController.php(166): Illuminate\Database\Eloquent\Model::__callStatic('updateOrCreate', Array)
#16 [internal function]: App\Http\Controllers\UsersController->Step2Authentication(Object(Laravel\Lumen\Http\Request))
#17 D:\xampp\htdocs\law5_2factor\vendor\illuminate\container\BoundMethod.php(32): call_user_func_array(Array, Array)
#18 D:\xampp\htdocs\law5_2factor\vendor\illuminate\container\BoundMethod.php(90): Illuminate\Container\BoundMethod::Illuminate\Container\{closure}()
#19 D:\xampp\htdocs\law5_2factor\vendor\illuminate\container\BoundMethod.php(34): Illuminate\Container\BoundMethod::callBoundMethod(Object(Laravel\Lumen\Application), Array, Object(Closure))
#20 D:\xampp\htdocs\law5_2factor\vendor\illuminate\container\Container.php(580): Illuminate\Container\BoundMethod::call(Object(Laravel\Lumen\Application), Array, Array, NULL)
#21 D:\xampp\htdocs\law5_2factor\vendor\laravel\lumen-framework\src\Concerns\RoutesRequests.php(376): Illuminate\Container\Container->call(Array, Array)
#22 D:\xampp\htdocs\law5_2factor\vendor\laravel\lumen-framework\src\Concerns\RoutesRequests.php(342): Laravel\Lumen\Application->callControllerCallable(Array, Array)
#23 D:\xampp\htdocs\law5_2factor\vendor\laravel\lumen-framework\src\Concerns\RoutesRequests.php(316): Laravel\Lumen\Application->callLumenController(Object(App\Http\Controllers\UsersController), 'Step2Authentica...', Array)
#24 D:\xampp\htdocs\law5_2factor\vendor\laravel\lumen-framework\src\Concerns\RoutesRequests.php(278): Laravel\Lumen\Application->callControllerAction(Array)
#25 D:\xampp\htdocs\law5_2factor\vendor\laravel\lumen-framework\src\Concerns\RoutesRequests.php(258): Laravel\Lumen\Application->callActionOnArrayBasedRoute(Array)
#26 [internal function]: Laravel\Lumen\Application->Laravel\Lumen\Concerns\{closure}(Object(Laravel\Lumen\Http\Request))
#27 D:\xampp\htdocs\law5_2factor\vendor\laravel\lumen-framework\src\Routing\Pipeline.php(52): call_user_func(Object(Closure), Object(Laravel\Lumen\Http\Request))
#28 D:\xampp\htdocs\law5_2factor\app\Http\Middleware\authTokenOnly.php(30): Laravel\Lumen\Routing\Pipeline->Laravel\Lumen\Routing\{closure}(Object(Laravel\Lumen\Http\Request))
#29 D:\xampp\htdocs\law5_2factor\vendor\illuminate\pipeline\Pipeline.php(163): App\Http\Middleware\authTokenOnly->handle(Object(Laravel\Lumen\Http\Request), Object(Closure))
#30 [internal function]: Illuminate\Pipeline\Pipeline->Illuminate\Pipeline\{closure}(Object(Laravel\Lumen\Http\Request))
#31 D:\xampp\htdocs\law5_2factor\vendor\laravel\lumen-framework\src\Routing\Pipeline.php(32): call_user_func(Object(Closure), Object(Laravel\Lumen\Http\Request))
#32 D:\xampp\htdocs\law5_2factor\vendor\illuminate\pipeline\Pipeline.php(104): Laravel\Lumen\Routing\Pipeline->Laravel\Lumen\Routing\{closure}(Object(Laravel\Lumen\Http\Request))
#33 D:\xampp\htdocs\law5_2factor\vendor\laravel\lumen-framework\src\Concerns\RoutesRequests.php(413): Illuminate\Pipeline\Pipeline->then(Object(Closure))
#34 D:\xampp\htdocs\law5_2factor\vendor\laravel\lumen-framework\src\Concerns\RoutesRequests.php(259): Laravel\Lumen\Application->sendThroughPipeline(Array, Object(Closure))
#35 D:\xampp\htdocs\law5_2factor\vendor\laravel\lumen-framework\src\Concerns\RoutesRequests.php(165): Laravel\Lumen\Application->handleFoundRoute(Array)
#36 [internal function]: Laravel\Lumen\Application->Laravel\Lumen\Concerns\{closure}(Object(Laravel\Lumen\Http\Request))
#37 D:\xampp\htdocs\law5_2factor\vendor\laravel\lumen-framework\src\Routing\Pipeline.php(52): call_user_func(Object(Closure), Object(Laravel\Lumen\Http\Request))
#38 D:\xampp\htdocs\law5_2factor\app\Http\Middleware\SetLocaleMiddleware.php(35): Laravel\Lumen\Routing\Pipeline->Laravel\Lumen\Routing\{closure}(Object(Laravel\Lumen\Http\Request))
#39 D:\xampp\htdocs\law5_2factor\vendor\illuminate\pipeline\Pipeline.php(163): App\Http\Middleware\SetLocaleMiddleware->handle(Object(Laravel\Lumen\Http\Request), Object(Closure))
#40 [internal function]: Illuminate\Pipeline\Pipeline->Illuminate\Pipeline\{closure}(Object(Laravel\Lumen\Http\Request))
#41 D:\xampp\htdocs\law5_2factor\vendor\laravel\lumen-framework\src\Routing\Pipeline.php(32): call_user_func(Object(Closure), Object(Laravel\Lumen\Http\Request))
#42 D:\xampp\htdocs\law5_2factor\app\Http\Middleware\CORSMiddleware.php(34): Laravel\Lumen\Routing\Pipeline->Laravel\Lumen\Routing\{closure}(Object(Laravel\Lumen\Http\Request))
#43 D:\xampp\htdocs\law5_2factor\vendor\illuminate\pipeline\Pipeline.php(163): App\Http\Middleware\CORSMiddleware->handle(Object(Laravel\Lumen\Http\Request), Object(Closure))
#44 [internal function]: Illuminate\Pipeline\Pipeline->Illuminate\Pipeline\{closure}(Object(Laravel\Lumen\Http\Request))
#45 D:\xampp\htdocs\law5_2factor\vendor\laravel\lumen-framework\src\Routing\Pipeline.php(32): call_user_func(Object(Closure), Object(Laravel\Lumen\Http\Request))
#46 D:\xampp\htdocs\law5_2factor\app\Http\Middleware\ValidateJsonFormatMiddleware.php(28): Laravel\Lumen\Routing\Pipeline->Laravel\Lumen\Routing\{closure}(Object(Laravel\Lumen\Http\Request))
#47 D:\xampp\htdocs\law5_2factor\vendor\illuminate\pipeline\Pipeline.php(163): App\Http\Middleware\ValidateJsonFormatMiddleware->handle(Object(Laravel\Lumen\Http\Request), Object(Closure))
#48 [internal function]: Illuminate\Pipeline\Pipeline->Illuminate\Pipeline\{closure}(Object(Laravel\Lumen\Http\Request))
#49 D:\xampp\htdocs\law5_2factor\vendor\laravel\lumen-framework\src\Routing\Pipeline.php(32): call_user_func(Object(Closure), Object(Laravel\Lumen\Http\Request))
#50 D:\xampp\htdocs\law5_2factor\vendor\illuminate\pipeline\Pipeline.php(104): Laravel\Lumen\Routing\Pipeline->Laravel\Lumen\Routing\{closure}(Object(Laravel\Lumen\Http\Request))
#51 D:\xampp\htdocs\law5_2factor\vendor\laravel\lumen-framework\src\Concerns\RoutesRequests.php(413): Illuminate\Pipeline\Pipeline->then(Object(Closure))
#52 D:\xampp\htdocs\law5_2factor\vendor\laravel\lumen-framework\src\Concerns\RoutesRequests.php(171): Laravel\Lumen\Application->sendThroughPipeline(Array, Object(Closure))
#53 D:\xampp\htdocs\law5_2factor\vendor\laravel\lumen-framework\src\Concerns\RoutesRequests.php(108): Laravel\Lumen\Application->dispatch(NULL)
#54 D:\xampp\htdocs\law5_2factor\index.php(28): Laravel\Lumen\Application->run()
#55 {main}

Next Illuminate\Database\QueryException: SQLSTATE[23000]: Integrity constraint violation: 1048 Column 'trustToken' cannot be null (SQL: update `trusted_devices` set `trustToken` = ?, `trusted_devices`.`updated_at` = 2019-10-18 11:35:15 where `id` = 1) in D:\xampp\htdocs\law5_2factor\vendor\illuminate\database\Connection.php:664
Stack trace:
#0 D:\xampp\htdocs\law5_2factor\vendor\illuminate\database\Connection.php(624): Illuminate\Database\Connection->runQueryCallback('update `trusted...', Array, Object(Closure))
#1 D:\xampp\htdocs\law5_2factor\vendor\illuminate\database\Connection.php(490): Illuminate\Database\Connection->run('update `trusted...', Array, Object(Closure))
#2 D:\xampp\htdocs\law5_2factor\vendor\illuminate\database\Connection.php(423): Illuminate\Database\Connection->affectingStatement('update `trusted...', Array)
#3 D:\xampp\htdocs\law5_2factor\vendor\illuminate\database\Query\Builder.php(2664): Illuminate\Database\Connection->update('update `trusted...', Array)
#4 D:\xampp\htdocs\law5_2factor\vendor\illuminate\database\Eloquent\Builder.php(818): Illuminate\Database\Query\Builder->update(Array)
#5 D:\xampp\htdocs\law5_2factor\vendor\illuminate\database\Eloquent\Model.php(741): Illuminate\Database\Eloquent\Builder->update(Array)
#6 D:\xampp\htdocs\law5_2factor\vendor\illuminate\database\Eloquent\Model.php(656): Illuminate\Database\Eloquent\Model->performUpdate(Object(Illuminate\Database\Eloquent\Builder))
#7 D:\xampp\htdocs\law5_2factor\vendor\illuminate\database\Eloquent\Builder.php(434): Illuminate\Database\Eloquent\Model->save()
#8 D:\xampp\htdocs\law5_2factor\vendor\illuminate\support\helpers.php(1123): Illuminate\Database\Eloquent\Builder->Illuminate\Database\Eloquent\{closure}(Object(App\Model\TrustedDevices))
#9 D:\xampp\htdocs\law5_2factor\vendor\illuminate\database\Eloquent\Builder.php(435): tap(Object(App\Model\TrustedDevices), Object(Closure))
#10 D:\xampp\htdocs\law5_2factor\vendor\illuminate\support\Traits\ForwardsCalls.php(23): Illuminate\Database\Eloquent\Builder->updateOrCreate(Array, Array)
#11 D:\xampp\htdocs\law5_2factor\vendor\illuminate\database\Eloquent\Model.php(1614): Illuminate\Database\Eloquent\Model->forwardCallTo(Object(Illuminate\Database\Eloquent\Builder), 'updateOrCreate', Array)
#12 D:\xampp\htdocs\law5_2factor\vendor\illuminate\database\Eloquent\Model.php(1626): Illuminate\Database\Eloquent\Model->__call('updateOrCreate', Array)
#13 D:\xampp\htdocs\law5_2factor\app\Http\Controllers\UsersController.php(166): Illuminate\Database\Eloquent\Model::__callStatic('updateOrCreate', Array)
#14 [internal function]: App\Http\Controllers\UsersController->Step2Authentication(Object(Laravel\Lumen\Http\Request))
#15 D:\xampp\htdocs\law5_2factor\vendor\illuminate\container\BoundMethod.php(32): call_user_func_array(Array, Array)
#16 D:\xampp\htdocs\law5_2factor\vendor\illuminate\container\BoundMethod.php(90): Illuminate\Container\BoundMethod::Illuminate\Container\{closure}()
#17 D:\xampp\htdocs\law5_2factor\vendor\illuminate\container\BoundMethod.php(34): Illuminate\Container\BoundMethod::callBoundMethod(Object(Laravel\Lumen\Application), Array, Object(Closure))
#18 D:\xampp\htdocs\law5_2factor\vendor\illuminate\container\Container.php(580): Illuminate\Container\BoundMethod::call(Object(Laravel\Lumen\Application), Array, Array, NULL)
#19 D:\xampp\htdocs\law5_2factor\vendor\laravel\lumen-framework\src\Concerns\RoutesRequests.php(376): Illuminate\Container\Container->call(Array, Array)
#20 D:\xampp\htdocs\law5_2factor\vendor\laravel\lumen-framework\src\Concerns\RoutesRequests.php(342): Laravel\Lumen\Application->callControllerCallable(Array, Array)
#21 D:\xampp\htdocs\law5_2factor\vendor\laravel\lumen-framework\src\Concerns\RoutesRequests.php(316): Laravel\Lumen\Application->callLumenController(Object(App\Http\Controllers\UsersController), 'Step2Authentica...', Array)
#22 D:\xampp\htdocs\law5_2factor\vendor\laravel\lumen-framework\src\Concerns\RoutesRequests.php(278): Laravel\Lumen\Application->callControllerAction(Array)
#23 D:\xampp\htdocs\law5_2factor\vendor\laravel\lumen-framework\src\Concerns\RoutesRequests.php(258): Laravel\Lumen\Application->callActionOnArrayBasedRoute(Array)
#24 [internal function]: Laravel\Lumen\Application->Laravel\Lumen\Concerns\{closure}(Object(Laravel\Lumen\Http\Request))
#25 D:\xampp\htdocs\law5_2factor\vendor\laravel\lumen-framework\src\Routing\Pipeline.php(52): call_user_func(Object(Closure), Object(Laravel\Lumen\Http\Request))
#26 D:\xampp\htdocs\law5_2factor\app\Http\Middleware\authTokenOnly.php(30): Laravel\Lumen\Routing\Pipeline->Laravel\Lumen\Routing\{closure}(Object(Laravel\Lumen\Http\Request))
#27 D:\xampp\htdocs\law5_2factor\vendor\illuminate\pipeline\Pipeline.php(163): App\Http\Middleware\authTokenOnly->handle(Object(Laravel\Lumen\Http\Request), Object(Closure))
#28 [internal function]: Illuminate\Pipeline\Pipeline->Illuminate\Pipeline\{closure}(Object(Laravel\Lumen\Http\Request))
#29 D:\xampp\htdocs\law5_2factor\vendor\laravel\lumen-framework\src\Routing\Pipeline.php(32): call_user_func(Object(Closure), Object(Laravel\Lumen\Http\Request))
#30 D:\xampp\htdocs\law5_2factor\vendor\illuminate\pipeline\Pipeline.php(104): Laravel\Lumen\Routing\Pipeline->Laravel\Lumen\Routing\{closure}(Object(Laravel\Lumen\Http\Request))
#31 D:\xampp\htdocs\law5_2factor\vendor\laravel\lumen-framework\src\Concerns\RoutesRequests.php(413): Illuminate\Pipeline\Pipeline->then(Object(Closure))
#32 D:\xampp\htdocs\law5_2factor\vendor\laravel\lumen-framework\src\Concerns\RoutesRequests.php(259): Laravel\Lumen\Application->sendThroughPipeline(Array, Object(Closure))
#33 D:\xampp\htdocs\law5_2factor\vendor\laravel\lumen-framework\src\Concerns\RoutesRequests.php(165): Laravel\Lumen\Application->handleFoundRoute(Array)
#34 [internal function]: Laravel\Lumen\Application->Laravel\Lumen\Concerns\{closure}(Object(Laravel\Lumen\Http\Request))
#35 D:\xampp\htdocs\law5_2factor\vendor\laravel\lumen-framework\src\Routing\Pipeline.php(52): call_user_func(Object(Closure), Object(Laravel\Lumen\Http\Request))
#36 D:\xampp\htdocs\law5_2factor\app\Http\Middleware\SetLocaleMiddleware.php(35): Laravel\Lumen\Routing\Pipeline->Laravel\Lumen\Routing\{closure}(Object(Laravel\Lumen\Http\Request))
#37 D:\xampp\htdocs\law5_2factor\vendor\illuminate\pipeline\Pipeline.php(163): App\Http\Middleware\SetLocaleMiddleware->handle(Object(Laravel\Lumen\Http\Request), Object(Closure))
#38 [internal function]: Illuminate\Pipeline\Pipeline->Illuminate\Pipeline\{closure}(Object(Laravel\Lumen\Http\Request))
#39 D:\xampp\htdocs\law5_2factor\vendor\laravel\lumen-framework\src\Routing\Pipeline.php(32): call_user_func(Object(Closure), Object(Laravel\Lumen\Http\Request))
#40 D:\xampp\htdocs\law5_2factor\app\Http\Middleware\CORSMiddleware.php(34): Laravel\Lumen\Routing\Pipeline->Laravel\Lumen\Routing\{closure}(Object(Laravel\Lumen\Http\Request))
#41 D:\xampp\htdocs\law5_2factor\vendor\illuminate\pipeline\Pipeline.php(163): App\Http\Middleware\CORSMiddleware->handle(Object(Laravel\Lumen\Http\Request), Object(Closure))
#42 [internal function]: Illuminate\Pipeline\Pipeline->Illuminate\Pipeline\{closure}(Object(Laravel\Lumen\Http\Request))
#43 D:\xampp\htdocs\law5_2factor\vendor\laravel\lumen-framework\src\Routing\Pipeline.php(32): call_user_func(Object(Closure), Object(Laravel\Lumen\Http\Request))
#44 D:\xampp\htdocs\law5_2factor\app\Http\Middleware\ValidateJsonFormatMiddleware.php(28): Laravel\Lumen\Routing\Pipeline->Laravel\Lumen\Routing\{closure}(Object(Laravel\Lumen\Http\Request))
#45 D:\xampp\htdocs\law5_2factor\vendor\illuminate\pipeline\Pipeline.php(163): App\Http\Middleware\ValidateJsonFormatMiddleware->handle(Object(Laravel\Lumen\Http\Request), Object(Closure))
#46 [internal function]: Illuminate\Pipeline\Pipeline->Illuminate\Pipeline\{closure}(Object(Laravel\Lumen\Http\Request))
#47 D:\xampp\htdocs\law5_2factor\vendor\laravel\lumen-framework\src\Routing\Pipeline.php(32): call_user_func(Object(Closure), Object(Laravel\Lumen\Http\Request))
#48 D:\xampp\htdocs\law5_2factor\vendor\illuminate\pipeline\Pipeline.php(104): Laravel\Lumen\Routing\Pipeline->Laravel\Lumen\Routing\{closure}(Object(Laravel\Lumen\Http\Request))
#49 D:\xampp\htdocs\law5_2factor\vendor\laravel\lumen-framework\src\Concerns\RoutesRequests.php(413): Illuminate\Pipeline\Pipeline->then(Object(Closure))
#50 D:\xampp\htdocs\law5_2factor\vendor\laravel\lumen-framework\src\Concerns\RoutesRequests.php(171): Laravel\Lumen\Application->sendThroughPipeline(Array, Object(Closure))
#51 D:\xampp\htdocs\law5_2factor\vendor\laravel\lumen-framework\src\Concerns\RoutesRequests.php(108): Laravel\Lumen\Application->dispatch(NULL)
#52 D:\xampp\htdocs\law5_2factor\index.php(28): Laravel\Lumen\Application->run()
#53 {main} {"exception":"[object] (Illuminate\\Database\\QueryException(code: 23000): SQLSTATE[23000]: Integrity constraint violation: 1048 Column 'trustToken' cannot be null (SQL: update `trusted_devices` set `trustToken` = ?, `trusted_devices`.`updated_at` = 2019-10-18 11:35:15 where `id` = 1) at D:\\xampp\\htdocs\\law5_2factor\\vendor\\illuminate\\database\\Connection.php:664, PDOException(code: 23000): SQLSTATE[23000]: Integrity constraint violation: 1048 Column 'trustToken' cannot be null at D:\\xampp\\htdocs\\law5_2factor\\vendor\\illuminate\\database\\Connection.php:483)
[stacktrace]
#0 D:\\xampp\\htdocs\\law5_2factor\\vendor\\illuminate\\database\\Connection.php(624): Illuminate\\Database\\Connection->runQueryCallback('update `trusted...', Array, Object(Closure))
#1 D:\\xampp\\htdocs\\law5_2factor\\vendor\\illuminate\\database\\Connection.php(490): Illuminate\\Database\\Connection->run('update `trusted...', Array, Object(Closure))
#2 D:\\xampp\\htdocs\\law5_2factor\\vendor\\illuminate\\database\\Connection.php(423): Illuminate\\Database\\Connection->affectingStatement('update `trusted...', Array)
#3 D:\\xampp\\htdocs\\law5_2factor\\vendor\\illuminate\\database\\Query\\Builder.php(2664): Illuminate\\Database\\Connection->update('update `trusted...', Array)
#4 D:\\xampp\\htdocs\\law5_2factor\\vendor\\illuminate\\database\\Eloquent\\Builder.php(818): Illuminate\\Database\\Query\\Builder->update(Array)
#5 D:\\xampp\\htdocs\\law5_2factor\\vendor\\illuminate\\database\\Eloquent\\Model.php(741): Illuminate\\Database\\Eloquent\\Builder->update(Array)
#6 D:\\xampp\\htdocs\\law5_2factor\\vendor\\illuminate\\database\\Eloquent\\Model.php(656): Illuminate\\Database\\Eloquent\\Model->performUpdate(Object(Illuminate\\Database\\Eloquent\\Builder))
#7 D:\\xampp\\htdocs\\law5_2factor\\vendor\\illuminate\\database\\Eloquent\\Builder.php(434): Illuminate\\Database\\Eloquent\\Model->save()
#8 D:\\xampp\\htdocs\\law5_2factor\\vendor\\illuminate\\support\\helpers.php(1123): Illuminate\\Database\\Eloquent\\Builder->Illuminate\\Database\\Eloquent\\{closure}(Object(App\\Model\\TrustedDevices))
#9 D:\\xampp\\htdocs\\law5_2factor\\vendor\\illuminate\\database\\Eloquent\\Builder.php(435): tap(Object(App\\Model\\TrustedDevices), Object(Closure))
#10 D:\\xampp\\htdocs\\law5_2factor\\vendor\\illuminate\\support\\Traits\\ForwardsCalls.php(23): Illuminate\\Database\\Eloquent\\Builder->updateOrCreate(Array, Array)
#11 D:\\xampp\\htdocs\\law5_2factor\\vendor\\illuminate\\database\\Eloquent\\Model.php(1614): Illuminate\\Database\\Eloquent\\Model->forwardCallTo(Object(Illuminate\\Database\\Eloquent\\Builder), 'updateOrCreate', Array)
#12 D:\\xampp\\htdocs\\law5_2factor\\vendor\\illuminate\\database\\Eloquent\\Model.php(1626): Illuminate\\Database\\Eloquent\\Model->__call('updateOrCreate', Array)
#13 D:\\xampp\\htdocs\\law5_2factor\\app\\Http\\Controllers\\UsersController.php(166): Illuminate\\Database\\Eloquent\\Model::__callStatic('updateOrCreate', Array)
#14 [internal function]: App\\Http\\Controllers\\UsersController->Step2Authentication(Object(Laravel\\Lumen\\Http\\Request))
#15 D:\\xampp\\htdocs\\law5_2factor\\vendor\\illuminate\\container\\BoundMethod.php(32): call_user_func_array(Array, Array)
#16 D:\\xampp\\htdocs\\law5_2factor\\vendor\\illuminate\\container\\BoundMethod.php(90): Illuminate\\Container\\BoundMethod::Illuminate\\Container\\{closure}()
#17 D:\\xampp\\htdocs\\law5_2factor\\vendor\\illuminate\\container\\BoundMethod.php(34): Illuminate\\Container\\BoundMethod::callBoundMethod(Object(Laravel\\Lumen\\Application), Array, Object(Closure))
#18 D:\\xampp\\htdocs\\law5_2factor\\vendor\\illuminate\\container\\Container.php(580): Illuminate\\Container\\BoundMethod::call(Object(Laravel\\Lumen\\Application), Array, Array, NULL)
#19 D:\\xampp\\htdocs\\law5_2factor\\vendor\\laravel\\lumen-framework\\src\\Concerns\\RoutesRequests.php(376): Illuminate\\Container\\Container->call(Array, Array)
#20 D:\\xampp\\htdocs\\law5_2factor\\vendor\\laravel\\lumen-framework\\src\\Concerns\\RoutesRequests.php(342): Laravel\\Lumen\\Application->callControllerCallable(Array, Array)
#21 D:\\xampp\\htdocs\\law5_2factor\\vendor\\laravel\\lumen-framework\\src\\Concerns\\RoutesRequests.php(316): Laravel\\Lumen\\Application->callLumenController(Object(App\\Http\\Controllers\\UsersController), 'Step2Authentica...', Array)
#22 D:\\xampp\\htdocs\\law5_2factor\\vendor\\laravel\\lumen-framework\\src\\Concerns\\RoutesRequests.php(278): Laravel\\Lumen\\Application->callControllerAction(Array)
#23 D:\\xampp\\htdocs\\law5_2factor\\vendor\\laravel\\lumen-framework\\src\\Concerns\\RoutesRequests.php(258): Laravel\\Lumen\\Application->callActionOnArrayBasedRoute(Array)
#24 [internal function]: Laravel\\Lumen\\Application->Laravel\\Lumen\\Concerns\\{closure}(Object(Laravel\\Lumen\\Http\\Request))
#25 D:\\xampp\\htdocs\\law5_2factor\\vendor\\laravel\\lumen-framework\\src\\Routing\\Pipeline.php(52): call_user_func(Object(Closure), Object(Laravel\\Lumen\\Http\\Request))
#26 D:\\xampp\\htdocs\\law5_2factor\\app\\Http\\Middleware\\authTokenOnly.php(30): Laravel\\Lumen\\Routing\\Pipeline->Laravel\\Lumen\\Routing\\{closure}(Object(Laravel\\Lumen\\Http\\Request))
#27 D:\\xampp\\htdocs\\law5_2factor\\vendor\\illuminate\\pipeline\\Pipeline.php(163): App\\Http\\Middleware\\authTokenOnly->handle(Object(Laravel\\Lumen\\Http\\Request), Object(Closure))
#28 [internal function]: Illuminate\\Pipeline\\Pipeline->Illuminate\\Pipeline\\{closure}(Object(Laravel\\Lumen\\Http\\Request))
#29 D:\\xampp\\htdocs\\law5_2factor\\vendor\\laravel\\lumen-framework\\src\\Routing\\Pipeline.php(32): call_user_func(Object(Closure), Object(Laravel\\Lumen\\Http\\Request))
#30 D:\\xampp\\htdocs\\law5_2factor\\vendor\\illuminate\\pipeline\\Pipeline.php(104): Laravel\\Lumen\\Routing\\Pipeline->Laravel\\Lumen\\Routing\\{closure}(Object(Laravel\\Lumen\\Http\\Request))
#31 D:\\xampp\\htdocs\\law5_2factor\\vendor\\laravel\\lumen-framework\\src\\Concerns\\RoutesRequests.php(413): Illuminate\\Pipeline\\Pipeline->then(Object(Closure))
#32 D:\\xampp\\htdocs\\law5_2factor\\vendor\\laravel\\lumen-framework\\src\\Concerns\\RoutesRequests.php(259): Laravel\\Lumen\\Application->sendThroughPipeline(Array, Object(Closure))
#33 D:\\xampp\\htdocs\\law5_2factor\\vendor\\laravel\\lumen-framework\\src\\Concerns\\RoutesRequests.php(165): Laravel\\Lumen\\Application->handleFoundRoute(Array)
#34 [internal function]: Laravel\\Lumen\\Application->Laravel\\Lumen\\Concerns\\{closure}(Object(Laravel\\Lumen\\Http\\Request))
#35 D:\\xampp\\htdocs\\law5_2factor\\vendor\\laravel\\lumen-framework\\src\\Routing\\Pipeline.php(52): call_user_func(Object(Closure), Object(Laravel\\Lumen\\Http\\Request))
#36 D:\\xampp\\htdocs\\law5_2factor\\app\\Http\\Middleware\\SetLocaleMiddleware.php(35): Laravel\\Lumen\\Routing\\Pipeline->Laravel\\Lumen\\Routing\\{closure}(Object(Laravel\\Lumen\\Http\\Request))
#37 D:\\xampp\\htdocs\\law5_2factor\\vendor\\illuminate\\pipeline\\Pipeline.php(163): App\\Http\\Middleware\\SetLocaleMiddleware->handle(Object(Laravel\\Lumen\\Http\\Request), Object(Closure))
#38 [internal function]: Illuminate\\Pipeline\\Pipeline->Illuminate\\Pipeline\\{closure}(Object(Laravel\\Lumen\\Http\\Request))
#39 D:\\xampp\\htdocs\\law5_2factor\\vendor\\laravel\\lumen-framework\\src\\Routing\\Pipeline.php(32): call_user_func(Object(Closure), Object(Laravel\\Lumen\\Http\\Request))
#40 D:\\xampp\\htdocs\\law5_2factor\\app\\Http\\Middleware\\CORSMiddleware.php(34): Laravel\\Lumen\\Routing\\Pipeline->Laravel\\Lumen\\Routing\\{closure}(Object(Laravel\\Lumen\\Http\\Request))
#41 D:\\xampp\\htdocs\\law5_2factor\\vendor\\illuminate\\pipeline\\Pipeline.php(163): App\\Http\\Middleware\\CORSMiddleware->handle(Object(Laravel\\Lumen\\Http\\Request), Object(Closure))
#42 [internal function]: Illuminate\\Pipeline\\Pipeline->Illuminate\\Pipeline\\{closure}(Object(Laravel\\Lumen\\Http\\Request))
#43 D:\\xampp\\htdocs\\law5_2factor\\vendor\\laravel\\lumen-framework\\src\\Routing\\Pipeline.php(32): call_user_func(Object(Closure), Object(Laravel\\Lumen\\Http\\Request))
#44 D:\\xampp\\htdocs\\law5_2factor\\app\\Http\\Middleware\\ValidateJsonFormatMiddleware.php(28): Laravel\\Lumen\\Routing\\Pipeline->Laravel\\Lumen\\Routing\\{closure}(Object(Laravel\\Lumen\\Http\\Request))
#45 D:\\xampp\\htdocs\\law5_2factor\\vendor\\illuminate\\pipeline\\Pipeline.php(163): App\\Http\\Middleware\\ValidateJsonFormatMiddleware->handle(Object(Laravel\\Lumen\\Http\\Request), Object(Closure))
#46 [internal function]: Illuminate\\Pipeline\\Pipeline->Illuminate\\Pipeline\\{closure}(Object(Laravel\\Lumen\\Http\\Request))
#47 D:\\xampp\\htdocs\\law5_2factor\\vendor\\laravel\\lumen-framework\\src\\Routing\\Pipeline.php(32): call_user_func(Object(Closure), Object(Laravel\\Lumen\\Http\\Request))
#48 D:\\xampp\\htdocs\\law5_2factor\\vendor\\illuminate\\pipeline\\Pipeline.php(104): Laravel\\Lumen\\Routing\\Pipeline->Laravel\\Lumen\\Routing\\{closure}(Object(Laravel\\Lumen\\Http\\Request))
#49 D:\\xampp\\htdocs\\law5_2factor\\vendor\\laravel\\lumen-framework\\src\\Concerns\\RoutesRequests.php(413): Illuminate\\Pipeline\\Pipeline->then(Object(Closure))
#50 D:\\xampp\\htdocs\\law5_2factor\\vendor\\laravel\\lumen-framework\\src\\Concerns\\RoutesRequests.php(171): Laravel\\Lumen\\Application->sendThroughPipeline(Array, Object(Closure))
#51 D:\\xampp\\htdocs\\law5_2factor\\vendor\\laravel\\lumen-framework\\src\\Concerns\\RoutesRequests.php(108): Laravel\\Lumen\\Application->dispatch(NULL)
#52 D:\\xampp\\htdocs\\law5_2factor\\index.php(28): Laravel\\Lumen\\Application->run()
#53 {main}
"} 
[2019-10-18 11:44:51] production.ERROR: PDOException: SQLSTATE[23000]: Integrity constraint violation: 1048 Column 'trustToken' cannot be null in D:\xampp\htdocs\law5_2factor\vendor\illuminate\database\Connection.php:483
Stack trace:
#0 D:\xampp\htdocs\law5_2factor\vendor\illuminate\database\Connection.php(483): PDOStatement->execute()
#1 D:\xampp\htdocs\law5_2factor\vendor\illuminate\database\Connection.php(657): Illuminate\Database\Connection->Illuminate\Database\{closure}('update `trusted...', Array)
#2 D:\xampp\htdocs\law5_2factor\vendor\illuminate\database\Connection.php(624): Illuminate\Database\Connection->runQueryCallback('update `trusted...', Array, Object(Closure))
#3 D:\xampp\htdocs\law5_2factor\vendor\illuminate\database\Connection.php(490): Illuminate\Database\Connection->run('update `trusted...', Array, Object(Closure))
#4 D:\xampp\htdocs\law5_2factor\vendor\illuminate\database\Connection.php(423): Illuminate\Database\Connection->affectingStatement('update `trusted...', Array)
#5 D:\xampp\htdocs\law5_2factor\vendor\illuminate\database\Query\Builder.php(2664): Illuminate\Database\Connection->update('update `trusted...', Array)
#6 D:\xampp\htdocs\law5_2factor\vendor\illuminate\database\Eloquent\Builder.php(818): Illuminate\Database\Query\Builder->update(Array)
#7 D:\xampp\htdocs\law5_2factor\vendor\illuminate\database\Eloquent\Model.php(741): Illuminate\Database\Eloquent\Builder->update(Array)
#8 D:\xampp\htdocs\law5_2factor\vendor\illuminate\database\Eloquent\Model.php(656): Illuminate\Database\Eloquent\Model->performUpdate(Object(Illuminate\Database\Eloquent\Builder))
#9 D:\xampp\htdocs\law5_2factor\vendor\illuminate\database\Eloquent\Builder.php(434): Illuminate\Database\Eloquent\Model->save()
#10 D:\xampp\htdocs\law5_2factor\vendor\illuminate\support\helpers.php(1123): Illuminate\Database\Eloquent\Builder->Illuminate\Database\Eloquent\{closure}(Object(App\Model\TrustedDevices))
#11 D:\xampp\htdocs\law5_2factor\vendor\illuminate\database\Eloquent\Builder.php(435): tap(Object(App\Model\TrustedDevices), Object(Closure))
#12 D:\xampp\htdocs\law5_2factor\vendor\illuminate\support\Traits\ForwardsCalls.php(23): Illuminate\Database\Eloquent\Builder->updateOrCreate(Array, Array)
#13 D:\xampp\htdocs\law5_2factor\vendor\illuminate\database\Eloquent\Model.php(1614): Illuminate\Database\Eloquent\Model->forwardCallTo(Object(Illuminate\Database\Eloquent\Builder), 'updateOrCreate', Array)
#14 D:\xampp\htdocs\law5_2factor\vendor\illuminate\database\Eloquent\Model.php(1626): Illuminate\Database\Eloquent\Model->__call('updateOrCreate', Array)
#15 D:\xampp\htdocs\law5_2factor\app\Http\Controllers\UsersController.php(165): Illuminate\Database\Eloquent\Model::__callStatic('updateOrCreate', Array)
#16 [internal function]: App\Http\Controllers\UsersController->Step2Authentication(Object(Laravel\Lumen\Http\Request))
#17 D:\xampp\htdocs\law5_2factor\vendor\illuminate\container\BoundMethod.php(32): call_user_func_array(Array, Array)
#18 D:\xampp\htdocs\law5_2factor\vendor\illuminate\container\BoundMethod.php(90): Illuminate\Container\BoundMethod::Illuminate\Container\{closure}()
#19 D:\xampp\htdocs\law5_2factor\vendor\illuminate\container\BoundMethod.php(34): Illuminate\Container\BoundMethod::callBoundMethod(Object(Laravel\Lumen\Application), Array, Object(Closure))
#20 D:\xampp\htdocs\law5_2factor\vendor\illuminate\container\Container.php(580): Illuminate\Container\BoundMethod::call(Object(Laravel\Lumen\Application), Array, Array, NULL)
#21 D:\xampp\htdocs\law5_2factor\vendor\laravel\lumen-framework\src\Concerns\RoutesRequests.php(376): Illuminate\Container\Container->call(Array, Array)
#22 D:\xampp\htdocs\law5_2factor\vendor\laravel\lumen-framework\src\Concerns\RoutesRequests.php(342): Laravel\Lumen\Application->callControllerCallable(Array, Array)
#23 D:\xampp\htdocs\law5_2factor\vendor\laravel\lumen-framework\src\Concerns\RoutesRequests.php(316): Laravel\Lumen\Application->callLumenController(Object(App\Http\Controllers\UsersController), 'Step2Authentica...', Array)
#24 D:\xampp\htdocs\law5_2factor\vendor\laravel\lumen-framework\src\Concerns\RoutesRequests.php(278): Laravel\Lumen\Application->callControllerAction(Array)
#25 D:\xampp\htdocs\law5_2factor\vendor\laravel\lumen-framework\src\Concerns\RoutesRequests.php(258): Laravel\Lumen\Application->callActionOnArrayBasedRoute(Array)
#26 [internal function]: Laravel\Lumen\Application->Laravel\Lumen\Concerns\{closure}(Object(Laravel\Lumen\Http\Request))
#27 D:\xampp\htdocs\law5_2factor\vendor\laravel\lumen-framework\src\Routing\Pipeline.php(52): call_user_func(Object(Closure), Object(Laravel\Lumen\Http\Request))
#28 D:\xampp\htdocs\law5_2factor\app\Http\Middleware\authTokenOnly.php(30): Laravel\Lumen\Routing\Pipeline->Laravel\Lumen\Routing\{closure}(Object(Laravel\Lumen\Http\Request))
#29 D:\xampp\htdocs\law5_2factor\vendor\illuminate\pipeline\Pipeline.php(163): App\Http\Middleware\authTokenOnly->handle(Object(Laravel\Lumen\Http\Request), Object(Closure))
#30 [internal function]: Illuminate\Pipeline\Pipeline->Illuminate\Pipeline\{closure}(Object(Laravel\Lumen\Http\Request))
#31 D:\xampp\htdocs\law5_2factor\vendor\laravel\lumen-framework\src\Routing\Pipeline.php(32): call_user_func(Object(Closure), Object(Laravel\Lumen\Http\Request))
#32 D:\xampp\htdocs\law5_2factor\vendor\illuminate\pipeline\Pipeline.php(104): Laravel\Lumen\Routing\Pipeline->Laravel\Lumen\Routing\{closure}(Object(Laravel\Lumen\Http\Request))
#33 D:\xampp\htdocs\law5_2factor\vendor\laravel\lumen-framework\src\Concerns\RoutesRequests.php(413): Illuminate\Pipeline\Pipeline->then(Object(Closure))
#34 D:\xampp\htdocs\law5_2factor\vendor\laravel\lumen-framework\src\Concerns\RoutesRequests.php(259): Laravel\Lumen\Application->sendThroughPipeline(Array, Object(Closure))
#35 D:\xampp\htdocs\law5_2factor\vendor\laravel\lumen-framework\src\Concerns\RoutesRequests.php(165): Laravel\Lumen\Application->handleFoundRoute(Array)
#36 [internal function]: Laravel\Lumen\Application->Laravel\Lumen\Concerns\{closure}(Object(Laravel\Lumen\Http\Request))
#37 D:\xampp\htdocs\law5_2factor\vendor\laravel\lumen-framework\src\Routing\Pipeline.php(52): call_user_func(Object(Closure), Object(Laravel\Lumen\Http\Request))
#38 D:\xampp\htdocs\law5_2factor\app\Http\Middleware\SetLocaleMiddleware.php(35): Laravel\Lumen\Routing\Pipeline->Laravel\Lumen\Routing\{closure}(Object(Laravel\Lumen\Http\Request))
#39 D:\xampp\htdocs\law5_2factor\vendor\illuminate\pipeline\Pipeline.php(163): App\Http\Middleware\SetLocaleMiddleware->handle(Object(Laravel\Lumen\Http\Request), Object(Closure))
#40 [internal function]: Illuminate\Pipeline\Pipeline->Illuminate\Pipeline\{closure}(Object(Laravel\Lumen\Http\Request))
#41 D:\xampp\htdocs\law5_2factor\vendor\laravel\lumen-framework\src\Routing\Pipeline.php(32): call_user_func(Object(Closure), Object(Laravel\Lumen\Http\Request))
#42 D:\xampp\htdocs\law5_2factor\app\Http\Middleware\CORSMiddleware.php(34): Laravel\Lumen\Routing\Pipeline->Laravel\Lumen\Routing\{closure}(Object(Laravel\Lumen\Http\Request))
#43 D:\xampp\htdocs\law5_2factor\vendor\illuminate\pipeline\Pipeline.php(163): App\Http\Middleware\CORSMiddleware->handle(Object(Laravel\Lumen\Http\Request), Object(Closure))
#44 [internal function]: Illuminate\Pipeline\Pipeline->Illuminate\Pipeline\{closure}(Object(Laravel\Lumen\Http\Request))
#45 D:\xampp\htdocs\law5_2factor\vendor\laravel\lumen-framework\src\Routing\Pipeline.php(32): call_user_func(Object(Closure), Object(Laravel\Lumen\Http\Request))
#46 D:\xampp\htdocs\law5_2factor\app\Http\Middleware\ValidateJsonFormatMiddleware.php(28): Laravel\Lumen\Routing\Pipeline->Laravel\Lumen\Routing\{closure}(Object(Laravel\Lumen\Http\Request))
#47 D:\xampp\htdocs\law5_2factor\vendor\illuminate\pipeline\Pipeline.php(163): App\Http\Middleware\ValidateJsonFormatMiddleware->handle(Object(Laravel\Lumen\Http\Request), Object(Closure))
#48 [internal function]: Illuminate\Pipeline\Pipeline->Illuminate\Pipeline\{closure}(Object(Laravel\Lumen\Http\Request))
#49 D:\xampp\htdocs\law5_2factor\vendor\laravel\lumen-framework\src\Routing\Pipeline.php(32): call_user_func(Object(Closure), Object(Laravel\Lumen\Http\Request))
#50 D:\xampp\htdocs\law5_2factor\vendor\illuminate\pipeline\Pipeline.php(104): Laravel\Lumen\Routing\Pipeline->Laravel\Lumen\Routing\{closure}(Object(Laravel\Lumen\Http\Request))
#51 D:\xampp\htdocs\law5_2factor\vendor\laravel\lumen-framework\src\Concerns\RoutesRequests.php(413): Illuminate\Pipeline\Pipeline->then(Object(Closure))
#52 D:\xampp\htdocs\law5_2factor\vendor\laravel\lumen-framework\src\Concerns\RoutesRequests.php(171): Laravel\Lumen\Application->sendThroughPipeline(Array, Object(Closure))
#53 D:\xampp\htdocs\law5_2factor\vendor\laravel\lumen-framework\src\Concerns\RoutesRequests.php(108): Laravel\Lumen\Application->dispatch(NULL)
#54 D:\xampp\htdocs\law5_2factor\index.php(28): Laravel\Lumen\Application->run()
#55 {main}

Next Illuminate\Database\QueryException: SQLSTATE[23000]: Integrity constraint violation: 1048 Column 'trustToken' cannot be null (SQL: update `trusted_devices` set `trustToken` = ?, `trusted_devices`.`updated_at` = 2019-10-18 11:44:51 where `id` = 1) in D:\xampp\htdocs\law5_2factor\vendor\illuminate\database\Connection.php:664
Stack trace:
#0 D:\xampp\htdocs\law5_2factor\vendor\illuminate\database\Connection.php(624): Illuminate\Database\Connection->runQueryCallback('update `trusted...', Array, Object(Closure))
#1 D:\xampp\htdocs\law5_2factor\vendor\illuminate\database\Connection.php(490): Illuminate\Database\Connection->run('update `trusted...', Array, Object(Closure))
#2 D:\xampp\htdocs\law5_2factor\vendor\illuminate\database\Connection.php(423): Illuminate\Database\Connection->affectingStatement('update `trusted...', Array)
#3 D:\xampp\htdocs\law5_2factor\vendor\illuminate\database\Query\Builder.php(2664): Illuminate\Database\Connection->update('update `trusted...', Array)
#4 D:\xampp\htdocs\law5_2factor\vendor\illuminate\database\Eloquent\Builder.php(818): Illuminate\Database\Query\Builder->update(Array)
#5 D:\xampp\htdocs\law5_2factor\vendor\illuminate\database\Eloquent\Model.php(741): Illuminate\Database\Eloquent\Builder->update(Array)
#6 D:\xampp\htdocs\law5_2factor\vendor\illuminate\database\Eloquent\Model.php(656): Illuminate\Database\Eloquent\Model->performUpdate(Object(Illuminate\Database\Eloquent\Builder))
#7 D:\xampp\htdocs\law5_2factor\vendor\illuminate\database\Eloquent\Builder.php(434): Illuminate\Database\Eloquent\Model->save()
#8 D:\xampp\htdocs\law5_2factor\vendor\illuminate\support\helpers.php(1123): Illuminate\Database\Eloquent\Builder->Illuminate\Database\Eloquent\{closure}(Object(App\Model\TrustedDevices))
#9 D:\xampp\htdocs\law5_2factor\vendor\illuminate\database\Eloquent\Builder.php(435): tap(Object(App\Model\TrustedDevices), Object(Closure))
#10 D:\xampp\htdocs\law5_2factor\vendor\illuminate\support\Traits\ForwardsCalls.php(23): Illuminate\Database\Eloquent\Builder->updateOrCreate(Array, Array)
#11 D:\xampp\htdocs\law5_2factor\vendor\illuminate\database\Eloquent\Model.php(1614): Illuminate\Database\Eloquent\Model->forwardCallTo(Object(Illuminate\Database\Eloquent\Builder), 'updateOrCreate', Array)
#12 D:\xampp\htdocs\law5_2factor\vendor\illuminate\database\Eloquent\Model.php(1626): Illuminate\Database\Eloquent\Model->__call('updateOrCreate', Array)
#13 D:\xampp\htdocs\law5_2factor\app\Http\Controllers\UsersController.php(165): Illuminate\Database\Eloquent\Model::__callStatic('updateOrCreate', Array)
#14 [internal function]: App\Http\Controllers\UsersController->Step2Authentication(Object(Laravel\Lumen\Http\Request))
#15 D:\xampp\htdocs\law5_2factor\vendor\illuminate\container\BoundMethod.php(32): call_user_func_array(Array, Array)
#16 D:\xampp\htdocs\law5_2factor\vendor\illuminate\container\BoundMethod.php(90): Illuminate\Container\BoundMethod::Illuminate\Container\{closure}()
#17 D:\xampp\htdocs\law5_2factor\vendor\illuminate\container\BoundMethod.php(34): Illuminate\Container\BoundMethod::callBoundMethod(Object(Laravel\Lumen\Application), Array, Object(Closure))
#18 D:\xampp\htdocs\law5_2factor\vendor\illuminate\container\Container.php(580): Illuminate\Container\BoundMethod::call(Object(Laravel\Lumen\Application), Array, Array, NULL)
#19 D:\xampp\htdocs\law5_2factor\vendor\laravel\lumen-framework\src\Concerns\RoutesRequests.php(376): Illuminate\Container\Container->call(Array, Array)
#20 D:\xampp\htdocs\law5_2factor\vendor\laravel\lumen-framework\src\Concerns\RoutesRequests.php(342): Laravel\Lumen\Application->callControllerCallable(Array, Array)
#21 D:\xampp\htdocs\law5_2factor\vendor\laravel\lumen-framework\src\Concerns\RoutesRequests.php(316): Laravel\Lumen\Application->callLumenController(Object(App\Http\Controllers\UsersController), 'Step2Authentica...', Array)
#22 D:\xampp\htdocs\law5_2factor\vendor\laravel\lumen-framework\src\Concerns\RoutesRequests.php(278): Laravel\Lumen\Application->callControllerAction(Array)
#23 D:\xampp\htdocs\law5_2factor\vendor\laravel\lumen-framework\src\Concerns\RoutesRequests.php(258): Laravel\Lumen\Application->callActionOnArrayBasedRoute(Array)
#24 [internal function]: Laravel\Lumen\Application->Laravel\Lumen\Concerns\{closure}(Object(Laravel\Lumen\Http\Request))
#25 D:\xampp\htdocs\law5_2factor\vendor\laravel\lumen-framework\src\Routing\Pipeline.php(52): call_user_func(Object(Closure), Object(Laravel\Lumen\Http\Request))
#26 D:\xampp\htdocs\law5_2factor\app\Http\Middleware\authTokenOnly.php(30): Laravel\Lumen\Routing\Pipeline->Laravel\Lumen\Routing\{closure}(Object(Laravel\Lumen\Http\Request))
#27 D:\xampp\htdocs\law5_2factor\vendor\illuminate\pipeline\Pipeline.php(163): App\Http\Middleware\authTokenOnly->handle(Object(Laravel\Lumen\Http\Request), Object(Closure))
#28 [internal function]: Illuminate\Pipeline\Pipeline->Illuminate\Pipeline\{closure}(Object(Laravel\Lumen\Http\Request))
#29 D:\xampp\htdocs\law5_2factor\vendor\laravel\lumen-framework\src\Routing\Pipeline.php(32): call_user_func(Object(Closure), Object(Laravel\Lumen\Http\Request))
#30 D:\xampp\htdocs\law5_2factor\vendor\illuminate\pipeline\Pipeline.php(104): Laravel\Lumen\Routing\Pipeline->Laravel\Lumen\Routing\{closure}(Object(Laravel\Lumen\Http\Request))
#31 D:\xampp\htdocs\law5_2factor\vendor\laravel\lumen-framework\src\Concerns\RoutesRequests.php(413): Illuminate\Pipeline\Pipeline->then(Object(Closure))
#32 D:\xampp\htdocs\law5_2factor\vendor\laravel\lumen-framework\src\Concerns\RoutesRequests.php(259): Laravel\Lumen\Application->sendThroughPipeline(Array, Object(Closure))
#33 D:\xampp\htdocs\law5_2factor\vendor\laravel\lumen-framework\src\Concerns\RoutesRequests.php(165): Laravel\Lumen\Application->handleFoundRoute(Array)
#34 [internal function]: Laravel\Lumen\Application->Laravel\Lumen\Concerns\{closure}(Object(Laravel\Lumen\Http\Request))
#35 D:\xampp\htdocs\law5_2factor\vendor\laravel\lumen-framework\src\Routing\Pipeline.php(52): call_user_func(Object(Closure), Object(Laravel\Lumen\Http\Request))
#36 D:\xampp\htdocs\law5_2factor\app\Http\Middleware\SetLocaleMiddleware.php(35): Laravel\Lumen\Routing\Pipeline->Laravel\Lumen\Routing\{closure}(Object(Laravel\Lumen\Http\Request))
#37 D:\xampp\htdocs\law5_2factor\vendor\illuminate\pipeline\Pipeline.php(163): App\Http\Middleware\SetLocaleMiddleware->handle(Object(Laravel\Lumen\Http\Request), Object(Closure))
#38 [internal function]: Illuminate\Pipeline\Pipeline->Illuminate\Pipeline\{closure}(Object(Laravel\Lumen\Http\Request))
#39 D:\xampp\htdocs\law5_2factor\vendor\laravel\lumen-framework\src\Routing\Pipeline.php(32): call_user_func(Object(Closure), Object(Laravel\Lumen\Http\Request))
#40 D:\xampp\htdocs\law5_2factor\app\Http\Middleware\CORSMiddleware.php(34): Laravel\Lumen\Routing\Pipeline->Laravel\Lumen\Routing\{closure}(Object(Laravel\Lumen\Http\Request))
#41 D:\xampp\htdocs\law5_2factor\vendor\illuminate\pipeline\Pipeline.php(163): App\Http\Middleware\CORSMiddleware->handle(Object(Laravel\Lumen\Http\Request), Object(Closure))
#42 [internal function]: Illuminate\Pipeline\Pipeline->Illuminate\Pipeline\{closure}(Object(Laravel\Lumen\Http\Request))
#43 D:\xampp\htdocs\law5_2factor\vendor\laravel\lumen-framework\src\Routing\Pipeline.php(32): call_user_func(Object(Closure), Object(Laravel\Lumen\Http\Request))
#44 D:\xampp\htdocs\law5_2factor\app\Http\Middleware\ValidateJsonFormatMiddleware.php(28): Laravel\Lumen\Routing\Pipeline->Laravel\Lumen\Routing\{closure}(Object(Laravel\Lumen\Http\Request))
#45 D:\xampp\htdocs\law5_2factor\vendor\illuminate\pipeline\Pipeline.php(163): App\Http\Middleware\ValidateJsonFormatMiddleware->handle(Object(Laravel\Lumen\Http\Request), Object(Closure))
#46 [internal function]: Illuminate\Pipeline\Pipeline->Illuminate\Pipeline\{closure}(Object(Laravel\Lumen\Http\Request))
#47 D:\xampp\htdocs\law5_2factor\vendor\laravel\lumen-framework\src\Routing\Pipeline.php(32): call_user_func(Object(Closure), Object(Laravel\Lumen\Http\Request))
#48 D:\xampp\htdocs\law5_2factor\vendor\illuminate\pipeline\Pipeline.php(104): Laravel\Lumen\Routing\Pipeline->Laravel\Lumen\Routing\{closure}(Object(Laravel\Lumen\Http\Request))
#49 D:\xampp\htdocs\law5_2factor\vendor\laravel\lumen-framework\src\Concerns\RoutesRequests.php(413): Illuminate\Pipeline\Pipeline->then(Object(Closure))
#50 D:\xampp\htdocs\law5_2factor\vendor\laravel\lumen-framework\src\Concerns\RoutesRequests.php(171): Laravel\Lumen\Application->sendThroughPipeline(Array, Object(Closure))
#51 D:\xampp\htdocs\law5_2factor\vendor\laravel\lumen-framework\src\Concerns\RoutesRequests.php(108): Laravel\Lumen\Application->dispatch(NULL)
#52 D:\xampp\htdocs\law5_2factor\index.php(28): Laravel\Lumen\Application->run()
#53 {main} {"exception":"[object] (Illuminate\\Database\\QueryException(code: 23000): SQLSTATE[23000]: Integrity constraint violation: 1048 Column 'trustToken' cannot be null (SQL: update `trusted_devices` set `trustToken` = ?, `trusted_devices`.`updated_at` = 2019-10-18 11:44:51 where `id` = 1) at D:\\xampp\\htdocs\\law5_2factor\\vendor\\illuminate\\database\\Connection.php:664, PDOException(code: 23000): SQLSTATE[23000]: Integrity constraint violation: 1048 Column 'trustToken' cannot be null at D:\\xampp\\htdocs\\law5_2factor\\vendor\\illuminate\\database\\Connection.php:483)
[stacktrace]
#0 D:\\xampp\\htdocs\\law5_2factor\\vendor\\illuminate\\database\\Connection.php(624): Illuminate\\Database\\Connection->runQueryCallback('update `trusted...', Array, Object(Closure))
#1 D:\\xampp\\htdocs\\law5_2factor\\vendor\\illuminate\\database\\Connection.php(490): Illuminate\\Database\\Connection->run('update `trusted...', Array, Object(Closure))
#2 D:\\xampp\\htdocs\\law5_2factor\\vendor\\illuminate\\database\\Connection.php(423): Illuminate\\Database\\Connection->affectingStatement('update `trusted...', Array)
#3 D:\\xampp\\htdocs\\law5_2factor\\vendor\\illuminate\\database\\Query\\Builder.php(2664): Illuminate\\Database\\Connection->update('update `trusted...', Array)
#4 D:\\xampp\\htdocs\\law5_2factor\\vendor\\illuminate\\database\\Eloquent\\Builder.php(818): Illuminate\\Database\\Query\\Builder->update(Array)
#5 D:\\xampp\\htdocs\\law5_2factor\\vendor\\illuminate\\database\\Eloquent\\Model.php(741): Illuminate\\Database\\Eloquent\\Builder->update(Array)
#6 D:\\xampp\\htdocs\\law5_2factor\\vendor\\illuminate\\database\\Eloquent\\Model.php(656): Illuminate\\Database\\Eloquent\\Model->performUpdate(Object(Illuminate\\Database\\Eloquent\\Builder))
#7 D:\\xampp\\htdocs\\law5_2factor\\vendor\\illuminate\\database\\Eloquent\\Builder.php(434): Illuminate\\Database\\Eloquent\\Model->save()
#8 D:\\xampp\\htdocs\\law5_2factor\\vendor\\illuminate\\support\\helpers.php(1123): Illuminate\\Database\\Eloquent\\Builder->Illuminate\\Database\\Eloquent\\{closure}(Object(App\\Model\\TrustedDevices))
#9 D:\\xampp\\htdocs\\law5_2factor\\vendor\\illuminate\\database\\Eloquent\\Builder.php(435): tap(Object(App\\Model\\TrustedDevices), Object(Closure))
#10 D:\\xampp\\htdocs\\law5_2factor\\vendor\\illuminate\\support\\Traits\\ForwardsCalls.php(23): Illuminate\\Database\\Eloquent\\Builder->updateOrCreate(Array, Array)
#11 D:\\xampp\\htdocs\\law5_2factor\\vendor\\illuminate\\database\\Eloquent\\Model.php(1614): Illuminate\\Database\\Eloquent\\Model->forwardCallTo(Object(Illuminate\\Database\\Eloquent\\Builder), 'updateOrCreate', Array)
#12 D:\\xampp\\htdocs\\law5_2factor\\vendor\\illuminate\\database\\Eloquent\\Model.php(1626): Illuminate\\Database\\Eloquent\\Model->__call('updateOrCreate', Array)
#13 D:\\xampp\\htdocs\\law5_2factor\\app\\Http\\Controllers\\UsersController.php(165): Illuminate\\Database\\Eloquent\\Model::__callStatic('updateOrCreate', Array)
#14 [internal function]: App\\Http\\Controllers\\UsersController->Step2Authentication(Object(Laravel\\Lumen\\Http\\Request))
#15 D:\\xampp\\htdocs\\law5_2factor\\vendor\\illuminate\\container\\BoundMethod.php(32): call_user_func_array(Array, Array)
#16 D:\\xampp\\htdocs\\law5_2factor\\vendor\\illuminate\\container\\BoundMethod.php(90): Illuminate\\Container\\BoundMethod::Illuminate\\Container\\{closure}()
#17 D:\\xampp\\htdocs\\law5_2factor\\vendor\\illuminate\\container\\BoundMethod.php(34): Illuminate\\Container\\BoundMethod::callBoundMethod(Object(Laravel\\Lumen\\Application), Array, Object(Closure))
#18 D:\\xampp\\htdocs\\law5_2factor\\vendor\\illuminate\\container\\Container.php(580): Illuminate\\Container\\BoundMethod::call(Object(Laravel\\Lumen\\Application), Array, Array, NULL)
#19 D:\\xampp\\htdocs\\law5_2factor\\vendor\\laravel\\lumen-framework\\src\\Concerns\\RoutesRequests.php(376): Illuminate\\Container\\Container->call(Array, Array)
#20 D:\\xampp\\htdocs\\law5_2factor\\vendor\\laravel\\lumen-framework\\src\\Concerns\\RoutesRequests.php(342): Laravel\\Lumen\\Application->callControllerCallable(Array, Array)
#21 D:\\xampp\\htdocs\\law5_2factor\\vendor\\laravel\\lumen-framework\\src\\Concerns\\RoutesRequests.php(316): Laravel\\Lumen\\Application->callLumenController(Object(App\\Http\\Controllers\\UsersController), 'Step2Authentica...', Array)
#22 D:\\xampp\\htdocs\\law5_2factor\\vendor\\laravel\\lumen-framework\\src\\Concerns\\RoutesRequests.php(278): Laravel\\Lumen\\Application->callControllerAction(Array)
#23 D:\\xampp\\htdocs\\law5_2factor\\vendor\\laravel\\lumen-framework\\src\\Concerns\\RoutesRequests.php(258): Laravel\\Lumen\\Application->callActionOnArrayBasedRoute(Array)
#24 [internal function]: Laravel\\Lumen\\Application->Laravel\\Lumen\\Concerns\\{closure}(Object(Laravel\\Lumen\\Http\\Request))
#25 D:\\xampp\\htdocs\\law5_2factor\\vendor\\laravel\\lumen-framework\\src\\Routing\\Pipeline.php(52): call_user_func(Object(Closure), Object(Laravel\\Lumen\\Http\\Request))
#26 D:\\xampp\\htdocs\\law5_2factor\\app\\Http\\Middleware\\authTokenOnly.php(30): Laravel\\Lumen\\Routing\\Pipeline->Laravel\\Lumen\\Routing\\{closure}(Object(Laravel\\Lumen\\Http\\Request))
#27 D:\\xampp\\htdocs\\law5_2factor\\vendor\\illuminate\\pipeline\\Pipeline.php(163): App\\Http\\Middleware\\authTokenOnly->handle(Object(Laravel\\Lumen\\Http\\Request), Object(Closure))
#28 [internal function]: Illuminate\\Pipeline\\Pipeline->Illuminate\\Pipeline\\{closure}(Object(Laravel\\Lumen\\Http\\Request))
#29 D:\\xampp\\htdocs\\law5_2factor\\vendor\\laravel\\lumen-framework\\src\\Routing\\Pipeline.php(32): call_user_func(Object(Closure), Object(Laravel\\Lumen\\Http\\Request))
#30 D:\\xampp\\htdocs\\law5_2factor\\vendor\\illuminate\\pipeline\\Pipeline.php(104): Laravel\\Lumen\\Routing\\Pipeline->Laravel\\Lumen\\Routing\\{closure}(Object(Laravel\\Lumen\\Http\\Request))
#31 D:\\xampp\\htdocs\\law5_2factor\\vendor\\laravel\\lumen-framework\\src\\Concerns\\RoutesRequests.php(413): Illuminate\\Pipeline\\Pipeline->then(Object(Closure))
#32 D:\\xampp\\htdocs\\law5_2factor\\vendor\\laravel\\lumen-framework\\src\\Concerns\\RoutesRequests.php(259): Laravel\\Lumen\\Application->sendThroughPipeline(Array, Object(Closure))
#33 D:\\xampp\\htdocs\\law5_2factor\\vendor\\laravel\\lumen-framework\\src\\Concerns\\RoutesRequests.php(165): Laravel\\Lumen\\Application->handleFoundRoute(Array)
#34 [internal function]: Laravel\\Lumen\\Application->Laravel\\Lumen\\Concerns\\{closure}(Object(Laravel\\Lumen\\Http\\Request))
#35 D:\\xampp\\htdocs\\law5_2factor\\vendor\\laravel\\lumen-framework\\src\\Routing\\Pipeline.php(52): call_user_func(Object(Closure), Object(Laravel\\Lumen\\Http\\Request))
#36 D:\\xampp\\htdocs\\law5_2factor\\app\\Http\\Middleware\\SetLocaleMiddleware.php(35): Laravel\\Lumen\\Routing\\Pipeline->Laravel\\Lumen\\Routing\\{closure}(Object(Laravel\\Lumen\\Http\\Request))
#37 D:\\xampp\\htdocs\\law5_2factor\\vendor\\illuminate\\pipeline\\Pipeline.php(163): App\\Http\\Middleware\\SetLocaleMiddleware->handle(Object(Laravel\\Lumen\\Http\\Request), Object(Closure))
#38 [internal function]: Illuminate\\Pipeline\\Pipeline->Illuminate\\Pipeline\\{closure}(Object(Laravel\\Lumen\\Http\\Request))
#39 D:\\xampp\\htdocs\\law5_2factor\\vendor\\laravel\\lumen-framework\\src\\Routing\\Pipeline.php(32): call_user_func(Object(Closure), Object(Laravel\\Lumen\\Http\\Request))
#40 D:\\xampp\\htdocs\\law5_2factor\\app\\Http\\Middleware\\CORSMiddleware.php(34): Laravel\\Lumen\\Routing\\Pipeline->Laravel\\Lumen\\Routing\\{closure}(Object(Laravel\\Lumen\\Http\\Request))
#41 D:\\xampp\\htdocs\\law5_2factor\\vendor\\illuminate\\pipeline\\Pipeline.php(163): App\\Http\\Middleware\\CORSMiddleware->handle(Object(Laravel\\Lumen\\Http\\Request), Object(Closure))
#42 [internal function]: Illuminate\\Pipeline\\Pipeline->Illuminate\\Pipeline\\{closure}(Object(Laravel\\Lumen\\Http\\Request))
#43 D:\\xampp\\htdocs\\law5_2factor\\vendor\\laravel\\lumen-framework\\src\\Routing\\Pipeline.php(32): call_user_func(Object(Closure), Object(Laravel\\Lumen\\Http\\Request))
#44 D:\\xampp\\htdocs\\law5_2factor\\app\\Http\\Middleware\\ValidateJsonFormatMiddleware.php(28): Laravel\\Lumen\\Routing\\Pipeline->Laravel\\Lumen\\Routing\\{closure}(Object(Laravel\\Lumen\\Http\\Request))
#45 D:\\xampp\\htdocs\\law5_2factor\\vendor\\illuminate\\pipeline\\Pipeline.php(163): App\\Http\\Middleware\\ValidateJsonFormatMiddleware->handle(Object(Laravel\\Lumen\\Http\\Request), Object(Closure))
#46 [internal function]: Illuminate\\Pipeline\\Pipeline->Illuminate\\Pipeline\\{closure}(Object(Laravel\\Lumen\\Http\\Request))
#47 D:\\xampp\\htdocs\\law5_2factor\\vendor\\laravel\\lumen-framework\\src\\Routing\\Pipeline.php(32): call_user_func(Object(Closure), Object(Laravel\\Lumen\\Http\\Request))
#48 D:\\xampp\\htdocs\\law5_2factor\\vendor\\illuminate\\pipeline\\Pipeline.php(104): Laravel\\Lumen\\Routing\\Pipeline->Laravel\\Lumen\\Routing\\{closure}(Object(Laravel\\Lumen\\Http\\Request))
#49 D:\\xampp\\htdocs\\law5_2factor\\vendor\\laravel\\lumen-framework\\src\\Concerns\\RoutesRequests.php(413): Illuminate\\Pipeline\\Pipeline->then(Object(Closure))
#50 D:\\xampp\\htdocs\\law5_2factor\\vendor\\laravel\\lumen-framework\\src\\Concerns\\RoutesRequests.php(171): Laravel\\Lumen\\Application->sendThroughPipeline(Array, Object(Closure))
#51 D:\\xampp\\htdocs\\law5_2factor\\vendor\\laravel\\lumen-framework\\src\\Concerns\\RoutesRequests.php(108): Laravel\\Lumen\\Application->dispatch(NULL)
#52 D:\\xampp\\htdocs\\law5_2factor\\index.php(28): Laravel\\Lumen\\Application->run()
#53 {main}
"} 
